#
# There is insufficient memory for the Java Runtime Environment to continue.
# Native memory allocation (malloc) failed to allocate 32744 bytes for ChunkPool::allocate
# Possible reasons:
#   The system is out of physical RAM or swap space
#   The process is running with CompressedOops enabled, and the Java Heap may be blocking the growth of the native heap
# Possible solutions:
#   Reduce memory load on the system
#   Increase physical memory or swap space
#   Check if swap backing store is full
#   Decrease Java heap size (-Xmx/-Xms)
#   Decrease number of Java threads
#   Decrease Java thread stack sizes (-Xss)
#   Set larger code cache with -XX:ReservedCodeCacheSize=
#   JVM is running with Zero Based Compressed Oops mode in which the Java heap is
#     placed in the first 32GB address space. The Java Heap base address is the
#     maximum limit for the native heap growth. Please use -XX:HeapBaseMinAddress
#     to set the Java Heap base and to place the Java Heap above 32GB virtual address.
# This output file may be truncated or incomplete.
#
#  Out of Memory Error (arena.cpp:78), pid=19180, tid=11740
#
# JRE version: Java(TM) SE Runtime Environment (17.0.12+8) (build 17.0.12+8-LTS-286)
# Java VM: Java HotSpot(TM) 64-Bit Server VM (17.0.12+8-LTS-286, mixed mode, sharing, tiered, compressed oops, compressed class ptrs, g1 gc, windows-amd64)
# No core dump will be written. Minidumps are not enabled by default on client versions of Windows
#

---------------  S U M M A R Y ------------

Command Line: -XX:+ShowCodeDetailsInExceptionMessages com.ProjectMovie.MovieBackendSpringBootApplication

Host: AMD Ryzen 7 5800H with Radeon Graphics         , 16 cores, 15G,  Windows 10 , 64 bit Build 19041 (10.0.19041.5678)
Time: Sat Apr 19 13:54:21 2025 SE Asia Standard Time elapsed time: 0.102151 seconds (0d 0h 0m 0s)

---------------  T H R E A D  ---------------

Current thread (0x0000021dda2b80a0):  JavaThread "C1 CompilerThread1" daemon [_thread_in_native, id=11740, stack(0x0000006c13b00000,0x0000006c13c00000)]


Current CompileTask:
C1:    102  144   !   3       java.lang.String::<init> (842 bytes)

Stack: [0x0000006c13b00000,0x0000006c13c00000]
Native frames: (J=compiled Java code, j=interpreted, Vv=VM code, C=native code)
V  [jvm.dll+0x67a04a]
V  [jvm.dll+0x7da4ed]
V  [jvm.dll+0x7dbe33]
V  [jvm.dll+0x7dc4a3]
V  [jvm.dll+0x24508f]
V  [jvm.dll+0xab9a4]
V  [jvm.dll+0xabd3c]
V  [jvm.dll+0x15ed70]
V  [jvm.dll+0x16c2ff]
V  [jvm.dll+0x170a41]
V  [jvm.dll+0x15e16e]
V  [jvm.dll+0x14c490]
V  [jvm.dll+0x1355a7]
V  [jvm.dll+0x134eff]
V  [jvm.dll+0x135148]
V  [jvm.dll+0x1345d1]
V  [jvm.dll+0x1362bd]
V  [jvm.dll+0x22610b]
V  [jvm.dll+0x2242ab]
V  [jvm.dll+0x79075c]
V  [jvm.dll+0x78abea]
V  [jvm.dll+0x678f35]
C  [ucrtbase.dll+0x21bb2]
C  [KERNEL32.DLL+0x17374]
C  [ntdll.dll+0x4cc91]


---------------  P R O C E S S  ---------------

Threads class SMR info:
_java_thread_list=0x0000021dda2e6740, length=16, elements={
0x0000021db4d89860, 0x0000021dda05d990, 0x0000021dda05e520, 0x0000021dda076d90,
0x0000021dda078670, 0x0000021dda078f40, 0x0000021dda079810, 0x0000021dda07a4c0,
0x0000021dda07e380, 0x0000021dda192870, 0x0000021dda2b80a0, 0x0000021dda2ba5d0,
0x0000021dda2e3130, 0x0000021dda2f79f0, 0x0000021e20fd8d60, 0x0000021e20fd9280
}

Java Threads: ( => current thread )
  0x0000021db4d89860 JavaThread "main" [_thread_in_Java, id=19132, stack(0x0000006c12b00000,0x0000006c12c00000)]
  0x0000021dda05d990 JavaThread "Reference Handler" daemon [_thread_blocked, id=13368, stack(0x0000006c13200000,0x0000006c13300000)]
  0x0000021dda05e520 JavaThread "Finalizer" daemon [_thread_blocked, id=9248, stack(0x0000006c13300000,0x0000006c13400000)]
  0x0000021dda076d90 JavaThread "Signal Dispatcher" daemon [_thread_blocked, id=19080, stack(0x0000006c13400000,0x0000006c13500000)]
  0x0000021dda078670 JavaThread "Attach Listener" daemon [_thread_blocked, id=19192, stack(0x0000006c13500000,0x0000006c13600000)]
  0x0000021dda078f40 JavaThread "Service Thread" daemon [_thread_blocked, id=18504, stack(0x0000006c13600000,0x0000006c13700000)]
  0x0000021dda079810 JavaThread "Monitor Deflation Thread" daemon [_thread_blocked, id=18944, stack(0x0000006c13700000,0x0000006c13800000)]
  0x0000021dda07a4c0 JavaThread "C2 CompilerThread0" daemon [_thread_in_native, id=18604, stack(0x0000006c13800000,0x0000006c13900000)]
  0x0000021dda07e380 JavaThread "C1 CompilerThread0" daemon [_thread_blocked, id=19196, stack(0x0000006c13900000,0x0000006c13a00000)]
  0x0000021dda192870 JavaThread "Sweeper thread" daemon [_thread_blocked, id=19228, stack(0x0000006c13a00000,0x0000006c13b00000)]
=>0x0000021dda2b80a0 JavaThread "C1 CompilerThread1" daemon [_thread_in_native, id=11740, stack(0x0000006c13b00000,0x0000006c13c00000)]
  0x0000021dda2ba5d0 JavaThread "C1 CompilerThread2" daemon [_thread_blocked, id=19232, stack(0x0000006c13c00000,0x0000006c13d00000)]
  0x0000021dda2e3130 JavaThread "Notification Thread" daemon [_thread_blocked, id=19240, stack(0x0000006c13d00000,0x0000006c13e00000)]
  0x0000021dda2f79f0 JavaThread "Common-Cleaner" daemon [_thread_blocked, id=19268, stack(0x0000006c13f00000,0x0000006c14000000)]
  0x0000021e20fd8d60 JavaThread "C2 CompilerThread1" daemon [_thread_in_native, id=19348, stack(0x0000006c14000000,0x0000006c14100000)]
  0x0000021e20fd9280 JavaThread "C2 CompilerThread2" daemon [_thread_in_native, id=19344, stack(0x0000006c14100000,0x0000006c14200000)]

Other Threads:
  0x0000021dda058f70 VMThread "VM Thread" [stack: 0x0000006c13100000,0x0000006c13200000] [id=19092]
  0x0000021dda2ea200 WatcherThread [stack: 0x0000006c13e00000,0x0000006c13f00000] [id=19244]
  0x0000021db4dfc150 GCTaskThread "GC Thread#0" [stack: 0x0000006c12c00000,0x0000006c12d00000] [id=19112]
  0x0000021db4e0e5a0 ConcurrentGCThread "G1 Main Marker" [stack: 0x0000006c12d00000,0x0000006c12e00000] [id=19088]
  0x0000021db4e11de0 ConcurrentGCThread "G1 Conc#0" [stack: 0x0000006c12e00000,0x0000006c12f00000] [id=19116]
  0x0000021db4e4e1d0 ConcurrentGCThread "G1 Refine#0" [stack: 0x0000006c12f00000,0x0000006c13000000] [id=19084]
  0x0000021db4e4ea10 ConcurrentGCThread "G1 Service" [stack: 0x0000006c13000000,0x0000006c13100000] [id=19120]

Threads with active compile tasks:
C2 CompilerThread0      116  136 %     4       java.lang.StringLatin1::indexOfChar @ 7 (33 bytes)
C1 CompilerThread1      116  144   !   3       java.lang.String::<init> (842 bytes)
C2 CompilerThread1      116  164       4       java.io.WinNTFileSystem::isSlash (18 bytes)
C2 CompilerThread2      116  155   !   4       java.util.zip.ZipFile$Source::checkAndAddEntry (262 bytes)

VM state: not at safepoint (normal execution)

VM Mutex/Monitor currently owned by a thread: None

Heap address: 0x000000070a200000, size: 3934 MB, Compressed Oops mode: Zero based, Oop shift amount: 3

CDS archive(s) mapped at: [0x0000021ddb000000-0x0000021ddbbd0000-0x0000021ddbbd0000), size 12386304, SharedBaseAddress: 0x0000021ddb000000, ArchiveRelocationMode: 1.
Compressed class space mapped at: 0x0000021ddc000000-0x0000021e1c000000, reserved size: 1073741824
Narrow klass base: 0x0000021ddb000000, Narrow klass shift: 0, Narrow klass range: 0x100000000

GC Precious Log:
 CPUs: 16 total, 16 available
 Memory: 15734M
 Large Page Support: Disabled
 NUMA Support: Disabled
 Compressed Oops: Enabled (Zero based)
 Heap Region Size: 2M
 Heap Min Capacity: 8M
 Heap Initial Capacity: 246M
 Heap Max Capacity: 3934M
 Pre-touch: Disabled
 Parallel Workers: 13
 Concurrent Workers: 3
 Concurrent Refinement Workers: 13
 Periodic GC: Disabled

Heap:
 garbage-first heap   total 251904K, used 2048K [0x000000070a200000, 0x0000000800000000)
  region size 2048K, 3 young (6144K), 0 survivors (0K)
 Metaspace       used 304K, committed 512K, reserved 1114112K
  class space    used 14K, committed 128K, reserved 1048576K

Heap Regions: E=young(eden), S=young(survivor), O=old, HS=humongous(starts), HC=humongous(continues), CS=collection set, F=free, OA=open archive, CA=closed archive, TAMS=top-at-mark-start (previous, next)
|   0|0x000000070a200000, 0x000000070a200000, 0x000000070a400000|  0%| F|  |TAMS 0x000000070a200000, 0x000000070a200000| Untracked 
|   1|0x000000070a400000, 0x000000070a400000, 0x000000070a600000|  0%| F|  |TAMS 0x000000070a400000, 0x000000070a400000| Untracked 
|   2|0x000000070a600000, 0x000000070a600000, 0x000000070a800000|  0%| F|  |TAMS 0x000000070a600000, 0x000000070a600000| Untracked 
|   3|0x000000070a800000, 0x000000070a800000, 0x000000070aa00000|  0%| F|  |TAMS 0x000000070a800000, 0x000000070a800000| Untracked 
|   4|0x000000070aa00000, 0x000000070aa00000, 0x000000070ac00000|  0%| F|  |TAMS 0x000000070aa00000, 0x000000070aa00000| Untracked 
|   5|0x000000070ac00000, 0x000000070ac00000, 0x000000070ae00000|  0%| F|  |TAMS 0x000000070ac00000, 0x000000070ac00000| Untracked 
|   6|0x000000070ae00000, 0x000000070ae00000, 0x000000070b000000|  0%| F|  |TAMS 0x000000070ae00000, 0x000000070ae00000| Untracked 
|   7|0x000000070b000000, 0x000000070b000000, 0x000000070b200000|  0%| F|  |TAMS 0x000000070b000000, 0x000000070b000000| Untracked 
|   8|0x000000070b200000, 0x000000070b200000, 0x000000070b400000|  0%| F|  |TAMS 0x000000070b200000, 0x000000070b200000| Untracked 
|   9|0x000000070b400000, 0x000000070b400000, 0x000000070b600000|  0%| F|  |TAMS 0x000000070b400000, 0x000000070b400000| Untracked 
|  10|0x000000070b600000, 0x000000070b600000, 0x000000070b800000|  0%| F|  |TAMS 0x000000070b600000, 0x000000070b600000| Untracked 
|  11|0x000000070b800000, 0x000000070b800000, 0x000000070ba00000|  0%| F|  |TAMS 0x000000070b800000, 0x000000070b800000| Untracked 
|  12|0x000000070ba00000, 0x000000070ba00000, 0x000000070bc00000|  0%| F|  |TAMS 0x000000070ba00000, 0x000000070ba00000| Untracked 
|  13|0x000000070bc00000, 0x000000070bc00000, 0x000000070be00000|  0%| F|  |TAMS 0x000000070bc00000, 0x000000070bc00000| Untracked 
|  14|0x000000070be00000, 0x000000070be00000, 0x000000070c000000|  0%| F|  |TAMS 0x000000070be00000, 0x000000070be00000| Untracked 
|  15|0x000000070c000000, 0x000000070c000000, 0x000000070c200000|  0%| F|  |TAMS 0x000000070c000000, 0x000000070c000000| Untracked 
|  16|0x000000070c200000, 0x000000070c200000, 0x000000070c400000|  0%| F|  |TAMS 0x000000070c200000, 0x000000070c200000| Untracked 
|  17|0x000000070c400000, 0x000000070c400000, 0x000000070c600000|  0%| F|  |TAMS 0x000000070c400000, 0x000000070c400000| Untracked 
|  18|0x000000070c600000, 0x000000070c600000, 0x000000070c800000|  0%| F|  |TAMS 0x000000070c600000, 0x000000070c600000| Untracked 
|  19|0x000000070c800000, 0x000000070c800000, 0x000000070ca00000|  0%| F|  |TAMS 0x000000070c800000, 0x000000070c800000| Untracked 
|  20|0x000000070ca00000, 0x000000070ca00000, 0x000000070cc00000|  0%| F|  |TAMS 0x000000070ca00000, 0x000000070ca00000| Untracked 
|  21|0x000000070cc00000, 0x000000070cc00000, 0x000000070ce00000|  0%| F|  |TAMS 0x000000070cc00000, 0x000000070cc00000| Untracked 
|  22|0x000000070ce00000, 0x000000070ce00000, 0x000000070d000000|  0%| F|  |TAMS 0x000000070ce00000, 0x000000070ce00000| Untracked 
|  23|0x000000070d000000, 0x000000070d000000, 0x000000070d200000|  0%| F|  |TAMS 0x000000070d000000, 0x000000070d000000| Untracked 
|  24|0x000000070d200000, 0x000000070d200000, 0x000000070d400000|  0%| F|  |TAMS 0x000000070d200000, 0x000000070d200000| Untracked 
|  25|0x000000070d400000, 0x000000070d400000, 0x000000070d600000|  0%| F|  |TAMS 0x000000070d400000, 0x000000070d400000| Untracked 
|  26|0x000000070d600000, 0x000000070d600000, 0x000000070d800000|  0%| F|  |TAMS 0x000000070d600000, 0x000000070d600000| Untracked 
|  27|0x000000070d800000, 0x000000070d800000, 0x000000070da00000|  0%| F|  |TAMS 0x000000070d800000, 0x000000070d800000| Untracked 
|  28|0x000000070da00000, 0x000000070da00000, 0x000000070dc00000|  0%| F|  |TAMS 0x000000070da00000, 0x000000070da00000| Untracked 
|  29|0x000000070dc00000, 0x000000070dc00000, 0x000000070de00000|  0%| F|  |TAMS 0x000000070dc00000, 0x000000070dc00000| Untracked 
|  30|0x000000070de00000, 0x000000070de00000, 0x000000070e000000|  0%| F|  |TAMS 0x000000070de00000, 0x000000070de00000| Untracked 
|  31|0x000000070e000000, 0x000000070e000000, 0x000000070e200000|  0%| F|  |TAMS 0x000000070e000000, 0x000000070e000000| Untracked 
|  32|0x000000070e200000, 0x000000070e200000, 0x000000070e400000|  0%| F|  |TAMS 0x000000070e200000, 0x000000070e200000| Untracked 
|  33|0x000000070e400000, 0x000000070e400000, 0x000000070e600000|  0%| F|  |TAMS 0x000000070e400000, 0x000000070e400000| Untracked 
|  34|0x000000070e600000, 0x000000070e600000, 0x000000070e800000|  0%| F|  |TAMS 0x000000070e600000, 0x000000070e600000| Untracked 
|  35|0x000000070e800000, 0x000000070e800000, 0x000000070ea00000|  0%| F|  |TAMS 0x000000070e800000, 0x000000070e800000| Untracked 
|  36|0x000000070ea00000, 0x000000070ea00000, 0x000000070ec00000|  0%| F|  |TAMS 0x000000070ea00000, 0x000000070ea00000| Untracked 
|  37|0x000000070ec00000, 0x000000070ec00000, 0x000000070ee00000|  0%| F|  |TAMS 0x000000070ec00000, 0x000000070ec00000| Untracked 
|  38|0x000000070ee00000, 0x000000070ee00000, 0x000000070f000000|  0%| F|  |TAMS 0x000000070ee00000, 0x000000070ee00000| Untracked 
|  39|0x000000070f000000, 0x000000070f000000, 0x000000070f200000|  0%| F|  |TAMS 0x000000070f000000, 0x000000070f000000| Untracked 
|  40|0x000000070f200000, 0x000000070f200000, 0x000000070f400000|  0%| F|  |TAMS 0x000000070f200000, 0x000000070f200000| Untracked 
|  41|0x000000070f400000, 0x000000070f400000, 0x000000070f600000|  0%| F|  |TAMS 0x000000070f400000, 0x000000070f400000| Untracked 
|  42|0x000000070f600000, 0x000000070f600000, 0x000000070f800000|  0%| F|  |TAMS 0x000000070f600000, 0x000000070f600000| Untracked 
|  43|0x000000070f800000, 0x000000070f800000, 0x000000070fa00000|  0%| F|  |TAMS 0x000000070f800000, 0x000000070f800000| Untracked 
|  44|0x000000070fa00000, 0x000000070fa00000, 0x000000070fc00000|  0%| F|  |TAMS 0x000000070fa00000, 0x000000070fa00000| Untracked 
|  45|0x000000070fc00000, 0x000000070fc00000, 0x000000070fe00000|  0%| F|  |TAMS 0x000000070fc00000, 0x000000070fc00000| Untracked 
|  46|0x000000070fe00000, 0x000000070fe00000, 0x0000000710000000|  0%| F|  |TAMS 0x000000070fe00000, 0x000000070fe00000| Untracked 
|  47|0x0000000710000000, 0x0000000710000000, 0x0000000710200000|  0%| F|  |TAMS 0x0000000710000000, 0x0000000710000000| Untracked 
|  48|0x0000000710200000, 0x0000000710200000, 0x0000000710400000|  0%| F|  |TAMS 0x0000000710200000, 0x0000000710200000| Untracked 
|  49|0x0000000710400000, 0x0000000710400000, 0x0000000710600000|  0%| F|  |TAMS 0x0000000710400000, 0x0000000710400000| Untracked 
|  50|0x0000000710600000, 0x0000000710600000, 0x0000000710800000|  0%| F|  |TAMS 0x0000000710600000, 0x0000000710600000| Untracked 
|  51|0x0000000710800000, 0x0000000710800000, 0x0000000710a00000|  0%| F|  |TAMS 0x0000000710800000, 0x0000000710800000| Untracked 
|  52|0x0000000710a00000, 0x0000000710a00000, 0x0000000710c00000|  0%| F|  |TAMS 0x0000000710a00000, 0x0000000710a00000| Untracked 
|  53|0x0000000710c00000, 0x0000000710c00000, 0x0000000710e00000|  0%| F|  |TAMS 0x0000000710c00000, 0x0000000710c00000| Untracked 
|  54|0x0000000710e00000, 0x0000000710e00000, 0x0000000711000000|  0%| F|  |TAMS 0x0000000710e00000, 0x0000000710e00000| Untracked 
|  55|0x0000000711000000, 0x0000000711000000, 0x0000000711200000|  0%| F|  |TAMS 0x0000000711000000, 0x0000000711000000| Untracked 
|  56|0x0000000711200000, 0x0000000711200000, 0x0000000711400000|  0%| F|  |TAMS 0x0000000711200000, 0x0000000711200000| Untracked 
|  57|0x0000000711400000, 0x0000000711400000, 0x0000000711600000|  0%| F|  |TAMS 0x0000000711400000, 0x0000000711400000| Untracked 
|  58|0x0000000711600000, 0x0000000711600000, 0x0000000711800000|  0%| F|  |TAMS 0x0000000711600000, 0x0000000711600000| Untracked 
|  59|0x0000000711800000, 0x0000000711800000, 0x0000000711a00000|  0%| F|  |TAMS 0x0000000711800000, 0x0000000711800000| Untracked 
|  60|0x0000000711a00000, 0x0000000711a00000, 0x0000000711c00000|  0%| F|  |TAMS 0x0000000711a00000, 0x0000000711a00000| Untracked 
|  61|0x0000000711c00000, 0x0000000711c00000, 0x0000000711e00000|  0%| F|  |TAMS 0x0000000711c00000, 0x0000000711c00000| Untracked 
|  62|0x0000000711e00000, 0x0000000711e00000, 0x0000000712000000|  0%| F|  |TAMS 0x0000000711e00000, 0x0000000711e00000| Untracked 
|  63|0x0000000712000000, 0x0000000712000000, 0x0000000712200000|  0%| F|  |TAMS 0x0000000712000000, 0x0000000712000000| Untracked 
|  64|0x0000000712200000, 0x0000000712200000, 0x0000000712400000|  0%| F|  |TAMS 0x0000000712200000, 0x0000000712200000| Untracked 
|  65|0x0000000712400000, 0x0000000712400000, 0x0000000712600000|  0%| F|  |TAMS 0x0000000712400000, 0x0000000712400000| Untracked 
|  66|0x0000000712600000, 0x0000000712600000, 0x0000000712800000|  0%| F|  |TAMS 0x0000000712600000, 0x0000000712600000| Untracked 
|  67|0x0000000712800000, 0x0000000712800000, 0x0000000712a00000|  0%| F|  |TAMS 0x0000000712800000, 0x0000000712800000| Untracked 
|  68|0x0000000712a00000, 0x0000000712a00000, 0x0000000712c00000|  0%| F|  |TAMS 0x0000000712a00000, 0x0000000712a00000| Untracked 
|  69|0x0000000712c00000, 0x0000000712c00000, 0x0000000712e00000|  0%| F|  |TAMS 0x0000000712c00000, 0x0000000712c00000| Untracked 
|  70|0x0000000712e00000, 0x0000000712e00000, 0x0000000713000000|  0%| F|  |TAMS 0x0000000712e00000, 0x0000000712e00000| Untracked 
|  71|0x0000000713000000, 0x0000000713000000, 0x0000000713200000|  0%| F|  |TAMS 0x0000000713000000, 0x0000000713000000| Untracked 
|  72|0x0000000713200000, 0x0000000713200000, 0x0000000713400000|  0%| F|  |TAMS 0x0000000713200000, 0x0000000713200000| Untracked 
|  73|0x0000000713400000, 0x0000000713400000, 0x0000000713600000|  0%| F|  |TAMS 0x0000000713400000, 0x0000000713400000| Untracked 
|  74|0x0000000713600000, 0x0000000713600000, 0x0000000713800000|  0%| F|  |TAMS 0x0000000713600000, 0x0000000713600000| Untracked 
|  75|0x0000000713800000, 0x0000000713800000, 0x0000000713a00000|  0%| F|  |TAMS 0x0000000713800000, 0x0000000713800000| Untracked 
|  76|0x0000000713a00000, 0x0000000713a00000, 0x0000000713c00000|  0%| F|  |TAMS 0x0000000713a00000, 0x0000000713a00000| Untracked 
|  77|0x0000000713c00000, 0x0000000713c00000, 0x0000000713e00000|  0%| F|  |TAMS 0x0000000713c00000, 0x0000000713c00000| Untracked 
|  78|0x0000000713e00000, 0x0000000713e00000, 0x0000000714000000|  0%| F|  |TAMS 0x0000000713e00000, 0x0000000713e00000| Untracked 
|  79|0x0000000714000000, 0x0000000714000000, 0x0000000714200000|  0%| F|  |TAMS 0x0000000714000000, 0x0000000714000000| Untracked 
|  80|0x0000000714200000, 0x0000000714200000, 0x0000000714400000|  0%| F|  |TAMS 0x0000000714200000, 0x0000000714200000| Untracked 
|  81|0x0000000714400000, 0x0000000714400000, 0x0000000714600000|  0%| F|  |TAMS 0x0000000714400000, 0x0000000714400000| Untracked 
|  82|0x0000000714600000, 0x0000000714600000, 0x0000000714800000|  0%| F|  |TAMS 0x0000000714600000, 0x0000000714600000| Untracked 
|  83|0x0000000714800000, 0x0000000714800000, 0x0000000714a00000|  0%| F|  |TAMS 0x0000000714800000, 0x0000000714800000| Untracked 
|  84|0x0000000714a00000, 0x0000000714a00000, 0x0000000714c00000|  0%| F|  |TAMS 0x0000000714a00000, 0x0000000714a00000| Untracked 
|  85|0x0000000714c00000, 0x0000000714c00000, 0x0000000714e00000|  0%| F|  |TAMS 0x0000000714c00000, 0x0000000714c00000| Untracked 
|  86|0x0000000714e00000, 0x0000000714e00000, 0x0000000715000000|  0%| F|  |TAMS 0x0000000714e00000, 0x0000000714e00000| Untracked 
|  87|0x0000000715000000, 0x0000000715000000, 0x0000000715200000|  0%| F|  |TAMS 0x0000000715000000, 0x0000000715000000| Untracked 
|  88|0x0000000715200000, 0x0000000715200000, 0x0000000715400000|  0%| F|  |TAMS 0x0000000715200000, 0x0000000715200000| Untracked 
|  89|0x0000000715400000, 0x0000000715400000, 0x0000000715600000|  0%| F|  |TAMS 0x0000000715400000, 0x0000000715400000| Untracked 
|  90|0x0000000715600000, 0x0000000715600000, 0x0000000715800000|  0%| F|  |TAMS 0x0000000715600000, 0x0000000715600000| Untracked 
|  91|0x0000000715800000, 0x0000000715800000, 0x0000000715a00000|  0%| F|  |TAMS 0x0000000715800000, 0x0000000715800000| Untracked 
|  92|0x0000000715a00000, 0x0000000715a00000, 0x0000000715c00000|  0%| F|  |TAMS 0x0000000715a00000, 0x0000000715a00000| Untracked 
|  93|0x0000000715c00000, 0x0000000715c00000, 0x0000000715e00000|  0%| F|  |TAMS 0x0000000715c00000, 0x0000000715c00000| Untracked 
|  94|0x0000000715e00000, 0x0000000715e00000, 0x0000000716000000|  0%| F|  |TAMS 0x0000000715e00000, 0x0000000715e00000| Untracked 
|  95|0x0000000716000000, 0x0000000716000000, 0x0000000716200000|  0%| F|  |TAMS 0x0000000716000000, 0x0000000716000000| Untracked 
|  96|0x0000000716200000, 0x0000000716200000, 0x0000000716400000|  0%| F|  |TAMS 0x0000000716200000, 0x0000000716200000| Untracked 
|  97|0x0000000716400000, 0x0000000716400000, 0x0000000716600000|  0%| F|  |TAMS 0x0000000716400000, 0x0000000716400000| Untracked 
|  98|0x0000000716600000, 0x0000000716600000, 0x0000000716800000|  0%| F|  |TAMS 0x0000000716600000, 0x0000000716600000| Untracked 
|  99|0x0000000716800000, 0x0000000716800000, 0x0000000716a00000|  0%| F|  |TAMS 0x0000000716800000, 0x0000000716800000| Untracked 
| 100|0x0000000716a00000, 0x0000000716a00000, 0x0000000716c00000|  0%| F|  |TAMS 0x0000000716a00000, 0x0000000716a00000| Untracked 
| 101|0x0000000716c00000, 0x0000000716c00000, 0x0000000716e00000|  0%| F|  |TAMS 0x0000000716c00000, 0x0000000716c00000| Untracked 
| 102|0x0000000716e00000, 0x0000000716e00000, 0x0000000717000000|  0%| F|  |TAMS 0x0000000716e00000, 0x0000000716e00000| Untracked 
| 103|0x0000000717000000, 0x0000000717000000, 0x0000000717200000|  0%| F|  |TAMS 0x0000000717000000, 0x0000000717000000| Untracked 
| 104|0x0000000717200000, 0x0000000717200000, 0x0000000717400000|  0%| F|  |TAMS 0x0000000717200000, 0x0000000717200000| Untracked 
| 105|0x0000000717400000, 0x0000000717400000, 0x0000000717600000|  0%| F|  |TAMS 0x0000000717400000, 0x0000000717400000| Untracked 
| 106|0x0000000717600000, 0x0000000717600000, 0x0000000717800000|  0%| F|  |TAMS 0x0000000717600000, 0x0000000717600000| Untracked 
| 107|0x0000000717800000, 0x0000000717800000, 0x0000000717a00000|  0%| F|  |TAMS 0x0000000717800000, 0x0000000717800000| Untracked 
| 108|0x0000000717a00000, 0x0000000717a00000, 0x0000000717c00000|  0%| F|  |TAMS 0x0000000717a00000, 0x0000000717a00000| Untracked 
| 109|0x0000000717c00000, 0x0000000717c00000, 0x0000000717e00000|  0%| F|  |TAMS 0x0000000717c00000, 0x0000000717c00000| Untracked 
| 110|0x0000000717e00000, 0x0000000717e00000, 0x0000000718000000|  0%| F|  |TAMS 0x0000000717e00000, 0x0000000717e00000| Untracked 
| 111|0x0000000718000000, 0x0000000718000000, 0x0000000718200000|  0%| F|  |TAMS 0x0000000718000000, 0x0000000718000000| Untracked 
| 112|0x0000000718200000, 0x0000000718200000, 0x0000000718400000|  0%| F|  |TAMS 0x0000000718200000, 0x0000000718200000| Untracked 
| 113|0x0000000718400000, 0x0000000718400000, 0x0000000718600000|  0%| F|  |TAMS 0x0000000718400000, 0x0000000718400000| Untracked 
| 114|0x0000000718600000, 0x0000000718600000, 0x0000000718800000|  0%| F|  |TAMS 0x0000000718600000, 0x0000000718600000| Untracked 
| 115|0x0000000718800000, 0x0000000718800000, 0x0000000718a00000|  0%| F|  |TAMS 0x0000000718800000, 0x0000000718800000| Untracked 
| 116|0x0000000718a00000, 0x0000000718a00000, 0x0000000718c00000|  0%| F|  |TAMS 0x0000000718a00000, 0x0000000718a00000| Untracked 
| 117|0x0000000718c00000, 0x0000000718c00000, 0x0000000718e00000|  0%| F|  |TAMS 0x0000000718c00000, 0x0000000718c00000| Untracked 
| 118|0x0000000718e00000, 0x0000000718e00000, 0x0000000719000000|  0%| F|  |TAMS 0x0000000718e00000, 0x0000000718e00000| Untracked 
| 119|0x0000000719000000, 0x0000000719000000, 0x0000000719200000|  0%| F|  |TAMS 0x0000000719000000, 0x0000000719000000| Untracked 
| 120|0x0000000719200000, 0x00000007192bf178, 0x0000000719400000| 37%| E|  |TAMS 0x0000000719200000, 0x0000000719200000| Complete 
| 121|0x0000000719400000, 0x0000000719600000, 0x0000000719600000|100%| E|  |TAMS 0x0000000719400000, 0x0000000719400000| Complete 
| 122|0x0000000719600000, 0x0000000719800000, 0x0000000719800000|100%| E|CS|TAMS 0x0000000719600000, 0x0000000719600000| Complete 

Card table byte_map: [0x0000021dce590000,0x0000021dced40000] _byte_map_base: 0x0000021dcad3f000

Marking Bits (Prev, Next): (CMBitMap*) 0x0000021db4dfd690, (CMBitMap*) 0x0000021db4dfd6d0
 Prev Bits: [0x0000021dcf4f0000, 0x0000021dd3268000)
 Next Bits: [0x0000021dd3270000, 0x0000021dd6fe8000)

Polling page: 0x0000021db4e50000

Metaspace:

Usage:
  Non-class:    292.25 KB used.
      Class:     14.30 KB used.
       Both:    306.55 KB used.

Virtual space:
  Non-class space:       64.00 MB reserved,     384.00 KB ( <1%) committed,  1 nodes.
      Class space:        1.00 GB reserved,     128.00 KB ( <1%) committed,  1 nodes.
             Both:        1.06 GB reserved,     512.00 KB ( <1%) committed. 

Chunk freelists:
   Non-Class:  12.00 MB
       Class:  15.75 MB
        Both:  27.74 MB

MaxMetaspaceSize: unlimited
CompressedClassSpaceSize: 1.00 GB
Initial GC threshold: 21.00 MB
Current GC threshold: 21.00 MB
CDS: on
MetaspaceReclaimPolicy: balanced
 - commit_granule_bytes: 65536.
 - commit_granule_words: 8192.
 - virtual_space_node_default_size: 8388608.
 - enlarge_chunks_in_place: 1.
 - new_chunks_are_fully_committed: 0.
 - uncommit_free_chunks: 1.
 - use_allocation_guard: 0.
 - handle_deallocations: 1.


Internal statistics:

num_allocs_failed_limit: 0.
num_arena_births: 4.
num_arena_deaths: 0.
num_vsnodes_births: 2.
num_vsnodes_deaths: 0.
num_space_committed: 8.
num_space_uncommitted: 0.
num_chunks_returned_to_freelist: 0.
num_chunks_taken_from_freelist: 5.
num_chunk_merges: 0.
num_chunk_splits: 3.
num_chunks_enlarged: 0.
num_inconsistent_stats: 0.

CodeHeap 'non-profiled nmethods': size=119168Kb used=37Kb max_used=37Kb free=119130Kb
 bounds [0x0000021dc59b0000, 0x0000021dc5c20000, 0x0000021dcce10000]
CodeHeap 'profiled nmethods': size=119104Kb used=236Kb max_used=236Kb free=118867Kb
 bounds [0x0000021dbde10000, 0x0000021dbe080000, 0x0000021dc5260000]
CodeHeap 'non-nmethods': size=7488Kb used=2182Kb max_used=2196Kb free=5306Kb
 bounds [0x0000021dc5260000, 0x0000021dc54d0000, 0x0000021dc59b0000]
 total_blobs=490 nmethods=173 adapters=228
 compilation: enabled
              stopped_count=0, restarted_count=0
 full_count=0

Compilation events (20 events):
Event: 0.097 Thread 0x0000021dda07e380  135       1       java.net.URL::getHost (5 bytes)
Event: 0.097 Thread 0x0000021dda07e380 nmethod 135 0x0000021dc59b5890 code [0x0000021dc59b5a20, 0x0000021dc59b5af8]
Event: 0.097 Thread 0x0000021dda07a4c0  136 %     4       java.lang.StringLatin1::indexOfChar @ 7 (33 bytes)
Event: 0.097 Thread 0x0000021dda2b80a0  137       3       java.util.zip.ZipUtils::get16 (21 bytes)
Event: 0.097 Thread 0x0000021dda2b80a0 nmethod 137 0x0000021dbde3ea90 code [0x0000021dbde3ec20, 0x0000021dbde3ed78]
Event: 0.097 Thread 0x0000021dda2b80a0  139       3       java.util.Objects::checkFromIndexSize (8 bytes)
Event: 0.097 Thread 0x0000021dda07e380  140       3       jdk.internal.util.Preconditions::checkFromIndexSize (25 bytes)
Event: 0.097 Thread 0x0000021dda2ba5d0  141  s    3       java.io.ByteArrayOutputStream::write (43 bytes)
Event: 0.097 Thread 0x0000021dda07e380 nmethod 140 0x0000021dbde3ee90 code [0x0000021dbde3f040, 0x0000021dbde3f208]
Event: 0.097 Thread 0x0000021dda2b80a0 nmethod 139 0x0000021dbde3f310 code [0x0000021dbde3f4c0, 0x0000021dbde3f6e8]
Event: 0.097 Thread 0x0000021dda07e380  142       3       java.io.ByteArrayOutputStream::ensureCapacity (32 bytes)
Event: 0.097 Thread 0x0000021dda2b80a0  144   !   3       java.lang.String::<init> (842 bytes)
Event: 0.098 Thread 0x0000021dda2ba5d0 nmethod 141 0x0000021dbde3f810 code [0x0000021dbde3f9e0, 0x0000021dbde3fe88]
Event: 0.098 Thread 0x0000021dda2ba5d0  146       3       jdk.internal.util.ArraysSupport::newLength (27 bytes)
Event: 0.098 Thread 0x0000021dda07e380 nmethod 142 0x0000021dbde40090 code [0x0000021dbde40260, 0x0000021dbde40618]
Event: 0.098 Thread 0x0000021dda07e380  143       1       java.util.jar.Attributes$Name::hashCode (5 bytes)
Event: 0.098 Thread 0x0000021dda07e380 nmethod 143 0x0000021dc59b5b90 code [0x0000021dc59b5d20, 0x0000021dc59b5df8]
Event: 0.098 Thread 0x0000021dda2ba5d0 nmethod 146 0x0000021dbde40790 code [0x0000021dbde40940, 0x0000021dbde40ba8]
Event: 0.098 Thread 0x0000021dda07e380  145       1       java.util.LinkedHashMap::removeEldestEntry (2 bytes)
Event: 0.098 Thread 0x0000021dda07e380 nmethod 145 0x0000021dc59b5e90 code [0x0000021dc59b6020, 0x0000021dc59b60f8]

GC Heap History (0 events):
No events

Deoptimization events (4 events):
Event: 0.068 Thread 0x0000021db4d89860 Uncommon trap: trap_request=0xffffff45 fr.pc=0x0000021dc59b15f8 relative=0x0000000000000078
Event: 0.068 Thread 0x0000021db4d89860 Uncommon trap: reason=unstable_if action=reinterpret pc=0x0000021dc59b15f8 method=java.lang.String.isLatin1()Z @ 10 c2
Event: 0.068 Thread 0x0000021db4d89860 DEOPT PACKING pc=0x0000021dc59b15f8 sp=0x0000006c12bfef30
Event: 0.068 Thread 0x0000021db4d89860 DEOPT UNPACKING pc=0x0000021dc52b23a3 sp=0x0000006c12bfee70 mode 2

Classes unloaded (0 events):
No events

Classes redefined (0 events):
No events

Internal exceptions (0 events):
No events

VM Operations (2 events):
Event: 0.089 Executing VM operation: HandshakeAllThreads
Event: 0.089 Executing VM operation: HandshakeAllThreads done

Events (20 events):
Event: 0.069 loading class jdk/internal/loader/URLClassPath$FileLoader
Event: 0.069 loading class jdk/internal/loader/URLClassPath$FileLoader done
Event: 0.070 loading class jdk/internal/loader/URLClassPath$FileLoader$1
Event: 0.070 loading class jdk/internal/loader/URLClassPath$FileLoader$1 done
Event: 0.070 Thread 0x0000021dda2f79f0 Thread added: 0x0000021dda2f79f0
Event: 0.075 Loaded shared library C:\Program Files\Java\jdk-17\bin\net.dll
Event: 0.077 Loaded shared library C:\Program Files\Java\jdk-17\bin\nio.dll
Event: 0.079 Loaded shared library C:\Program Files\Java\jdk-17\bin\zip.dll
Event: 0.084 loading class java/io/BufferedReader
Event: 0.084 loading class java/io/Reader
Event: 0.085 loading class java/io/Reader done
Event: 0.085 loading class java/io/BufferedReader done
Event: 0.085 loading class java/io/InputStreamReader
Event: 0.085 loading class java/io/InputStreamReader done
Event: 0.085 loading class sun/nio/cs/StreamDecoder
Event: 0.085 loading class sun/nio/cs/StreamDecoder done
Event: 0.085 loading class sun/nio/cs/UTF_8$Decoder
Event: 0.086 loading class sun/nio/cs/UTF_8$Decoder done
Event: 0.086 loading class java/util/Vector
Event: 0.086 loading class java/util/Vector done


Dynamic libraries:
0x00007ff718f40000 - 0x00007ff718f50000 	C:\Program Files\Java\jdk-17\bin\java.exe
0x00007ff921790000 - 0x00007ff921988000 	C:\Windows\SYSTEM32\ntdll.dll
0x00007ff920910000 - 0x00007ff9209d2000 	C:\Windows\System32\KERNEL32.DLL
0x00007ff91f3f0000 - 0x00007ff91f6e6000 	C:\Windows\System32\KERNELBASE.dll
0x00007ff91f210000 - 0x00007ff91f310000 	C:\Windows\System32\ucrtbase.dll
0x00007ff8d7a30000 - 0x00007ff8d7a4b000 	C:\Program Files\Java\jdk-17\bin\VCRUNTIME140.dll
0x00007ff8d7840000 - 0x00007ff8d7859000 	C:\Program Files\Java\jdk-17\bin\jli.dll
0x00007ff91fc90000 - 0x00007ff91fd41000 	C:\Windows\System32\ADVAPI32.dll
0x00007ff920ab0000 - 0x00007ff920b4e000 	C:\Windows\System32\msvcrt.dll
0x00007ff920270000 - 0x00007ff92030f000 	C:\Windows\System32\sechost.dll
0x00007ff91fd50000 - 0x00007ff91fe73000 	C:\Windows\System32\RPCRT4.dll
0x00007ff91f6f0000 - 0x00007ff91f717000 	C:\Windows\System32\bcrypt.dll
0x00007ff920710000 - 0x00007ff9208ad000 	C:\Windows\System32\USER32.dll
0x00007ff90d710000 - 0x00007ff90d9aa000 	C:\Windows\WinSxS\amd64_microsoft.windows.common-controls_6595b64144ccf1df_6.0.19041.4355_none_60b8b9eb71f62e16\COMCTL32.dll
0x00007ff91ef30000 - 0x00007ff91ef52000 	C:\Windows\System32\win32u.dll
0x00007ff920150000 - 0x00007ff92017b000 	C:\Windows\System32\GDI32.dll
0x00007ff91ee10000 - 0x00007ff91ef2a000 	C:\Windows\System32\gdi32full.dll
0x00007ff91f170000 - 0x00007ff91f20d000 	C:\Windows\System32\msvcp_win.dll
0x00007ff917750000 - 0x00007ff91775a000 	C:\Windows\SYSTEM32\VERSION.dll
0x00007ff920120000 - 0x00007ff92014f000 	C:\Windows\System32\IMM32.DLL
0x00007ff908130000 - 0x00007ff90813c000 	C:\Program Files\Java\jdk-17\bin\vcruntime140_1.dll
0x00007ff8d6fb0000 - 0x00007ff8d703e000 	C:\Program Files\Java\jdk-17\bin\msvcp140.dll
0x00007ff8d63d0000 - 0x00007ff8d6fb0000 	C:\Program Files\Java\jdk-17\bin\server\jvm.dll
0x00007ff920310000 - 0x00007ff920318000 	C:\Windows\System32\PSAPI.DLL
0x00007ff91d2b0000 - 0x00007ff91d2d7000 	C:\Windows\SYSTEM32\WINMM.dll
0x00007ff919b60000 - 0x00007ff919b69000 	C:\Windows\SYSTEM32\WSOCK32.dll
0x00007ff920d00000 - 0x00007ff920d6b000 	C:\Windows\System32\WS2_32.dll
0x00007ff91d630000 - 0x00007ff91d642000 	C:\Windows\SYSTEM32\kernel.appcore.dll
0x00007ff8d7830000 - 0x00007ff8d783a000 	C:\Program Files\Java\jdk-17\bin\jimage.dll
0x00007ff91d0b0000 - 0x00007ff91d294000 	C:\Windows\SYSTEM32\DBGHELP.DLL
0x00007ff91d070000 - 0x00007ff91d0a4000 	C:\Windows\SYSTEM32\dbgcore.DLL
0x00007ff91f310000 - 0x00007ff91f392000 	C:\Windows\System32\bcryptPrimitives.dll
0x00007ff8d7800000 - 0x00007ff8d7825000 	C:\Program Files\Java\jdk-17\bin\java.dll
0x00007ff8d62f0000 - 0x00007ff8d63c7000 	C:\Program Files\Java\jdk-17\bin\jsvml.dll
0x00007ff920fe0000 - 0x00007ff92174f000 	C:\Windows\System32\SHELL32.dll
0x00007ff91c8c0000 - 0x00007ff91d063000 	C:\Windows\SYSTEM32\windows.storage.dll
0x00007ff9203b0000 - 0x00007ff920705000 	C:\Windows\System32\combase.dll
0x00007ff91e840000 - 0x00007ff91e86b000 	C:\Windows\SYSTEM32\Wldp.dll
0x00007ff9209e0000 - 0x00007ff920aad000 	C:\Windows\System32\OLEAUT32.dll
0x00007ff91ffc0000 - 0x00007ff92006d000 	C:\Windows\System32\SHCORE.dll
0x00007ff920180000 - 0x00007ff9201d5000 	C:\Windows\System32\shlwapi.dll
0x00007ff91ed40000 - 0x00007ff91ed65000 	C:\Windows\SYSTEM32\profapi.dll
0x00007ff8d77a0000 - 0x00007ff8d77b9000 	C:\Program Files\Java\jdk-17\bin\net.dll
0x00007ff914f70000 - 0x00007ff91507a000 	C:\Windows\SYSTEM32\WINHTTP.dll
0x00007ff91e5a0000 - 0x00007ff91e60c000 	C:\Windows\system32\mswsock.dll
0x00007ff8d7780000 - 0x00007ff8d7796000 	C:\Program Files\Java\jdk-17\bin\nio.dll
0x00007ff8d62d0000 - 0x00007ff8d62e8000 	C:\Program Files\Java\jdk-17\bin\zip.dll

dbghelp: loaded successfully - version: 4.0.5 - missing functions: none
symbol engine: initialized successfully - sym options: 0x614 - pdb path: .;C:\Program Files\Java\jdk-17\bin;C:\Windows\SYSTEM32;C:\Windows\WinSxS\amd64_microsoft.windows.common-controls_6595b64144ccf1df_6.0.19041.4355_none_60b8b9eb71f62e16;C:\Program Files\Java\jdk-17\bin\server

VM Arguments:
jvm_args: -XX:+ShowCodeDetailsInExceptionMessages 
java_command: com.ProjectMovie.MovieBackendSpringBootApplication
java_class_path (initial): C:\Users\Admin\Desktop\BaseMent\MovieBackendSpringBoot\target\classes;C:\Users\Admin\.m2\repository\org\json\json\20231013\json-20231013.jar;C:\Users\Admin\.m2\repository\org\springframework\boot\spring-boot-starter-web\3.5.0-SNAPSHOT\spring-boot-starter-web-3.5.0-SNAPSHOT.jar;C:\Users\Admin\.m2\repository\org\springframework\boot\spring-boot-starter\3.5.0-SNAPSHOT\spring-boot-starter-3.5.0-SNAPSHOT.jar;C:\Users\Admin\.m2\repository\org\springframework\boot\spring-boot-starter-logging\3.5.0-SNAPSHOT\spring-boot-starter-logging-3.5.0-SNAPSHOT.jar;C:\Users\Admin\.m2\repository\ch\qos\logback\logback-classic\1.5.18\logback-classic-1.5.18.jar;C:\Users\Admin\.m2\repository\ch\qos\logback\logback-core\1.5.18\logback-core-1.5.18.jar;C:\Users\Admin\.m2\repository\org\apache\logging\log4j\log4j-to-slf4j\2.24.3\log4j-to-slf4j-2.24.3.jar;C:\Users\Admin\.m2\repository\org\apache\logging\log4j\log4j-api\2.24.3\log4j-api-2.24.3.jar;C:\Users\Admin\.m2\repository\org\slf4j\jul-to-slf4j\2.0.17\jul-to-slf4j-2.0.17.jar;C:\Users\Admin\.m2\repository\jakarta\annotation\jakarta.annotation-api\2.1.1\jakarta.annotation-api-2.1.1.jar;C:\Users\Admin\.m2\repository\org\yaml\snakeyaml\2.4\snakeyaml-2.4.jar;C:\Users\Admin\.m2\repository\org\springframework\boot\spring-boot-starter-json\3.5.0-SNAPSHOT\spring-boot-starter-json-3.5.0-SNAPSHOT.jar;C:\Users\Admin\.m2\repository\com\fasterxml\jackson\datatype\jackson-datatype-jdk8\2.18.3\jackson-datatype-jdk8-2.18.3.jar;C:\Users\Admin\.m2\repository\com\fasterxml\jackson\datatype\jackson-datatype-jsr310\2.18.3\jackson-datatype-jsr310-2.18.3.jar;C:\Users\Admin\.m2\repository\com\fasterxml\jackson\module\jackson-module-parameter-names\2.18.3\jackson-module-parameter-names-2.18.3.jar;C:\Users\Admin\.m2\repository\org\springframework\boot\spring-boot-starter-tomcat\3.5.0-SNAPSHOT\spring-boot-starter-tomcat-3.5.0-SNAPSHOT.jar;C:\Users\Admin\.m2\repository\org\apache\tomcat\embed\tomcat-embed-core\10.1.40\tomcat-embed-core-10.1
Launcher Type: SUN_STANDARD

[Global flags]
     intx CICompilerCount                          = 12                                        {product} {ergonomic}
     uint ConcGCThreads                            = 3                                         {product} {ergonomic}
     uint G1ConcRefinementThreads                  = 13                                        {product} {ergonomic}
   size_t G1HeapRegionSize                         = 2097152                                   {product} {ergonomic}
    uintx GCDrainStackTargetSize                   = 64                                        {product} {ergonomic}
   size_t InitialHeapSize                          = 257949696                                 {product} {ergonomic}
   size_t MarkStackSize                            = 4194304                                   {product} {ergonomic}
   size_t MaxHeapSize                              = 4125097984                                {product} {ergonomic}
   size_t MaxNewSize                               = 2474639360                                {product} {ergonomic}
   size_t MinHeapDeltaBytes                        = 2097152                                   {product} {ergonomic}
   size_t MinHeapSize                              = 8388608                                   {product} {ergonomic}
    uintx NonNMethodCodeHeapSize                   = 7602480                                {pd product} {ergonomic}
    uintx NonProfiledCodeHeapSize                  = 122027880                              {pd product} {ergonomic}
    uintx ProfiledCodeHeapSize                     = 122027880                              {pd product} {ergonomic}
    uintx ReservedCodeCacheSize                    = 251658240                              {pd product} {ergonomic}
     bool SegmentedCodeCache                       = true                                      {product} {ergonomic}
     bool ShowCodeDetailsInExceptionMessages       = true                                   {manageable} {command line}
   size_t SoftMaxHeapSize                          = 4125097984                             {manageable} {ergonomic}
     bool UseCompressedClassPointers               = true                           {product lp64_product} {ergonomic}
     bool UseCompressedOops                        = true                           {product lp64_product} {ergonomic}
     bool UseG1GC                                  = true                                      {product} {ergonomic}
     bool UseLargePagesIndividualAllocation        = false                                  {pd product} {ergonomic}

Logging:
Log output configuration:
 #0: stdout all=warning uptime,level,tags
 #1: stderr all=off uptime,level,tags

Environment Variables:
PATH=c:\Users\Admin\AppData\Local\Programs\cursor\resources\app\bin;c:\Users\Admin\AppData\Local\Programs\cursor\resources\app\bin;c:\Users\Admin\AppData\Local\Programs\cursor\resources\app\bin;c:\Users\Admin\AppData\Local\Programs\cursor\resources\app\bin;c:\Users\Admin\AppData\Local\Programs\cursor\resources\app\bin;c:\Users\Admin\AppData\Local\Programs\cursor\resources\app\bin;c:\Users\Admin\AppData\Local\Programs\cursor\resources\app\bin;C:\Program Files\Common Files\Oracle\Java\javapath;C:\Windows\system32;C:\Windows;C:\Windows\System32\Wbem;C:\Windows\System32\WindowsPowerShell\v1.0\;C:\Windows\System32\OpenSSH\;C:\Program Files\Git\cmd;C:\Program Files\nodejs\;C:\Users\Admin\AppData\Local\Microsoft\WindowsApps;C:\Users\Admin\AppData\Roaming\npm;C:\Program Files\nodejs;c:\Users\Admin\AppData\Local\Programs\cursor\resources\app\bin;c:\Users\Admin\AppData\Local\Programs\cursor\resources\app\bin;C:\Program Files\dotnet\;C:\Program Files (x86)\Windows Kits\10\Windows Performance Toolkit\;C:\ProgramData\flutter\b;C:\Users\Admin\AppData\Local\Microsoft\WindowsApps;C:\Users\Admin\AppData\Roaming\npm;C:\Program Files\nodejs;C:\Program Files\JetBrains\IntelliJ IDEA 2024.3.5\bin;;C:\Program Files\dotnet;C:\Users\Admin\.dotnet\tools;C:\ProgramData\flutter\bin;C:\Users\Admin\AppData\Local\Programs\cursor\resources\app\bin
USERNAME=Admin
LANG=en_US.UTF-8
OS=Windows_NT
PROCESSOR_IDENTIFIER=AMD64 Family 25 Model 80 Stepping 0, AuthenticAMD



---------------  S Y S T E M  ---------------

OS:
 Windows 10 , 64 bit Build 19041 (10.0.19041.5678)
OS uptime: 0 days 14:32 hours

CPU: total 16 (initial active 16) (16 cores per cpu, 2 threads per core) family 25 model 80 stepping 0 microcode 0x0, cx8, cmov, fxsr, ht, mmx, 3dnowpref, sse, sse2, sse3, ssse3, sse4a, sse4.1, sse4.2, popcnt, lzcnt, tsc, tscinvbit, avx, avx2, aes, erms, clmul, bmi1, bmi2, adx, sha, fma, vzeroupper, clflush, clflushopt

Memory: 4k page, system-wide physical 15734M (4053M free)
TotalPageFile size 23926M (AvailPageFile size 2M)
current process WorkingSet (physical memory assigned to process): 41M, peak: 41M
current process commit charge ("private bytes"): 346M, peak: 347M

vm_info: Java HotSpot(TM) 64-Bit Server VM (17.0.12+8-LTS-286) for windows-amd64 JRE (17.0.12+8-LTS-286), built on Jun  5 2024 06:46:59 by "mach5one" with MS VC++ 17.6 (VS2022)

END.
