#
# There is insufficient memory for the Java Runtime Environment to continue.
# Native memory allocation (malloc) failed to allocate 1456240 bytes. Error detail: Chunk::new
# Possible reasons:
#   The system is out of physical RAM or swap space
#   This process is running with CompressedOops enabled, and the Java Heap may be blocking the growth of the native heap
# Possible solutions:
#   Reduce memory load on the system
#   Increase physical memory or swap space
#   Check if swap backing store is full
#   Decrease Java heap size (-Xmx/-Xms)
#   Decrease number of Java threads
#   Decrease Java thread stack sizes (-Xss)
#   Set larger code cache with -XX:ReservedCodeCacheSize=
#   JVM is running with Unscaled Compressed Oops mode in which the Java heap is
#     placed in the first 4GB address space. The Java Heap base address is the
#     maximum limit for the native heap growth. Please use -XX:HeapBaseMinAddress
#     to set the Java Heap base and to place the Java Heap above 4GB virtual address.
# This output file may be truncated or incomplete.
#
#  Out of Memory Error (arena.cpp:168), pid=8144, tid=22460
#
# JRE version: OpenJDK Runtime Environment Temurin-21.0.6+7 (21.0.6+7) (build 21.0.6+7-LTS)
# Java VM: OpenJDK 64-Bit Server VM Temurin-21.0.6+7 (21.0.6+7-LTS, mixed mode, sharing, tiered, compressed oops, compressed class ptrs, parallel gc, windows-amd64)
# No core dump will be written. Minidumps are not enabled by default on client versions of Windows
#

---------------  S U M M A R Y ------------

Command Line: --add-modules=ALL-SYSTEM --add-opens=java.base/java.util=ALL-UNNAMED --add-opens=java.base/java.lang=ALL-UNNAMED --add-opens=java.base/sun.nio.fs=ALL-UNNAMED -Declipse.application=org.eclipse.jdt.ls.core.id1 -Dosgi.bundles.defaultStartLevel=4 -Declipse.product=org.eclipse.jdt.ls.core.product -Djava.import.generatesMetadataFilesAtProjectRoot=false -DDetectVMInstallationsJob.disabled=true -Dfile.encoding=utf8 -XX:+UseParallelGC -XX:GCTimeRatio=4 -XX:AdaptiveSizePolicyWeight=90 -Dsun.zip.disableMemoryMapping=true -Xmx1G -Xms100m -Xlog:disable -javaagent:c:\Users\Admin\.cursor\extensions\redhat.java-1.41.1-win32-x64\lombok\lombok-1.18.36.jar -XX:+HeapDumpOnOutOfMemoryError -XX:HeapDumpPath=c:\Users\Admin\AppData\Roaming\Cursor\User\workspaceStorage\dc388019188987a1ef9f9bad0029eda8\redhat.java -Daether.dependencyCollector.impl=bf c:\Users\Admin\.cursor\extensions\redhat.java-1.41.1-win32-x64\server\plugins\org.eclipse.equinox.launcher_1.7.0.v20250331-1702.jar -configuration c:\Users\Admin\AppData\Roaming\Cursor\User\globalStorage\redhat.java\1.41.1\config_win -data c:\Users\Admin\AppData\Roaming\Cursor\User\workspaceStorage\dc388019188987a1ef9f9bad0029eda8\redhat.java\jdt_ws --pipe=\\.\pipe\lsp-644cfe0592cc7935f7af7a1c93f599b7-sock

Host: AMD Ryzen 7 5800H with Radeon Graphics         , 16 cores, 15G,  Windows 10 , 64 bit Build 19041 (10.0.19041.5678)
Time: Sat Apr 12 14:04:53 2025 SE Asia Standard Time elapsed time: 9.512436 seconds (0d 0h 0m 9s)

---------------  T H R E A D  ---------------

Current thread (0x00000150923ba540):  JavaThread "C2 CompilerThread3" daemon [_thread_in_native, id=22460, stack(0x0000003c49e00000,0x0000003c49f00000) (1024K)]


Current CompileTask:
C2:9512 10633   !   4       com.google.inject.spi.InjectionPoint::getInjectionPoints (491 bytes)

Stack: [0x0000003c49e00000,0x0000003c49f00000]
Native frames: (J=compiled Java code, j=interpreted, Vv=VM code, C=native code)
V  [jvm.dll+0x6cdee9]
V  [jvm.dll+0x8a83d1]
V  [jvm.dll+0x8aa8fe]
V  [jvm.dll+0x8aafe3]
V  [jvm.dll+0x27f706]
V  [jvm.dll+0xc500d]
V  [jvm.dll+0xc5543]
V  [jvm.dll+0x3b678c]
V  [jvm.dll+0x1e0009]
V  [jvm.dll+0x247b42]
V  [jvm.dll+0x246fcf]
V  [jvm.dll+0x1c75ee]
V  [jvm.dll+0x25685a]
V  [jvm.dll+0x254dfa]
V  [jvm.dll+0x3f0256]
V  [jvm.dll+0x851f8b]
V  [jvm.dll+0x6cc5ed]
C  [ucrtbase.dll+0x21bb2]
C  [KERNEL32.DLL+0x17374]
C  [ntdll.dll+0x4cc91]


---------------  P R O C E S S  ---------------

Threads class SMR info:
_java_thread_list=0x000001509fb530b0, length=98, elements={
0x000001503b722690, 0x000001504fb127c0, 0x000001504fb13f10, 0x000001504fb16850,
0x000001504fb19670, 0x000001504fb1ab20, 0x00000150922859d0, 0x00000150922872a0,
0x00000150922884d0, 0x000001503b7914d0, 0x00000150923b4e90, 0x00000150923b8330,
0x00000150923b7c60, 0x0000015098035010, 0x00000150923b8a00, 0x00000150988bade0,
0x00000150988d3b60, 0x0000015098cb3080, 0x0000015098cb62f0, 0x0000015099396c20,
0x00000150996316b0, 0x00000150988b2920, 0x0000015098eafc80, 0x0000015098eb1030,
0x0000015098eb1d50, 0x0000015098eb16c0, 0x0000015098eb44b0, 0x00000150923ba540,
0x0000015098eb0310, 0x0000015098eb5860, 0x00000150923b7590, 0x0000015098eb3100,
0x0000015098eb09a0, 0x0000015098eb3790, 0x0000015098eb23e0, 0x0000015098eaef60,
0x0000015098eb2a70, 0x0000015098eb4b40, 0x0000015098eb3e20, 0x0000015098eb51d0,
0x0000015098eb5ef0, 0x0000015098eb6580, 0x0000015098eaf5f0, 0x000001509b434250,
0x000001509b4376d0, 0x000001509b4369b0, 0x000001509b438a80, 0x000001509b435c90,
0x000001509bb84a10, 0x000001509b433bc0, 0x000001509b431af0, 0x000001509b435600,
0x000001509b4383f0, 0x000001509b432810, 0x000001509b432180, 0x000001509b432ea0,
0x000001509b433530, 0x000001509b437d60, 0x00000150a79927a0, 0x00000150a7992e30,
0x00000150a7997cf0, 0x00000150a7993b50, 0x00000150a7991a80, 0x00000150a79934c0,
0x00000150a7997660, 0x00000150a7990d60, 0x00000150a7992110, 0x00000150a7995590,
0x00000150a7998380, 0x00000150a7994870, 0x00000150a7994f00, 0x00000150a7995c20,
0x00000150a79962b0, 0x00000150a7996940, 0x00000150a7996fd0, 0x00000150a79913f0,
0x000001509bcaefd0, 0x000001509bcb0a10, 0x000001509bcb10a0, 0x000001509bcac1e0,
0x000001509bcae2b0, 0x000001509bcb2450, 0x000001509bb82800, 0x000001509bcb1dc0,
0x000001509bcadc20, 0x000001509bcabb50, 0x000001509bcacf00, 0x000001509bcaf660,
0x000001509bcb3170, 0x000001509bcb1730, 0x000001509bcad590, 0x000001509bcae940,
0x000001509bcafcf0, 0x000001509bcb0380, 0x00000150988b2290, 0x000001509cba6760,
0x000001509cba5a40, 0x000001509cba3970
}

Java Threads: ( => current thread )
  0x000001503b722690 JavaThread "main"                              [_thread_blocked, id=19200, stack(0x0000003c47000000,0x0000003c47100000) (1024K)]
  0x000001504fb127c0 JavaThread "Reference Handler"          daemon [_thread_blocked, id=22384, stack(0x0000003c47400000,0x0000003c47500000) (1024K)]
  0x000001504fb13f10 JavaThread "Finalizer"                  daemon [_thread_blocked, id=10896, stack(0x0000003c47500000,0x0000003c47600000) (1024K)]
  0x000001504fb16850 JavaThread "Signal Dispatcher"          daemon [_thread_blocked, id=6848, stack(0x0000003c47600000,0x0000003c47700000) (1024K)]
  0x000001504fb19670 JavaThread "Attach Listener"            daemon [_thread_blocked, id=17564, stack(0x0000003c47700000,0x0000003c47800000) (1024K)]
  0x000001504fb1ab20 JavaThread "Service Thread"             daemon [_thread_blocked, id=10644, stack(0x0000003c47800000,0x0000003c47900000) (1024K)]
  0x00000150922859d0 JavaThread "Monitor Deflation Thread"   daemon [_thread_blocked, id=12208, stack(0x0000003c47900000,0x0000003c47a00000) (1024K)]
  0x00000150922872a0 JavaThread "C2 CompilerThread0"         daemon [_thread_blocked, id=18476, stack(0x0000003c47a00000,0x0000003c47b00000) (1024K)]
  0x00000150922884d0 JavaThread "C1 CompilerThread0"         daemon [_thread_blocked, id=21408, stack(0x0000003c47b00000,0x0000003c47c00000) (1024K)]
  0x000001503b7914d0 JavaThread "Common-Cleaner"             daemon [_thread_blocked, id=9844, stack(0x0000003c47c00000,0x0000003c47d00000) (1024K)]
  0x00000150923b4e90 JavaThread "C1 CompilerThread1"         daemon [_thread_blocked, id=22300, stack(0x0000003c47d00000,0x0000003c47e00000) (1024K)]
  0x00000150923b8330 JavaThread "C1 CompilerThread2"         daemon [_thread_blocked, id=12904, stack(0x0000003c47e00000,0x0000003c47f00000) (1024K)]
  0x00000150923b7c60 JavaThread "C2 CompilerThread1"         daemon [_thread_in_native, id=600, stack(0x0000003c47f00000,0x0000003c48000000) (1024K)]
  0x0000015098035010 JavaThread "Notification Thread"        daemon [_thread_blocked, id=15332, stack(0x0000003c48000000,0x0000003c48100000) (1024K)]
  0x00000150923b8a00 JavaThread "C2 CompilerThread2"         daemon [_thread_in_native, id=14804, stack(0x0000003c48100000,0x0000003c48200000) (1024K)]
  0x00000150988bade0 JavaThread "Active Thread: Equinox Container: 9bb6f166-67b2-4c99-82dd-40a0d486e67e"        [_thread_blocked, id=16080, stack(0x0000003c48900000,0x0000003c48a00000) (1024K)]
  0x00000150988d3b60 JavaThread "Refresh Thread: Equinox Container: 9bb6f166-67b2-4c99-82dd-40a0d486e67e" daemon [_thread_blocked, id=18152, stack(0x0000003c48b00000,0x0000003c48c00000) (1024K)]
  0x0000015098cb3080 JavaThread "Framework Event Dispatcher: Equinox Container: 9bb6f166-67b2-4c99-82dd-40a0d486e67e" daemon [_thread_blocked, id=22372, stack(0x0000003c48c00000,0x0000003c48d00000) (1024K)]
  0x0000015098cb62f0 JavaThread "Start Level: Equinox Container: 9bb6f166-67b2-4c99-82dd-40a0d486e67e" daemon [_thread_blocked, id=20332, stack(0x0000003c48d00000,0x0000003c48e00000) (1024K)]
  0x0000015099396c20 JavaThread "Bundle File Closer"         daemon [_thread_blocked, id=12528, stack(0x0000003c48e00000,0x0000003c48f00000) (1024K)]
  0x00000150996316b0 JavaThread "SCR Component Actor"        daemon [_thread_blocked, id=19016, stack(0x0000003c49200000,0x0000003c49300000) (1024K)]
  0x00000150988b2920 JavaThread "Worker-JM"                         [_thread_blocked, id=15748, stack(0x0000003c49600000,0x0000003c49700000) (1024K)]
  0x0000015098eafc80 JavaThread "JNA Cleaner"                daemon [_thread_blocked, id=21124, stack(0x0000003c49700000,0x0000003c49800000) (1024K)]
  0x0000015098eb1030 JavaThread "Worker-0"                          [_thread_blocked, id=22124, stack(0x0000003c49800000,0x0000003c49900000) (1024K)]
  0x0000015098eb1d50 JavaThread "Worker-1"                          [_thread_blocked, id=9696, stack(0x0000003c49900000,0x0000003c49a00000) (1024K)]
  0x0000015098eb16c0 JavaThread "Java indexing"              daemon [_thread_blocked, id=17640, stack(0x0000003c49a00000,0x0000003c49b00000) (1024K)]
  0x0000015098eb44b0 JavaThread "Worker-2"                          [_thread_blocked, id=12340, stack(0x0000003c49d00000,0x0000003c49e00000) (1024K)]
=>0x00000150923ba540 JavaThread "C2 CompilerThread3"         daemon [_thread_in_native, id=22460, stack(0x0000003c49e00000,0x0000003c49f00000) (1024K)]
  0x0000015098eb0310 JavaThread "Worker-3: Building"                [_thread_in_native, id=21268, stack(0x0000003c49f00000,0x0000003c4a000000) (1024K)]
  0x0000015098eb5860 JavaThread "Worker-4: Java indexing... "        [_thread_blocked, id=22212, stack(0x0000003c4a000000,0x0000003c4a100000) (1024K)]
  0x00000150923b7590 JavaThread "C2 CompilerThread4"         daemon [_thread_blocked, id=3700, stack(0x0000003c4a100000,0x0000003c4a200000) (1024K)]
  0x0000015098eb3100 JavaThread "Thread-2"                   daemon [_thread_in_native, id=1380, stack(0x0000003c4a200000,0x0000003c4a300000) (1024K)]
  0x0000015098eb09a0 JavaThread "Thread-3"                   daemon [_thread_in_native, id=15972, stack(0x0000003c4a300000,0x0000003c4a400000) (1024K)]
  0x0000015098eb3790 JavaThread "Thread-4"                   daemon [_thread_in_native, id=21960, stack(0x0000003c4a400000,0x0000003c4a500000) (1024K)]
  0x0000015098eb23e0 JavaThread "Thread-5"                   daemon [_thread_in_native, id=12604, stack(0x0000003c4a500000,0x0000003c4a600000) (1024K)]
  0x0000015098eaef60 JavaThread "Thread-6"                   daemon [_thread_in_native, id=21940, stack(0x0000003c4a600000,0x0000003c4a700000) (1024K)]
  0x0000015098eb2a70 JavaThread "Thread-7"                   daemon [_thread_in_native, id=19060, stack(0x0000003c4a700000,0x0000003c4a800000) (1024K)]
  0x0000015098eb4b40 JavaThread "Thread-8"                   daemon [_thread_in_native, id=14668, stack(0x0000003c4a800000,0x0000003c4a900000) (1024K)]
  0x0000015098eb3e20 JavaThread "Thread-9"                   daemon [_thread_in_native, id=11788, stack(0x0000003c4a900000,0x0000003c4aa00000) (1024K)]
  0x0000015098eb51d0 JavaThread "Thread-10"                  daemon [_thread_in_native, id=20508, stack(0x0000003c4aa00000,0x0000003c4ab00000) (1024K)]
  0x0000015098eb5ef0 JavaThread "Thread-11"                  daemon [_thread_in_native, id=8476, stack(0x0000003c4ab00000,0x0000003c4ac00000) (1024K)]
  0x0000015098eb6580 JavaThread "Thread-12"                  daemon [_thread_in_native, id=20908, stack(0x0000003c4ac00000,0x0000003c4ad00000) (1024K)]
  0x0000015098eaf5f0 JavaThread "Thread-13"                  daemon [_thread_in_native, id=14916, stack(0x0000003c4ad00000,0x0000003c4ae00000) (1024K)]
  0x000001509b434250 JavaThread "Thread-14"                  daemon [_thread_in_native, id=7612, stack(0x0000003c4ae00000,0x0000003c4af00000) (1024K)]
  0x000001509b4376d0 JavaThread "Thread-15"                  daemon [_thread_in_native, id=19316, stack(0x0000003c4af00000,0x0000003c4b000000) (1024K)]
  0x000001509b4369b0 JavaThread "Thread-16"                  daemon [_thread_in_native, id=15368, stack(0x0000003c4b000000,0x0000003c4b100000) (1024K)]
  0x000001509b438a80 JavaThread "Thread-17"                  daemon [_thread_in_native, id=3236, stack(0x0000003c4b100000,0x0000003c4b200000) (1024K)]
  0x000001509b435c90 JavaThread "Thread-18"                  daemon [_thread_in_native, id=18796, stack(0x0000003c4b200000,0x0000003c4b300000) (1024K)]
  0x000001509bb84a10 JavaThread "C2 CompilerThread5"         daemon [_thread_blocked, id=17060, stack(0x0000003c4b300000,0x0000003c4b400000) (1024K)]
  0x000001509b433bc0 JavaThread "pool-2-thread-1"                   [_thread_blocked, id=8596, stack(0x0000003c4b600000,0x0000003c4b700000) (1024K)]
  0x000001509b431af0 JavaThread "Worker-5"                          [_thread_blocked, id=17372, stack(0x0000003c4b700000,0x0000003c4b800000) (1024K)]
  0x000001509b435600 JavaThread "WorkspaceEventsHandler"            [_thread_blocked, id=18424, stack(0x0000003c4b800000,0x0000003c4b900000) (1024K)]
  0x000001509b4383f0 JavaThread "pool-1-thread-1"                   [_thread_blocked, id=10472, stack(0x0000003c4b900000,0x0000003c4ba00000) (1024K)]
  0x000001509b432810 JavaThread "LocalFile Deleter"          daemon [_thread_blocked, id=14184, stack(0x0000003c4ba00000,0x0000003c4bb00000) (1024K)]
  0x000001509b432180 JavaThread "LocalFile Deleter"          daemon [_thread_blocked, id=16808, stack(0x0000003c4bb00000,0x0000003c4bc00000) (1024K)]
  0x000001509b432ea0 JavaThread "LocalFile Deleter"          daemon [_thread_blocked, id=3560, stack(0x0000003c4bc00000,0x0000003c4bd00000) (1024K)]
  0x000001509b433530 JavaThread "LocalFile Deleter"          daemon [_thread_blocked, id=11040, stack(0x0000003c4bd00000,0x0000003c4be00000) (1024K)]
  0x000001509b437d60 JavaThread "LocalFile Deleter"          daemon [_thread_blocked, id=18028, stack(0x0000003c4be00000,0x0000003c4bf00000) (1024K)]
  0x00000150a79927a0 JavaThread "LocalFile Deleter"          daemon [_thread_blocked, id=8924, stack(0x0000003c4bf00000,0x0000003c4c000000) (1024K)]
  0x00000150a7992e30 JavaThread "LocalFile Deleter"          daemon [_thread_blocked, id=11960, stack(0x0000003c4c000000,0x0000003c4c100000) (1024K)]
  0x00000150a7997cf0 JavaThread "LocalFile Deleter"          daemon [_thread_blocked, id=19624, stack(0x0000003c4c100000,0x0000003c4c200000) (1024K)]
  0x00000150a7993b50 JavaThread "LocalFile Deleter"          daemon [_thread_blocked, id=5032, stack(0x0000003c4c200000,0x0000003c4c300000) (1024K)]
  0x00000150a7991a80 JavaThread "LocalFile Deleter"          daemon [_thread_blocked, id=18220, stack(0x0000003c4c300000,0x0000003c4c400000) (1024K)]
  0x00000150a79934c0 JavaThread "LocalFile Deleter"          daemon [_thread_blocked, id=20712, stack(0x0000003c4c400000,0x0000003c4c500000) (1024K)]
  0x00000150a7997660 JavaThread "LocalFile Deleter"          daemon [_thread_blocked, id=15544, stack(0x0000003c4c500000,0x0000003c4c600000) (1024K)]
  0x00000150a7990d60 JavaThread "LocalFile Deleter"          daemon [_thread_blocked, id=17440, stack(0x0000003c4c600000,0x0000003c4c700000) (1024K)]
  0x00000150a7992110 JavaThread "LocalFile Deleter"          daemon [_thread_blocked, id=21116, stack(0x0000003c4c700000,0x0000003c4c800000) (1024K)]
  0x00000150a7995590 JavaThread "LocalFile Deleter"          daemon [_thread_blocked, id=13948, stack(0x0000003c4c800000,0x0000003c4c900000) (1024K)]
  0x00000150a7998380 JavaThread "Compiler Source File Reader" daemon [_thread_blocked, id=8324, stack(0x0000003c4c900000,0x0000003c4ca00000) (1024K)]
  0x00000150a7994870 JavaThread "Compiler Source File Reader" daemon [_thread_blocked, id=13164, stack(0x0000003c4ca00000,0x0000003c4cb00000) (1024K)]
  0x00000150a7994f00 JavaThread "Compiler Source File Reader" daemon [_thread_blocked, id=15684, stack(0x0000003c4cb00000,0x0000003c4cc00000) (1024K)]
  0x00000150a7995c20 JavaThread "Compiler Source File Reader" daemon [_thread_blocked, id=18676, stack(0x0000003c4cc00000,0x0000003c4cd00000) (1024K)]
  0x00000150a79962b0 JavaThread "Compiler Source File Reader" daemon [_thread_blocked, id=11152, stack(0x0000003c4cd00000,0x0000003c4ce00000) (1024K)]
  0x00000150a7996940 JavaThread "Compiler Source File Reader" daemon [_thread_blocked, id=1836, stack(0x0000003c4ce00000,0x0000003c4cf00000) (1024K)]
  0x00000150a7996fd0 JavaThread "Compiler Source File Reader" daemon [_thread_blocked, id=17692, stack(0x0000003c4cf00000,0x0000003c4d000000) (1024K)]
  0x00000150a79913f0 JavaThread "Compiler Source File Reader" daemon [_thread_blocked, id=22128, stack(0x0000003c4d000000,0x0000003c4d100000) (1024K)]
  0x000001509bcaefd0 JavaThread "Compiler Source File Reader" daemon [_thread_blocked, id=5400, stack(0x0000003c4d100000,0x0000003c4d200000) (1024K)]
  0x000001509bcb0a10 JavaThread "Compiler Source File Reader" daemon [_thread_blocked, id=19744, stack(0x0000003c4d200000,0x0000003c4d300000) (1024K)]
  0x000001509bcb10a0 JavaThread "Compiler Source File Reader" daemon [_thread_blocked, id=22416, stack(0x0000003c4d300000,0x0000003c4d400000) (1024K)]
  0x000001509bcac1e0 JavaThread "Compiler Source File Reader" daemon [_thread_blocked, id=1216, stack(0x0000003c4d400000,0x0000003c4d500000) (1024K)]
  0x000001509bcae2b0 JavaThread "Compiler Source File Reader" daemon [_thread_blocked, id=19416, stack(0x0000003c4d500000,0x0000003c4d600000) (1024K)]
  0x000001509bcb2450 JavaThread "Compiler Source File Reader" daemon [_thread_blocked, id=9628, stack(0x0000003c4d600000,0x0000003c4d700000) (1024K)]
  0x000001509bb82800 JavaThread "C1 CompilerThread3"         daemon [_thread_blocked, id=18496, stack(0x0000003c48800000,0x0000003c48900000) (1024K)]
  0x000001509bcb1dc0 JavaThread "Compiler Processing Task"   daemon [_thread_blocked, id=11468, stack(0x0000003c49300000,0x0000003c49400000) (1024K)]
  0x000001509bcadc20 JavaThread "Compiler Class File Writer" daemon [_thread_blocked, id=22036, stack(0x0000003c4b500000,0x0000003c4b600000) (1024K)]
  0x000001509bcabb50 JavaThread "Compiler Class File Writer" daemon [_thread_blocked, id=11160, stack(0x0000003c4d700000,0x0000003c4d800000) (1024K)]
  0x000001509bcacf00 JavaThread "Compiler Class File Writer" daemon [_thread_blocked, id=15216, stack(0x0000003c4d800000,0x0000003c4d900000) (1024K)]
  0x000001509bcaf660 JavaThread "Compiler Class File Writer" daemon [_thread_blocked, id=9064, stack(0x0000003c4d900000,0x0000003c4da00000) (1024K)]
  0x000001509bcb3170 JavaThread "Compiler Class File Writer" daemon [_thread_blocked, id=18828, stack(0x0000003c4da00000,0x0000003c4db00000) (1024K)]
  0x000001509bcb1730 JavaThread "Compiler Class File Writer" daemon [_thread_blocked, id=21500, stack(0x0000003c4db00000,0x0000003c4dc00000) (1024K)]
  0x000001509bcad590 JavaThread "Compiler Class File Writer" daemon [_thread_blocked, id=19100, stack(0x0000003c4dc00000,0x0000003c4dd00000) (1024K)]
  0x000001509bcae940 JavaThread "Compiler Class File Writer" daemon [_thread_blocked, id=20104, stack(0x0000003c4dd00000,0x0000003c4de00000) (1024K)]
  0x000001509bcafcf0 JavaThread "Compiler Class File Writer" daemon [_thread_blocked, id=17132, stack(0x0000003c4de00000,0x0000003c4df00000) (1024K)]
  0x000001509bcb0380 JavaThread "Compiler Class File Writer" daemon [_thread_blocked, id=9476, stack(0x0000003c4df00000,0x0000003c4e000000) (1024K)]
  0x00000150988b2290 JavaThread "Compiler Class File Writer" daemon [_thread_blocked, id=13924, stack(0x0000003c4e000000,0x0000003c4e100000) (1024K)]
  0x000001509cba6760 JavaThread "Compiler Class File Writer" daemon [_thread_blocked, id=12768, stack(0x0000003c4e100000,0x0000003c4e200000) (1024K)]
  0x000001509cba5a40 JavaThread "Compiler Class File Writer" daemon [_thread_blocked, id=21956, stack(0x0000003c4e200000,0x0000003c4e300000) (1024K)]
  0x000001509cba3970 JavaThread "Compiler Class File Writer" daemon [_thread_blocked, id=9184, stack(0x0000003c4e300000,0x0000003c4e400000) (1024K)]
Total: 98

Other Threads:
  0x00000150922836d0 VMThread "VM Thread"                           [id=1412, stack(0x0000003c47300000,0x0000003c47400000) (1024K)]
  0x000001503b7904c0 WatcherThread "VM Periodic Task Thread"        [id=21152, stack(0x0000003c47200000,0x0000003c47300000) (1024K)]
  0x000001503b7413a0 WorkerThread "GC Thread#0"                     [id=13056, stack(0x0000003c47100000,0x0000003c47200000) (1024K)]
  0x0000015098259b70 WorkerThread "GC Thread#1"                     [id=8676, stack(0x0000003c48200000,0x0000003c48300000) (1024K)]
  0x00000150985ead50 WorkerThread "GC Thread#2"                     [id=5296, stack(0x0000003c48300000,0x0000003c48400000) (1024K)]
  0x00000150985ed670 WorkerThread "GC Thread#3"                     [id=18560, stack(0x0000003c48400000,0x0000003c48500000) (1024K)]
  0x000001509813e070 WorkerThread "GC Thread#4"                     [id=21132, stack(0x0000003c48500000,0x0000003c48600000) (1024K)]
  0x0000015098440dd0 WorkerThread "GC Thread#5"                     [id=19812, stack(0x0000003c48600000,0x0000003c48700000) (1024K)]
  0x0000015098441170 WorkerThread "GC Thread#6"                     [id=16964, stack(0x0000003c48700000,0x0000003c48800000) (1024K)]
  0x0000015098d7bff0 WorkerThread "GC Thread#7"                     [id=16052, stack(0x0000003c48a00000,0x0000003c48b00000) (1024K)]
  0x0000015099246b10 WorkerThread "GC Thread#8"                     [id=20688, stack(0x0000003c48f00000,0x0000003c49000000) (1024K)]
  0x00000150989fe190 WorkerThread "GC Thread#9"                     [id=10876, stack(0x0000003c49000000,0x0000003c49100000) (1024K)]
  0x00000150989fec70 WorkerThread "GC Thread#10"                    [id=12924, stack(0x0000003c49100000,0x0000003c49200000) (1024K)]
  0x00000150989ff010 WorkerThread "GC Thread#11"                    [id=21240, stack(0x0000003c49400000,0x0000003c49500000) (1024K)]
  0x00000150989ff3b0 WorkerThread "GC Thread#12"                    [id=14712, stack(0x0000003c49500000,0x0000003c49600000) (1024K)]
Total: 15

Threads with active compile tasks:
C2 CompilerThread1  9529 11086       4       org.eclipse.jdt.internal.compiler.parser.Scanner::internalScanIdentifierOrKeyword (5081 bytes)
C2 CompilerThread2  9529 10482       4       org.eclipse.jdt.internal.compiler.lookup.LookupEnvironment::getTypeFromTypeSignature (770 bytes)
C2 CompilerThread3  9529 10633   !   4       com.google.inject.spi.InjectionPoint::getInjectionPoints (491 bytes)
Total: 3

VM state: at safepoint (normal execution)

VM Mutex/Monitor currently owned by a thread:  ([mutex/lock_event])
[0x00007ff974ffe380] Threads_lock - owner thread: 0x00000150922836d0
[0x00007ff974ffe480] Heap_lock - owner thread: 0x0000015098eb16c0

Heap address: 0x00000000c0000000, size: 1024 MB, Compressed Oops mode: 32-bit

CDS archive(s) mapped at: [0x0000015050000000-0x0000015050ba0000-0x0000015050ba0000), size 12189696, SharedBaseAddress: 0x0000015050000000, ArchiveRelocationMode: 1.
Compressed class space mapped at: 0x0000015051000000-0x0000015091000000, reserved size: 1073741824
Narrow klass base: 0x0000015050000000, Narrow klass shift: 0, Narrow klass range: 0x100000000

GC Precious Log:
 CardTable entry size: 512
 CPUs: 16 total, 16 available
 Memory: 15734M
 Large Page Support: Disabled
 NUMA Support: Disabled
 Compressed Oops: Enabled (32-bit)
 Alignments: Space 512K, Generation 512K, Heap 2M
 Heap Min Capacity: 100M
 Heap Initial Capacity: 100M
 Heap Max Capacity: 1G
 Pre-touch: Disabled
 Parallel Workers: 13

Heap:
 PSYoungGen      total 34816K, used 34575K [0x00000000eab00000, 0x00000000ed880000, 0x0000000100000000)
  eden space 25600K, 100% used [0x00000000eab00000,0x00000000ec400000,0x00000000ec400000)
  from space 9216K, 97% used [0x00000000ecf80000,0x00000000ed843e90,0x00000000ed880000)
  to   space 10240K, 99% used [0x00000000ec480000,0x00000000ece7c170,0x00000000ece80000)
 ParOldGen       total 237568K, used 237493K [0x00000000c0000000, 0x00000000ce800000, 0x00000000eab00000)
  object space 237568K, 99% used [0x00000000c0000000,0x00000000ce7ed4a0,0x00000000ce800000)
 Metaspace       used 60349K, committed 61696K, reserved 1114112K
  class space    used 6125K, committed 6720K, reserved 1048576K

Card table byte_map: [0x000001503b0d0000,0x000001503b2e0000] _byte_map_base: 0x000001503aad0000

Marking Bits: (ParMarkBitMap*) 0x00007ff975003260
 Begin Bits: [0x000001504d920000, 0x000001504e920000)
 End Bits:   [0x000001504e920000, 0x000001504f920000)

Polling page: 0x00000150394b0000

Metaspace:

Usage:
  Non-class:     52.95 MB used.
      Class:      5.98 MB used.
       Both:     58.93 MB used.

Virtual space:
  Non-class space:       64.00 MB reserved,      53.69 MB ( 84%) committed,  1 nodes.
      Class space:        1.00 GB reserved,       6.56 MB ( <1%) committed,  1 nodes.
             Both:        1.06 GB reserved,      60.25 MB (  6%) committed. 

Chunk freelists:
   Non-Class:  9.95 MB
       Class:  9.38 MB
        Both:  19.33 MB

MaxMetaspaceSize: unlimited
CompressedClassSpaceSize: 1.00 GB
Initial GC threshold: 21.00 MB
Current GC threshold: 94.50 MB
CDS: on
 - commit_granule_bytes: 65536.
 - commit_granule_words: 8192.
 - virtual_space_node_default_size: 8388608.
 - enlarge_chunks_in_place: 1.
 - use_allocation_guard: 0.


Internal statistics:

num_allocs_failed_limit: 6.
num_arena_births: 1144.
num_arena_deaths: 14.
num_vsnodes_births: 2.
num_vsnodes_deaths: 0.
num_space_committed: 964.
num_space_uncommitted: 0.
num_chunks_returned_to_freelist: 20.
num_chunks_taken_from_freelist: 4017.
num_chunk_merges: 9.
num_chunk_splits: 2441.
num_chunks_enlarged: 1307.
num_inconsistent_stats: 0.

CodeHeap 'non-profiled nmethods': size=119168Kb used=7779Kb max_used=7779Kb free=111388Kb
 bounds [0x00000150464c0000, 0x0000015046c60000, 0x000001504d920000]
CodeHeap 'profiled nmethods': size=119104Kb used=24271Kb max_used=24271Kb free=94833Kb
 bounds [0x000001503e920000, 0x00000150400e0000, 0x0000015045d70000]
CodeHeap 'non-nmethods': size=7488Kb used=3105Kb max_used=3185Kb free=4382Kb
 bounds [0x0000015045d70000, 0x00000150460a0000, 0x00000150464c0000]
 total_blobs=10995 nmethods=10266 adapters=631
 compilation: enabled
              stopped_count=0, restarted_count=0
 full_count=0

Compilation events (20 events):
Event: 9.486 Thread 0x000001509bb82800 nmethod 11078 0x00000150400cb490 code [0x00000150400cb720, 0x00000150400cc2f0]
Event: 9.486 Thread 0x00000150923b8330 11079       3       java.util.Hashtable::rehash (142 bytes)
Event: 9.486 Thread 0x000001509bb82800 11080   !   3       org.codehaus.plexus.interpolation.reflection.ClassMap::findMethod (107 bytes)
Event: 9.486 Thread 0x00000150922884d0 11081       3       org.codehaus.plexus.interpolation.reflection.ClassMap::makeMethodKey (75 bytes)
Event: 9.486 Thread 0x00000150923b8330 nmethod 11079 0x00000150400cc710 code [0x00000150400cc920, 0x00000150400ccf28]
Event: 9.486 Thread 0x000001509bb82800 nmethod 11080 0x00000150400cd190 code [0x00000150400cd3c0, 0x00000150400cdb10]
Event: 9.486 Thread 0x000001509bb82800 11082       3       java.util.Collections$SynchronizedCollection::iterator (10 bytes)
Event: 9.487 Thread 0x00000150922884d0 nmethod 11081 0x00000150400cdd90 code [0x00000150400cdfe0, 0x00000150400ce700]
Event: 9.487 Thread 0x000001509bb82800 nmethod 11082 0x00000150400cea90 code [0x00000150400cec40, 0x00000150400cee18]
Event: 9.487 Thread 0x000001509bb82800 11083       3       org.apache.maven.model.validation.DefaultModelValidator::isValidId (34 bytes)
Event: 9.487 Thread 0x00000150923b4e90 11084       3       java.lang.ThreadLocal::<init> (12 bytes)
Event: 9.487 Thread 0x00000150923b8330 11085       3       java.lang.ThreadLocal::nextHashCode (9 bytes)
Event: 9.487 Thread 0x00000150923b8330 nmethod 11085 0x00000150400cef10 code [0x00000150400cf0c0, 0x00000150400cf1f0]
Event: 9.487 Thread 0x000001509bb82800 nmethod 11083 0x00000150400cf290 code [0x00000150400cf4c0, 0x00000150400cfc98]
Event: 9.487 Thread 0x00000150923b4e90 nmethod 11084 0x00000150400d0010 code [0x00000150400d01c0, 0x00000150400d03d8]
Event: 9.491 Thread 0x00000150923b7c60 11086       4       org.eclipse.jdt.internal.compiler.parser.Scanner::internalScanIdentifierOrKeyword (5081 bytes)
Event: 9.509 Thread 0x000001509bb84a10 11087       4       org.codehaus.plexus.util.xml.pull.MXParser::isS (30 bytes)
Event: 9.510 Thread 0x000001509bb84a10 nmethod 11087 0x0000015046c58410 code [0x0000015046c58580, 0x0000015046c58608]
Event: 9.511 Thread 0x00000150923b8330 11088       3       org.codehaus.plexus.interpolation.reflection.ReflectionValueExtractor$Tokenizer::peekChar (30 bytes)
Event: 9.511 Thread 0x00000150923b4e90 11089       3       org.apache.maven.model.validation.DefaultModelValidator::validateId (120 bytes)

GC Heap History (20 events):
Event: 8.986 GC heap before
{Heap before GC invocations=160 (full 3):
 PSYoungGen      total 17920K, used 17521K [0x00000000eab00000, 0x00000000ec300000, 0x0000000100000000)
  eden space 13312K, 100% used [0x00000000eab00000,0x00000000eb800000,0x00000000eb800000)
  from space 4608K, 91% used [0x00000000ebe80000,0x00000000ec29c460,0x00000000ec300000)
  to   space 5120K, 0% used [0x00000000eb900000,0x00000000eb900000,0x00000000ebe00000)
 ParOldGen       total 201216K, used 200851K [0x00000000c0000000, 0x00000000cc480000, 0x00000000eab00000)
  object space 201216K, 99% used [0x00000000c0000000,0x00000000cc424e88,0x00000000cc480000)
 Metaspace       used 59213K, committed 60608K, reserved 1114112K
  class space    used 6015K, committed 6656K, reserved 1048576K
}
Event: 8.989 GC heap after
{Heap after GC invocations=160 (full 3):
 PSYoungGen      total 19456K, used 5105K [0x00000000eab00000, 0x00000000ec680000, 0x0000000100000000)
  eden space 14336K, 0% used [0x00000000eab00000,0x00000000eab00000,0x00000000eb900000)
  from space 5120K, 99% used [0x00000000eb900000,0x00000000ebdfc4d8,0x00000000ebe00000)
  to   space 6656K, 0% used [0x00000000ec000000,0x00000000ec000000,0x00000000ec680000)
 ParOldGen       total 201728K, used 201663K [0x00000000c0000000, 0x00000000cc500000, 0x00000000eab00000)
  object space 201728K, 99% used [0x00000000c0000000,0x00000000cc4eff88,0x00000000cc500000)
 Metaspace       used 59213K, committed 60608K, reserved 1114112K
  class space    used 6015K, committed 6656K, reserved 1048576K
}
Event: 9.024 GC heap before
{Heap before GC invocations=161 (full 3):
 PSYoungGen      total 19456K, used 19441K [0x00000000eab00000, 0x00000000ec680000, 0x0000000100000000)
  eden space 14336K, 100% used [0x00000000eab00000,0x00000000eb900000,0x00000000eb900000)
  from space 5120K, 99% used [0x00000000eb900000,0x00000000ebdfc4d8,0x00000000ebe00000)
  to   space 6656K, 0% used [0x00000000ec000000,0x00000000ec000000,0x00000000ec680000)
 ParOldGen       total 201728K, used 201663K [0x00000000c0000000, 0x00000000cc500000, 0x00000000eab00000)
  object space 201728K, 99% used [0x00000000c0000000,0x00000000cc4eff88,0x00000000cc500000)
 Metaspace       used 59284K, committed 60672K, reserved 1114112K
  class space    used 6022K, committed 6656K, reserved 1048576K
}
Event: 9.028 GC heap after
{Heap after GC invocations=161 (full 3):
 PSYoungGen      total 21504K, used 4734K [0x00000000eab00000, 0x00000000ec580000, 0x0000000100000000)
  eden space 15872K, 0% used [0x00000000eab00000,0x00000000eab00000,0x00000000eba80000)
  from space 5632K, 84% used [0x00000000ec000000,0x00000000ec49fb78,0x00000000ec580000)
  to   space 5632K, 0% used [0x00000000eba80000,0x00000000eba80000,0x00000000ec000000)
 ParOldGen       total 205312K, used 204997K [0x00000000c0000000, 0x00000000cc880000, 0x00000000eab00000)
  object space 205312K, 99% used [0x00000000c0000000,0x00000000cc8317c8,0x00000000cc880000)
 Metaspace       used 59284K, committed 60672K, reserved 1114112K
  class space    used 6022K, committed 6656K, reserved 1048576K
}
Event: 9.060 GC heap before
{Heap before GC invocations=162 (full 3):
 PSYoungGen      total 21504K, used 20606K [0x00000000eab00000, 0x00000000ec580000, 0x0000000100000000)
  eden space 15872K, 100% used [0x00000000eab00000,0x00000000eba80000,0x00000000eba80000)
  from space 5632K, 84% used [0x00000000ec000000,0x00000000ec49fb78,0x00000000ec580000)
  to   space 5632K, 0% used [0x00000000eba80000,0x00000000eba80000,0x00000000ec000000)
 ParOldGen       total 205312K, used 204997K [0x00000000c0000000, 0x00000000cc880000, 0x00000000eab00000)
  object space 205312K, 99% used [0x00000000c0000000,0x00000000cc8317c8,0x00000000cc880000)
 Metaspace       used 59362K, committed 60736K, reserved 1114112K
  class space    used 6029K, committed 6656K, reserved 1048576K
}
Event: 9.064 GC heap after
{Heap after GC invocations=162 (full 3):
 PSYoungGen      total 21504K, used 5629K [0x00000000eab00000, 0x00000000ecd00000, 0x0000000100000000)
  eden space 15872K, 0% used [0x00000000eab00000,0x00000000eab00000,0x00000000eba80000)
  from space 5632K, 99% used [0x00000000eba80000,0x00000000ebfff448,0x00000000ec000000)
  to   space 8704K, 0% used [0x00000000ec480000,0x00000000ec480000,0x00000000ecd00000)
 ParOldGen       total 207360K, used 207164K [0x00000000c0000000, 0x00000000cca80000, 0x00000000eab00000)
  object space 207360K, 99% used [0x00000000c0000000,0x00000000cca4f180,0x00000000cca80000)
 Metaspace       used 59362K, committed 60736K, reserved 1114112K
  class space    used 6029K, committed 6656K, reserved 1048576K
}
Event: 9.099 GC heap before
{Heap before GC invocations=163 (full 3):
 PSYoungGen      total 21504K, used 21501K [0x00000000eab00000, 0x00000000ecd00000, 0x0000000100000000)
  eden space 15872K, 100% used [0x00000000eab00000,0x00000000eba80000,0x00000000eba80000)
  from space 5632K, 99% used [0x00000000eba80000,0x00000000ebfff448,0x00000000ec000000)
  to   space 8704K, 0% used [0x00000000ec480000,0x00000000ec480000,0x00000000ecd00000)
 ParOldGen       total 207360K, used 207164K [0x00000000c0000000, 0x00000000cca80000, 0x00000000eab00000)
  object space 207360K, 99% used [0x00000000c0000000,0x00000000cca4f180,0x00000000cca80000)
 Metaspace       used 59690K, committed 60992K, reserved 1114112K
  class space    used 6054K, committed 6656K, reserved 1048576K
}
Event: 9.105 GC heap after
{Heap after GC invocations=163 (full 3):
 PSYoungGen      total 23552K, used 5739K [0x00000000eab00000, 0x00000000eca80000, 0x0000000100000000)
  eden space 17408K, 0% used [0x00000000eab00000,0x00000000eab00000,0x00000000ebc00000)
  from space 6144K, 93% used [0x00000000ec480000,0x00000000eca1aed0,0x00000000eca80000)
  to   space 6656K, 0% used [0x00000000ebd80000,0x00000000ebd80000,0x00000000ec400000)
 ParOldGen       total 210432K, used 210361K [0x00000000c0000000, 0x00000000ccd80000, 0x00000000eab00000)
  object space 210432K, 99% used [0x00000000c0000000,0x00000000ccd6e608,0x00000000ccd80000)
 Metaspace       used 59690K, committed 60992K, reserved 1114112K
  class space    used 6054K, committed 6656K, reserved 1048576K
}
Event: 9.154 GC heap before
{Heap before GC invocations=164 (full 3):
 PSYoungGen      total 23552K, used 23147K [0x00000000eab00000, 0x00000000eca80000, 0x0000000100000000)
  eden space 17408K, 100% used [0x00000000eab00000,0x00000000ebc00000,0x00000000ebc00000)
  from space 6144K, 93% used [0x00000000ec480000,0x00000000eca1aed0,0x00000000eca80000)
  to   space 6656K, 0% used [0x00000000ebd80000,0x00000000ebd80000,0x00000000ec400000)
 ParOldGen       total 210432K, used 210361K [0x00000000c0000000, 0x00000000ccd80000, 0x00000000eab00000)
  object space 210432K, 99% used [0x00000000c0000000,0x00000000ccd6e608,0x00000000ccd80000)
 Metaspace       used 59879K, committed 61184K, reserved 1114112K
  class space    used 6079K, committed 6656K, reserved 1048576K
}
Event: 9.157 GC heap after
{Heap after GC invocations=164 (full 3):
 PSYoungGen      total 25600K, used 6626K [0x00000000eab00000, 0x00000000ed180000, 0x0000000100000000)
  eden space 18944K, 0% used [0x00000000eab00000,0x00000000eab00000,0x00000000ebd80000)
  from space 6656K, 99% used [0x00000000ebd80000,0x00000000ec3f8b00,0x00000000ec400000)
  to   space 10240K, 0% used [0x00000000ec780000,0x00000000ec780000,0x00000000ed180000)
 ParOldGen       total 213504K, used 213084K [0x00000000c0000000, 0x00000000cd080000, 0x00000000eab00000)
  object space 213504K, 99% used [0x00000000c0000000,0x00000000cd017208,0x00000000cd080000)
 Metaspace       used 59879K, committed 61184K, reserved 1114112K
  class space    used 6079K, committed 6656K, reserved 1048576K
}
Event: 9.203 GC heap before
{Heap before GC invocations=165 (full 3):
 PSYoungGen      total 25600K, used 25570K [0x00000000eab00000, 0x00000000ed180000, 0x0000000100000000)
  eden space 18944K, 100% used [0x00000000eab00000,0x00000000ebd80000,0x00000000ebd80000)
  from space 6656K, 99% used [0x00000000ebd80000,0x00000000ec3f8b00,0x00000000ec400000)
  to   space 10240K, 0% used [0x00000000ec780000,0x00000000ec780000,0x00000000ed180000)
 ParOldGen       total 213504K, used 213084K [0x00000000c0000000, 0x00000000cd080000, 0x00000000eab00000)
  object space 213504K, 99% used [0x00000000c0000000,0x00000000cd017208,0x00000000cd080000)
 Metaspace       used 59911K, committed 61248K, reserved 1114112K
  class space    used 6084K, committed 6720K, reserved 1048576K
}
Event: 9.208 GC heap after
{Heap after GC invocations=165 (full 3):
 PSYoungGen      total 27648K, used 6712K [0x00000000eab00000, 0x00000000ece80000, 0x0000000100000000)
  eden space 20480K, 0% used [0x00000000eab00000,0x00000000eab00000,0x00000000ebf00000)
  from space 7168K, 93% used [0x00000000ec780000,0x00000000ece0e150,0x00000000ece80000)
  to   space 7680K, 0% used [0x00000000ebf80000,0x00000000ebf80000,0x00000000ec700000)
 ParOldGen       total 217600K, used 217278K [0x00000000c0000000, 0x00000000cd480000, 0x00000000eab00000)
  object space 217600K, 99% used [0x00000000c0000000,0x00000000cd42fb80,0x00000000cd480000)
 Metaspace       used 59911K, committed 61248K, reserved 1114112K
  class space    used 6084K, committed 6720K, reserved 1048576K
}
Event: 9.258 GC heap before
{Heap before GC invocations=166 (full 3):
 PSYoungGen      total 27648K, used 27192K [0x00000000eab00000, 0x00000000ece80000, 0x0000000100000000)
  eden space 20480K, 100% used [0x00000000eab00000,0x00000000ebf00000,0x00000000ebf00000)
  from space 7168K, 93% used [0x00000000ec780000,0x00000000ece0e150,0x00000000ece80000)
  to   space 7680K, 0% used [0x00000000ebf80000,0x00000000ebf80000,0x00000000ec700000)
 ParOldGen       total 217600K, used 217278K [0x00000000c0000000, 0x00000000cd480000, 0x00000000eab00000)
  object space 217600K, 99% used [0x00000000c0000000,0x00000000cd42fb80,0x00000000cd480000)
 Metaspace       used 59991K, committed 61312K, reserved 1114112K
  class space    used 6095K, committed 6720K, reserved 1048576K
}
Event: 9.263 GC heap after
{Heap after GC invocations=166 (full 3):
 PSYoungGen      total 28672K, used 7651K [0x00000000eab00000, 0x00000000ed880000, 0x0000000100000000)
  eden space 20992K, 0% used [0x00000000eab00000,0x00000000eab00000,0x00000000ebf80000)
  from space 7680K, 99% used [0x00000000ebf80000,0x00000000ec6f8cc8,0x00000000ec700000)
  to   space 12288K, 0% used [0x00000000ecc80000,0x00000000ecc80000,0x00000000ed880000)
 ParOldGen       total 221184K, used 220754K [0x00000000c0000000, 0x00000000cd800000, 0x00000000eab00000)
  object space 221184K, 99% used [0x00000000c0000000,0x00000000cd7949f8,0x00000000cd800000)
 Metaspace       used 59991K, committed 61312K, reserved 1114112K
  class space    used 6095K, committed 6720K, reserved 1048576K
}
Event: 9.351 GC heap before
{Heap before GC invocations=167 (full 3):
 PSYoungGen      total 28672K, used 28643K [0x00000000eab00000, 0x00000000ed880000, 0x0000000100000000)
  eden space 20992K, 100% used [0x00000000eab00000,0x00000000ebf80000,0x00000000ebf80000)
  from space 7680K, 99% used [0x00000000ebf80000,0x00000000ec6f8cc8,0x00000000ec700000)
  to   space 12288K, 0% used [0x00000000ecc80000,0x00000000ecc80000,0x00000000ed880000)
 ParOldGen       total 221184K, used 220754K [0x00000000c0000000, 0x00000000cd800000, 0x00000000eab00000)
  object space 221184K, 99% used [0x00000000c0000000,0x00000000cd7949f8,0x00000000cd800000)
 Metaspace       used 60279K, committed 61632K, reserved 1114112K
  class space    used 6123K, committed 6720K, reserved 1048576K
}
Event: 9.356 GC heap after
{Heap after GC invocations=167 (full 3):
 PSYoungGen      total 30208K, used 7619K [0x00000000eab00000, 0x00000000ed400000, 0x0000000100000000)
  eden space 22528K, 0% used [0x00000000eab00000,0x00000000eab00000,0x00000000ec100000)
  from space 7680K, 99% used [0x00000000ecc80000,0x00000000ed3f0cc0,0x00000000ed400000)
  to   space 9216K, 0% used [0x00000000ec200000,0x00000000ec200000,0x00000000ecb00000)
 ParOldGen       total 225280K, used 225107K [0x00000000c0000000, 0x00000000cdc00000, 0x00000000eab00000)
  object space 225280K, 99% used [0x00000000c0000000,0x00000000cdbd4cc0,0x00000000cdc00000)
 Metaspace       used 60279K, committed 61632K, reserved 1114112K
  class space    used 6123K, committed 6720K, reserved 1048576K
}
Event: 9.406 GC heap before
{Heap before GC invocations=168 (full 3):
 PSYoungGen      total 30208K, used 30147K [0x00000000eab00000, 0x00000000ed400000, 0x0000000100000000)
  eden space 22528K, 100% used [0x00000000eab00000,0x00000000ec100000,0x00000000ec100000)
  from space 7680K, 99% used [0x00000000ecc80000,0x00000000ed3f0cc0,0x00000000ed400000)
  to   space 9216K, 0% used [0x00000000ec200000,0x00000000ec200000,0x00000000ecb00000)
 ParOldGen       total 225280K, used 225107K [0x00000000c0000000, 0x00000000cdc00000, 0x00000000eab00000)
  object space 225280K, 99% used [0x00000000c0000000,0x00000000cdbd4cc0,0x00000000cdc00000)
 Metaspace       used 60315K, committed 61696K, reserved 1114112K
  class space    used 6124K, committed 6720K, reserved 1048576K
}
Event: 9.411 GC heap after
{Heap after GC invocations=168 (full 3):
 PSYoungGen      total 32768K, used 9208K [0x00000000eab00000, 0x00000000edc80000, 0x0000000100000000)
  eden space 23552K, 0% used [0x00000000eab00000,0x00000000eab00000,0x00000000ec200000)
  from space 9216K, 99% used [0x00000000ec200000,0x00000000ecafe1e8,0x00000000ecb00000)
  to   space 13312K, 0% used [0x00000000ecf80000,0x00000000ecf80000,0x00000000edc80000)
 ParOldGen       total 228352K, used 228242K [0x00000000c0000000, 0x00000000cdf00000, 0x00000000eab00000)
  object space 228352K, 99% used [0x00000000c0000000,0x00000000cdee4bb0,0x00000000cdf00000)
 Metaspace       used 60315K, committed 61696K, reserved 1114112K
  class space    used 6124K, committed 6720K, reserved 1048576K
}
Event: 9.458 GC heap before
{Heap before GC invocations=169 (full 3):
 PSYoungGen      total 32768K, used 32760K [0x00000000eab00000, 0x00000000edc80000, 0x0000000100000000)
  eden space 23552K, 100% used [0x00000000eab00000,0x00000000ec200000,0x00000000ec200000)
  from space 9216K, 99% used [0x00000000ec200000,0x00000000ecafe1e8,0x00000000ecb00000)
  to   space 13312K, 0% used [0x00000000ecf80000,0x00000000ecf80000,0x00000000edc80000)
 ParOldGen       total 228352K, used 228242K [0x00000000c0000000, 0x00000000cdf00000, 0x00000000eab00000)
  object space 228352K, 99% used [0x00000000c0000000,0x00000000cdee4bb0,0x00000000cdf00000)
 Metaspace       used 60336K, committed 61696K, reserved 1114112K
  class space    used 6125K, committed 6720K, reserved 1048576K
}
Event: 9.464 GC heap after
{Heap after GC invocations=169 (full 3):
 PSYoungGen      total 34816K, used 8975K [0x00000000eab00000, 0x00000000ed880000, 0x0000000100000000)
  eden space 25600K, 0% used [0x00000000eab00000,0x00000000eab00000,0x00000000ec400000)
  from space 9216K, 97% used [0x00000000ecf80000,0x00000000ed843e90,0x00000000ed880000)
  to   space 10240K, 0% used [0x00000000ec480000,0x00000000ec480000,0x00000000ece80000)
 ParOldGen       total 233984K, used 233829K [0x00000000c0000000, 0x00000000ce480000, 0x00000000eab00000)
  object space 233984K, 99% used [0x00000000c0000000,0x00000000ce459448,0x00000000ce480000)
 Metaspace       used 60336K, committed 61696K, reserved 1114112K
  class space    used 6125K, committed 6720K, reserved 1048576K
}

Dll operation events (10 events):
Event: 0.004 Loaded shared library c:\Users\Admin\.cursor\extensions\redhat.java-1.41.1-win32-x64\jre\21.0.6-win32-x86_64\bin\java.dll
Event: 0.062 Loaded shared library c:\Users\Admin\.cursor\extensions\redhat.java-1.41.1-win32-x64\jre\21.0.6-win32-x86_64\bin\zip.dll
Event: 0.075 Loaded shared library C:\Users\Admin\.cursor\extensions\redhat.java-1.41.1-win32-x64\jre\21.0.6-win32-x86_64\bin\instrument.dll
Event: 0.078 Loaded shared library C:\Users\Admin\.cursor\extensions\redhat.java-1.41.1-win32-x64\jre\21.0.6-win32-x86_64\bin\net.dll
Event: 0.079 Loaded shared library C:\Users\Admin\.cursor\extensions\redhat.java-1.41.1-win32-x64\jre\21.0.6-win32-x86_64\bin\nio.dll
Event: 0.081 Loaded shared library C:\Users\Admin\.cursor\extensions\redhat.java-1.41.1-win32-x64\jre\21.0.6-win32-x86_64\bin\zip.dll
Event: 0.092 Loaded shared library C:\Users\Admin\.cursor\extensions\redhat.java-1.41.1-win32-x64\jre\21.0.6-win32-x86_64\bin\jimage.dll
Event: 0.142 Loaded shared library c:\Users\Admin\.cursor\extensions\redhat.java-1.41.1-win32-x64\jre\21.0.6-win32-x86_64\bin\verify.dll
Event: 0.932 Loaded shared library C:\Users\Admin\AppData\Roaming\Cursor\User\globalStorage\redhat.java\1.41.1\config_win\org.eclipse.equinox.launcher\org.eclipse.equinox.launcher.win32.win32.x86_64_1.2.1300.v20250331-1702\eclipse_11911.dll
Event: 1.856 Loaded shared library C:\Users\Admin\AppData\Local\Temp\jna-63116079\jna10136711700133812108.dll

Deoptimization events (20 events):
Event: 9.405 Thread 0x0000015098eb0310 Uncommon trap: trap_request=0xffffffde fr.pc=0x0000015046699848 relative=0x00000000000000a8
Event: 9.405 Thread 0x0000015098eb0310 Uncommon trap: reason=class_check action=maybe_recompile pc=0x0000015046699848 method=java.util.regex.Pattern.lambda$negate$7(Ljava/util/regex/Pattern$CharPredicate;I)Z @ 2 c2
Event: 9.405 Thread 0x0000015098eb0310 DEOPT PACKING pc=0x0000015046699848 sp=0x0000003c49ffd2f0
Event: 9.405 Thread 0x0000015098eb0310 DEOPT UNPACKING pc=0x0000015045dc3aa2 sp=0x0000003c49ffd220 mode 2
Event: 9.405 Thread 0x0000015098eb0310 Uncommon trap: trap_request=0xffffffde fr.pc=0x0000015046699848 relative=0x00000000000000a8
Event: 9.405 Thread 0x0000015098eb0310 Uncommon trap: reason=class_check action=maybe_recompile pc=0x0000015046699848 method=java.util.regex.Pattern.lambda$negate$7(Ljava/util/regex/Pattern$CharPredicate;I)Z @ 2 c2
Event: 9.405 Thread 0x0000015098eb0310 DEOPT PACKING pc=0x0000015046699848 sp=0x0000003c49ffd2f0
Event: 9.405 Thread 0x0000015098eb0310 DEOPT UNPACKING pc=0x0000015045dc3aa2 sp=0x0000003c49ffd220 mode 2
Event: 9.441 Thread 0x0000015098eb0310 Uncommon trap: trap_request=0xffffff45 fr.pc=0x00000150465cbdac relative=0x000000000000146c
Event: 9.441 Thread 0x0000015098eb0310 Uncommon trap: reason=unstable_if action=reinterpret pc=0x00000150465cbdac method=java.lang.String.<init>(Ljava/nio/charset/Charset;[BII)V @ 113 c2
Event: 9.441 Thread 0x0000015098eb0310 DEOPT PACKING pc=0x00000150465cbdac sp=0x0000003c49ffd190
Event: 9.441 Thread 0x0000015098eb0310 DEOPT UNPACKING pc=0x0000015045dc3aa2 sp=0x0000003c49ffd160 mode 2
Event: 9.449 Thread 0x0000015098eb0310 Uncommon trap: trap_request=0xffffff45 fr.pc=0x00000150468b1c88 relative=0x0000000000000068
Event: 9.449 Thread 0x0000015098eb0310 Uncommon trap: reason=unstable_if action=reinterpret pc=0x00000150468b1c88 method=java.util.stream.StreamOpFlag.fromCharacteristics(Ljava/util/Spliterator;)I @ 10 c2
Event: 9.449 Thread 0x0000015098eb0310 DEOPT PACKING pc=0x00000150468b1c88 sp=0x0000003c49ffd650
Event: 9.449 Thread 0x0000015098eb0310 DEOPT UNPACKING pc=0x0000015045dc3aa2 sp=0x0000003c49ffd5e8 mode 2
Event: 9.449 Thread 0x0000015098eb0310 Uncommon trap: trap_request=0xffffff45 fr.pc=0x0000015046598904 relative=0x0000000000000324
Event: 9.449 Thread 0x0000015098eb0310 Uncommon trap: reason=unstable_if action=reinterpret pc=0x0000015046598904 method=java.lang.ThreadLocal$ThreadLocalMap.set(Ljava/lang/ThreadLocal;Ljava/lang/Object;)V @ 116 c2
Event: 9.449 Thread 0x0000015098eb0310 DEOPT PACKING pc=0x0000015046598904 sp=0x0000003c49ffd2b0
Event: 9.449 Thread 0x0000015098eb0310 DEOPT UNPACKING pc=0x0000015045dc3aa2 sp=0x0000003c49ffd238 mode 2

Classes loaded (20 events):
Event: 8.415 Loading class java/util/stream/IntStream done
Event: 8.415 Loading class java/util/stream/IntPipeline done
Event: 8.415 Loading class java/util/stream/IntPipeline$StatelessOp done
Event: 8.415 Loading class java/util/stream/ReferencePipeline$4 done
Event: 8.417 Loading class java/util/stream/Nodes$IntFixedNodeBuilder
Event: 8.417 Loading class java/util/stream/Node$Builder$OfInt
Event: 8.417 Loading class java/util/stream/Sink$OfInt
Event: 8.418 Loading class java/util/stream/Sink$OfInt done
Event: 8.418 Loading class java/util/stream/Node$Builder$OfInt done
Event: 8.418 Loading class java/util/stream/Nodes$IntArrayNode
Event: 8.418 Loading class java/util/stream/Nodes$IntArrayNode done
Event: 8.418 Loading class java/util/stream/Nodes$IntFixedNodeBuilder done
Event: 8.418 Loading class java/util/stream/ReferencePipeline$4$1
Event: 8.418 Loading class java/util/stream/ReferencePipeline$4$1 done
Event: 8.871 Loading class jdk/internal/module/IllegalAccessLogger
Event: 8.871 Loading class jdk/internal/module/IllegalAccessLogger done
Event: 9.279 Loading class java/util/stream/IntPipeline$Head
Event: 9.280 Loading class java/util/stream/IntPipeline$Head done
Event: 9.448 Loading class java/util/stream/Streams$RangeIntSpliterator
Event: 9.449 Loading class java/util/stream/Streams$RangeIntSpliterator done

Classes unloaded (7 events):
Event: 2.324 Thread 0x00000150922836d0 Unloading class 0x0000015051193c00 'java/lang/invoke/LambdaForm$MH+0x0000015051193c00'
Event: 2.324 Thread 0x00000150922836d0 Unloading class 0x0000015051193800 'java/lang/invoke/LambdaForm$MH+0x0000015051193800'
Event: 2.324 Thread 0x00000150922836d0 Unloading class 0x0000015051193400 'java/lang/invoke/LambdaForm$MH+0x0000015051193400'
Event: 2.324 Thread 0x00000150922836d0 Unloading class 0x0000015051193000 'java/lang/invoke/LambdaForm$MH+0x0000015051193000'
Event: 2.324 Thread 0x00000150922836d0 Unloading class 0x0000015051192c00 'java/lang/invoke/LambdaForm$BMH+0x0000015051192c00'
Event: 2.324 Thread 0x00000150922836d0 Unloading class 0x0000015051192800 'java/lang/invoke/LambdaForm$DMH+0x0000015051192800'
Event: 2.324 Thread 0x00000150922836d0 Unloading class 0x0000015051191400 'java/lang/invoke/LambdaForm$DMH+0x0000015051191400'

Classes redefined (0 events):
No events

Internal exceptions (20 events):
Event: 5.949 Thread 0x0000015098eb0310 Exception <a 'java/lang/NoSuchMethodError'{0x00000000eaf171f8}: 'int java.lang.invoke.DirectMethodHandle$Holder.invokeSpecialIFC(java.lang.Object, java.lang.Object, java.lang.Object, java.lang.Object)'> (0x00000000eaf171f8) 
thrown [s\src\hotspot\share\interpreter\linkResolver.cpp, line 773]
Event: 5.983 Thread 0x0000015098eb0310 Exception <a 'sun/nio/fs/WindowsException'{0x00000000ead290e8}> (0x00000000ead290e8) 
thrown [s\src\hotspot\share\prims\jni.cpp, line 520]
Event: 5.987 Thread 0x000001509b432810 Exception <a 'sun/nio/fs/WindowsException'{0x00000000eae0c1f0}> (0x00000000eae0c1f0) 
thrown [s\src\hotspot\share\prims\jni.cpp, line 520]
Event: 5.987 Thread 0x000001509b432180 Exception <a 'sun/nio/fs/WindowsException'{0x00000000eae384d8}> (0x00000000eae384d8) 
thrown [s\src\hotspot\share\prims\jni.cpp, line 520]
Event: 5.988 Thread 0x000001509b432ea0 Exception <a 'sun/nio/fs/WindowsException'{0x00000000eae64968}> (0x00000000eae64968) 
thrown [s\src\hotspot\share\prims\jni.cpp, line 520]
Event: 6.927 Thread 0x0000015098eb0310 Implicit null exception at 0x0000015046a9a019 to 0x0000015046a9a1ad
Event: 6.929 Thread 0x0000015098eb0310 Implicit null exception at 0x0000015046a9aee8 to 0x0000015046a9b086
Event: 6.995 Thread 0x0000015098eb0310 Exception <a 'java/lang/NoSuchMethodError'{0x00000000eafefad8}: 'java.lang.Object java.lang.invoke.DirectMethodHandle$Holder.invokeStatic(java.lang.Object, java.lang.Object, int, int)'> (0x00000000eafefad8) 
thrown [s\src\hotspot\share\interpreter\linkResolver.cpp, line 773]
Event: 6.998 Thread 0x0000015098eb0310 Exception <a 'java/lang/NoSuchMethodError'{0x00000000eab17dd0}: 'java.lang.Object java.lang.invoke.DirectMethodHandle$Holder.invokeSpecial(java.lang.Object, java.lang.Object, java.lang.Object, int, int)'> (0x00000000eab17dd0) 
thrown [s\src\hotspot\share\interpreter\linkResolver.cpp, line 773]
Event: 7.090 Thread 0x0000015098eb0310 Exception <a 'java/lang/NoSuchMethodError'{0x00000000eaca9850}: 'int java.lang.invoke.DirectMethodHandle$Holder.invokeSpecialIFC(java.lang.Object, java.lang.Object, java.lang.Object)'> (0x00000000eaca9850) 
thrown [s\src\hotspot\share\interpreter\linkResolver.cpp, line 773]
Event: 7.149 Thread 0x0000015098eb16c0 Implicit null exception at 0x0000015046afc10b to 0x0000015046b01830
Event: 7.257 Thread 0x0000015098eb0310 Implicit null exception at 0x000001504677104f to 0x00000150467711b4
Event: 8.318 Thread 0x000001509bcb1dc0 Exception <a 'java/lang/NoSuchMethodError'{0x00000000eadcd5d8}: 'void java.lang.invoke.DirectMethodHandle$Holder.invokeStatic(java.lang.Object, int, java.lang.Object)'> (0x00000000eadcd5d8) 
thrown [s\src\hotspot\share\interpreter\linkResolver.cpp, line 773]
Event: 8.341 Thread 0x0000015098eb0310 Exception <a 'java/lang/NoSuchMethodError'{0x00000000ead90cd0}: 'java.lang.Object java.lang.invoke.DirectMethodHandle$Holder.newInvokeSpecial(java.lang.Object, java.lang.Object, int, int, java.lang.Object)'> (0x00000000ead90cd0) 
thrown [s\src\hotspot\share\interpreter\linkResolver.cpp, line 773]
Event: 8.811 Thread 0x0000015098eb0310 Exception <a 'sun/nio/fs/WindowsException'{0x00000000eab980c8}> (0x00000000eab980c8) 
thrown [s\src\hotspot\share\prims\jni.cpp, line 520]
Event: 8.811 Thread 0x00000150a7993b50 Exception <a 'sun/nio/fs/WindowsException'{0x00000000eabea0a8}> (0x00000000eabea0a8) 
thrown [s\src\hotspot\share\prims\jni.cpp, line 520]
Event: 8.880 Thread 0x0000015098eb0310 Exception <a 'sun/nio/fs/WindowsException'{0x00000000eaef5220}> (0x00000000eaef5220) 
thrown [s\src\hotspot\share\prims\jni.cpp, line 520]
Event: 8.880 Thread 0x0000015098eb0310 Exception <a 'sun/nio/fs/WindowsException'{0x00000000eaef5850}> (0x00000000eaef5850) 
thrown [s\src\hotspot\share\prims\jni.cpp, line 520]
Event: 9.282 Thread 0x0000015098eb0310 Exception <a 'java/lang/NoSuchMethodError'{0x00000000eaf30fb8}: 'void java.lang.invoke.DirectMethodHandle$Holder.invokeStatic(java.lang.Object, java.lang.Object, java.lang.Object, int)'> (0x00000000eaf30fb8) 
thrown [s\src\hotspot\share\interpreter\linkResolver.cpp, line 773]
Event: 9.291 Thread 0x0000015098eb0310 Exception <a 'java/lang/NoSuchMethodError'{0x00000000eb155c98}: 'void java.lang.invoke.DirectMethodHandle$Holder.invokeVirtual(java.lang.Object, java.lang.Object, int)'> (0x00000000eb155c98) 
thrown [s\src\hotspot\share\interpreter\linkResolver.cpp, line 773]

ZGC Phase Switch (0 events):
No events

VM Operations (20 events):
Event: 9.024 Executing VM operation: ParallelGCFailedAllocation (Allocation Failure)
Event: 9.029 Executing VM operation: ParallelGCFailedAllocation (Allocation Failure) done
Event: 9.042 Executing VM operation: HandshakeAllThreads (Deoptimize)
Event: 9.042 Executing VM operation: HandshakeAllThreads (Deoptimize) done
Event: 9.060 Executing VM operation: ParallelGCFailedAllocation (Allocation Failure)
Event: 9.064 Executing VM operation: ParallelGCFailedAllocation (Allocation Failure) done
Event: 9.099 Executing VM operation: ParallelGCFailedAllocation (Allocation Failure)
Event: 9.105 Executing VM operation: ParallelGCFailedAllocation (Allocation Failure) done
Event: 9.154 Executing VM operation: ParallelGCFailedAllocation (Allocation Failure)
Event: 9.157 Executing VM operation: ParallelGCFailedAllocation (Allocation Failure) done
Event: 9.203 Executing VM operation: ParallelGCFailedAllocation (Allocation Failure)
Event: 9.208 Executing VM operation: ParallelGCFailedAllocation (Allocation Failure) done
Event: 9.258 Executing VM operation: ParallelGCFailedAllocation (Allocation Failure)
Event: 9.263 Executing VM operation: ParallelGCFailedAllocation (Allocation Failure) done
Event: 9.351 Executing VM operation: ParallelGCFailedAllocation (Allocation Failure)
Event: 9.356 Executing VM operation: ParallelGCFailedAllocation (Allocation Failure) done
Event: 9.406 Executing VM operation: ParallelGCFailedAllocation (Allocation Failure)
Event: 9.411 Executing VM operation: ParallelGCFailedAllocation (Allocation Failure) done
Event: 9.458 Executing VM operation: ParallelGCFailedAllocation (Allocation Failure)
Event: 9.464 Executing VM operation: ParallelGCFailedAllocation (Allocation Failure) done

Memory protections (0 events):
No events

Nmethod flushes (20 events):
Event: 7.365 Thread 0x00000150922836d0 flushing  nmethod 0x000001503f2fe990
Event: 7.365 Thread 0x00000150922836d0 flushing  nmethod 0x000001503f300290
Event: 7.365 Thread 0x00000150922836d0 flushing  nmethod 0x000001503f300890
Event: 7.365 Thread 0x00000150922836d0 flushing  nmethod 0x000001503f301110
Event: 7.365 Thread 0x00000150922836d0 flushing  nmethod 0x000001503f302c10
Event: 7.365 Thread 0x00000150922836d0 flushing  nmethod 0x000001503f306510
Event: 7.365 Thread 0x00000150922836d0 flushing  nmethod 0x000001503f311090
Event: 7.365 Thread 0x00000150922836d0 flushing  nmethod 0x000001503f317710
Event: 7.365 Thread 0x00000150922836d0 flushing  nmethod 0x000001503f334910
Event: 7.365 Thread 0x00000150922836d0 flushing  nmethod 0x000001503f341c10
Event: 7.365 Thread 0x00000150922836d0 flushing  nmethod 0x000001503f378590
Event: 7.365 Thread 0x00000150922836d0 flushing  nmethod 0x000001503f382590
Event: 7.365 Thread 0x00000150922836d0 flushing  nmethod 0x000001503f3b8790
Event: 7.365 Thread 0x00000150922836d0 flushing  nmethod 0x000001503f3ba290
Event: 7.365 Thread 0x00000150922836d0 flushing  nmethod 0x000001503f3bac90
Event: 7.365 Thread 0x00000150922836d0 flushing  nmethod 0x000001503f3bb090
Event: 7.365 Thread 0x00000150922836d0 flushing  nmethod 0x000001503f3bb510
Event: 7.365 Thread 0x00000150922836d0 flushing  nmethod 0x000001503f3bce10
Event: 7.365 Thread 0x00000150922836d0 flushing  nmethod 0x000001503f3c3390
Event: 7.365 Thread 0x00000150922836d0 flushing  nmethod 0x000001503f3ca390

Events (20 events):
Event: 6.025 Thread 0x0000015098eb0310 Thread added: 0x000001509bcb2450
Event: 8.182 Thread 0x00000150988b2290 Thread exited: 0x00000150988b2290
Event: 8.183 Thread 0x000001509bb81390 Thread exited: 0x000001509bb81390
Event: 8.183 Thread 0x00000150923b90d0 Thread exited: 0x00000150923b90d0
Event: 8.200 Thread 0x00000150923b8330 Thread added: 0x000001509bb82800
Event: 8.242 Thread 0x0000015098eb0310 Thread added: 0x000001509bcb1dc0
Event: 8.342 Thread 0x0000015098eb0310 Thread added: 0x000001509bcadc20
Event: 8.348 Thread 0x0000015098eb0310 Thread added: 0x000001509bcabb50
Event: 8.348 Thread 0x0000015098eb0310 Thread added: 0x000001509bcacf00
Event: 8.348 Thread 0x0000015098eb0310 Thread added: 0x000001509bcaf660
Event: 8.354 Thread 0x0000015098eb0310 Thread added: 0x000001509bcb3170
Event: 8.354 Thread 0x0000015098eb0310 Thread added: 0x000001509bcb1730
Event: 8.367 Thread 0x0000015098eb0310 Thread added: 0x000001509bcad590
Event: 8.367 Thread 0x0000015098eb0310 Thread added: 0x000001509bcae940
Event: 8.374 Thread 0x0000015098eb0310 Thread added: 0x000001509bcafcf0
Event: 8.378 Thread 0x0000015098eb0310 Thread added: 0x000001509bcb0380
Event: 8.383 Thread 0x0000015098eb0310 Thread added: 0x00000150988b2290
Event: 8.411 Thread 0x0000015098eb0310 Thread added: 0x000001509cba6760
Event: 8.449 Thread 0x0000015098eb0310 Thread added: 0x000001509cba5a40
Event: 8.485 Thread 0x0000015098eb0310 Thread added: 0x000001509cba3970


Dynamic libraries:
0x00007ff63ab90000 - 0x00007ff63ab9e000 	c:\Users\Admin\.cursor\extensions\redhat.java-1.41.1-win32-x64\jre\21.0.6-win32-x86_64\bin\java.exe
0x00007ff9d7e10000 - 0x00007ff9d8008000 	C:\Windows\SYSTEM32\ntdll.dll
0x00007ff9d60f0000 - 0x00007ff9d61b2000 	C:\Windows\System32\KERNEL32.DLL
0x00007ff9d5760000 - 0x00007ff9d5a56000 	C:\Windows\System32\KERNELBASE.dll
0x00007ff9d5d20000 - 0x00007ff9d5e20000 	C:\Windows\System32\ucrtbase.dll
0x00007ff9b7800000 - 0x00007ff9b7818000 	c:\Users\Admin\.cursor\extensions\redhat.java-1.41.1-win32-x64\jre\21.0.6-win32-x86_64\bin\jli.dll
0x00007ff9b77e0000 - 0x00007ff9b77fe000 	c:\Users\Admin\.cursor\extensions\redhat.java-1.41.1-win32-x64\jre\21.0.6-win32-x86_64\bin\VCRUNTIME140.dll
0x00007ff9d6e00000 - 0x00007ff9d6f9d000 	C:\Windows\System32\USER32.dll
0x00007ff9c3890000 - 0x00007ff9c3b2a000 	C:\Windows\WinSxS\amd64_microsoft.windows.common-controls_6595b64144ccf1df_6.0.19041.4355_none_60b8b9eb71f62e16\COMCTL32.dll
0x00007ff9d5a60000 - 0x00007ff9d5a82000 	C:\Windows\System32\win32u.dll
0x00007ff9d7230000 - 0x00007ff9d72ce000 	C:\Windows\System32\msvcrt.dll
0x00007ff9d7570000 - 0x00007ff9d759b000 	C:\Windows\System32\GDI32.dll
0x00007ff9d5490000 - 0x00007ff9d55aa000 	C:\Windows\System32\gdi32full.dll
0x00007ff9d5b40000 - 0x00007ff9d5bdd000 	C:\Windows\System32\msvcp_win.dll
0x00007ff9d75a0000 - 0x00007ff9d75cf000 	C:\Windows\System32\IMM32.DLL
0x00007ff9cafa0000 - 0x00007ff9cafac000 	c:\Users\Admin\.cursor\extensions\redhat.java-1.41.1-win32-x64\jre\21.0.6-win32-x86_64\bin\vcruntime140_1.dll
0x00007ff9b13b0000 - 0x00007ff9b143d000 	c:\Users\Admin\.cursor\extensions\redhat.java-1.41.1-win32-x64\jre\21.0.6-win32-x86_64\bin\msvcp140.dll
0x00007ff974350000 - 0x00007ff9750e0000 	c:\Users\Admin\.cursor\extensions\redhat.java-1.41.1-win32-x64\jre\21.0.6-win32-x86_64\bin\server\jvm.dll
0x00007ff9d63c0000 - 0x00007ff9d6471000 	C:\Windows\System32\ADVAPI32.dll
0x00007ff9d72d0000 - 0x00007ff9d736f000 	C:\Windows\System32\sechost.dll
0x00007ff9d7440000 - 0x00007ff9d7563000 	C:\Windows\System32\RPCRT4.dll
0x00007ff9d5be0000 - 0x00007ff9d5c07000 	C:\Windows\System32\bcrypt.dll
0x00007ff9d7100000 - 0x00007ff9d716b000 	C:\Windows\System32\WS2_32.dll
0x00007ff9d49d0000 - 0x00007ff9d4a1b000 	C:\Windows\SYSTEM32\POWRPROF.dll
0x00007ff9d3920000 - 0x00007ff9d3947000 	C:\Windows\SYSTEM32\WINMM.dll
0x00007ff9cf720000 - 0x00007ff9cf72a000 	C:\Windows\SYSTEM32\VERSION.dll
0x00007ff9d4890000 - 0x00007ff9d48a2000 	C:\Windows\SYSTEM32\UMPDC.dll
0x00007ff9d3cb0000 - 0x00007ff9d3cc2000 	C:\Windows\SYSTEM32\kernel.appcore.dll
0x00007ff9c5a10000 - 0x00007ff9c5a1a000 	c:\Users\Admin\.cursor\extensions\redhat.java-1.41.1-win32-x64\jre\21.0.6-win32-x86_64\bin\jimage.dll
0x00007ff9d3730000 - 0x00007ff9d3914000 	C:\Windows\SYSTEM32\DBGHELP.DLL
0x00007ff9d2f40000 - 0x00007ff9d2f74000 	C:\Windows\SYSTEM32\dbgcore.DLL
0x00007ff9d5c90000 - 0x00007ff9d5d12000 	C:\Windows\System32\bcryptPrimitives.dll
0x00007ff9b9620000 - 0x00007ff9b962f000 	c:\Users\Admin\.cursor\extensions\redhat.java-1.41.1-win32-x64\jre\21.0.6-win32-x86_64\bin\instrument.dll
0x00007ff9b5430000 - 0x00007ff9b544f000 	c:\Users\Admin\.cursor\extensions\redhat.java-1.41.1-win32-x64\jre\21.0.6-win32-x86_64\bin\java.dll
0x00007ff9d7650000 - 0x00007ff9d7dbf000 	C:\Windows\System32\SHELL32.dll
0x00007ff9d2f80000 - 0x00007ff9d3723000 	C:\Windows\SYSTEM32\windows.storage.dll
0x00007ff9d6a40000 - 0x00007ff9d6d95000 	C:\Windows\System32\combase.dll
0x00007ff9d4ec0000 - 0x00007ff9d4eeb000 	C:\Windows\SYSTEM32\Wldp.dll
0x00007ff9d7370000 - 0x00007ff9d743d000 	C:\Windows\System32\OLEAUT32.dll
0x00007ff9d7180000 - 0x00007ff9d722d000 	C:\Windows\System32\SHCORE.dll
0x00007ff9d6300000 - 0x00007ff9d6355000 	C:\Windows\System32\shlwapi.dll
0x00007ff9d53c0000 - 0x00007ff9d53e5000 	C:\Windows\SYSTEM32\profapi.dll
0x00007ff9b4f90000 - 0x00007ff9b4fa8000 	c:\Users\Admin\.cursor\extensions\redhat.java-1.41.1-win32-x64\jre\21.0.6-win32-x86_64\bin\zip.dll
0x00007ff9c5370000 - 0x00007ff9c5380000 	C:\Users\Admin\.cursor\extensions\redhat.java-1.41.1-win32-x64\jre\21.0.6-win32-x86_64\bin\net.dll
0x00007ff9cb420000 - 0x00007ff9cb52a000 	C:\Windows\SYSTEM32\WINHTTP.dll
0x00007ff9d4c20000 - 0x00007ff9d4c8c000 	C:\Windows\system32\mswsock.dll
0x00007ff9b4f70000 - 0x00007ff9b4f86000 	C:\Users\Admin\.cursor\extensions\redhat.java-1.41.1-win32-x64\jre\21.0.6-win32-x86_64\bin\nio.dll
0x00007ff9b77d0000 - 0x00007ff9b77e0000 	c:\Users\Admin\.cursor\extensions\redhat.java-1.41.1-win32-x64\jre\21.0.6-win32-x86_64\bin\verify.dll
0x00007ff9b11a0000 - 0x00007ff9b11e5000 	C:\Users\Admin\AppData\Roaming\Cursor\User\globalStorage\redhat.java\1.41.1\config_win\org.eclipse.equinox.launcher\org.eclipse.equinox.launcher.win32.win32.x86_64_1.2.1300.v20250331-1702\eclipse_11911.dll
0x00007ff9d6fd0000 - 0x00007ff9d70fb000 	C:\Windows\System32\ole32.dll
0x00007ff9d4e20000 - 0x00007ff9d4e38000 	C:\Windows\SYSTEM32\CRYPTSP.dll
0x00007ff9d44d0000 - 0x00007ff9d4508000 	C:\Windows\system32\rsaenh.dll
0x00007ff9d5340000 - 0x00007ff9d536e000 	C:\Windows\SYSTEM32\USERENV.dll
0x00007ff9d4e10000 - 0x00007ff9d4e1c000 	C:\Windows\SYSTEM32\CRYPTBASE.dll
0x00007ff9d48b0000 - 0x00007ff9d48eb000 	C:\Windows\SYSTEM32\IPHLPAPI.DLL
0x00007ff9d6fa0000 - 0x00007ff9d6fa8000 	C:\Windows\System32\NSI.dll
0x00007ff9a7d70000 - 0x00007ff9a7db9000 	C:\Users\Admin\AppData\Local\Temp\jna-63116079\jna10136711700133812108.dll
0x00007ff9d7dc0000 - 0x00007ff9d7dc8000 	C:\Windows\System32\PSAPI.DLL
0x00007ff9cfdb0000 - 0x00007ff9cfdc7000 	C:\Windows\SYSTEM32\dhcpcsvc6.DLL
0x00007ff9d00e0000 - 0x00007ff9d00fd000 	C:\Windows\SYSTEM32\dhcpcsvc.DLL

dbghelp: loaded successfully - version: 4.0.5 - missing functions: none
symbol engine: initialized successfully - sym options: 0x614 - pdb path: .;c:\Users\Admin\.cursor\extensions\redhat.java-1.41.1-win32-x64\jre\21.0.6-win32-x86_64\bin;C:\Windows\SYSTEM32;C:\Windows\WinSxS\amd64_microsoft.windows.common-controls_6595b64144ccf1df_6.0.19041.4355_none_60b8b9eb71f62e16;c:\Users\Admin\.cursor\extensions\redhat.java-1.41.1-win32-x64\jre\21.0.6-win32-x86_64\bin\server;C:\Users\Admin\AppData\Roaming\Cursor\User\globalStorage\redhat.java\1.41.1\config_win\org.eclipse.equinox.launcher\org.eclipse.equinox.launcher.win32.win32.x86_64_1.2.1300.v20250331-1702;C:\Users\Admin\AppData\Local\Temp\jna-63116079

VM Arguments:
jvm_args: --add-modules=ALL-SYSTEM --add-opens=java.base/java.util=ALL-UNNAMED --add-opens=java.base/java.lang=ALL-UNNAMED --add-opens=java.base/sun.nio.fs=ALL-UNNAMED -Declipse.application=org.eclipse.jdt.ls.core.id1 -Dosgi.bundles.defaultStartLevel=4 -Declipse.product=org.eclipse.jdt.ls.core.product -Djava.import.generatesMetadataFilesAtProjectRoot=false -DDetectVMInstallationsJob.disabled=true -Dfile.encoding=utf8 -XX:+UseParallelGC -XX:GCTimeRatio=4 -XX:AdaptiveSizePolicyWeight=90 -Dsun.zip.disableMemoryMapping=true -Xmx1G -Xms100m -Xlog:disable -javaagent:c:\Users\Admin\.cursor\extensions\redhat.java-1.41.1-win32-x64\lombok\lombok-1.18.36.jar -XX:+HeapDumpOnOutOfMemoryError -XX:HeapDumpPath=c:\Users\Admin\AppData\Roaming\Cursor\User\workspaceStorage\dc388019188987a1ef9f9bad0029eda8\redhat.java -Daether.dependencyCollector.impl=bf 
java_command: c:\Users\Admin\.cursor\extensions\redhat.java-1.41.1-win32-x64\server\plugins\org.eclipse.equinox.launcher_1.7.0.v20250331-1702.jar -configuration c:\Users\Admin\AppData\Roaming\Cursor\User\globalStorage\redhat.java\1.41.1\config_win -data c:\Users\Admin\AppData\Roaming\Cursor\User\workspaceStorage\dc388019188987a1ef9f9bad0029eda8\redhat.java\jdt_ws --pipe=\\.\pipe\lsp-644cfe0592cc7935f7af7a1c93f599b7-sock
java_class_path (initial): c:\Users\Admin\.cursor\extensions\redhat.java-1.41.1-win32-x64\server\plugins\org.eclipse.equinox.launcher_1.7.0.v20250331-1702.jar
Launcher Type: SUN_STANDARD

[Global flags]
    uintx AdaptiveSizePolicyWeight                 = 90                                        {product} {command line}
     intx CICompilerCount                          = 12                                        {product} {ergonomic}
    uintx GCTimeRatio                              = 4                                         {product} {command line}
     bool HeapDumpOnOutOfMemoryError               = true                                   {manageable} {command line}
    ccstr HeapDumpPath                             = c:\Users\Admin\AppData\Roaming\Cursor\User\workspaceStorage\dc388019188987a1ef9f9bad0029eda8\redhat.java         {manageable} {command line}
   size_t InitialHeapSize                          = 104857600                                 {product} {command line}
   size_t MaxHeapSize                              = 1073741824                                {product} {command line}
   size_t MaxNewSize                               = 357564416                                 {product} {ergonomic}
   size_t MinHeapDeltaBytes                        = 524288                                    {product} {ergonomic}
   size_t MinHeapSize                              = 104857600                                 {product} {command line}
   size_t NewSize                                  = 34603008                                  {product} {ergonomic}
    uintx NonNMethodCodeHeapSize                   = 7602480                                {pd product} {ergonomic}
    uintx NonProfiledCodeHeapSize                  = 122027880                              {pd product} {ergonomic}
   size_t OldSize                                  = 70254592                                  {product} {ergonomic}
    uintx ProfiledCodeHeapSize                     = 122027880                              {pd product} {ergonomic}
    uintx ReservedCodeCacheSize                    = 251658240                              {pd product} {ergonomic}
     bool SegmentedCodeCache                       = true                                      {product} {ergonomic}
   size_t SoftMaxHeapSize                          = 1073741824                             {manageable} {ergonomic}
     bool UseCompressedOops                        = true                           {product lp64_product} {ergonomic}
     bool UseLargePagesIndividualAllocation        = false                                  {pd product} {ergonomic}
     bool UseParallelGC                            = true                                      {product} {command line}

Logging:
Log output configuration:
 #0: stdout all=off uptime,level,tags foldmultilines=false
 #1: stderr all=off uptime,level,tags foldmultilines=false

Environment Variables:
PATH=c:\Users\Admin\AppData\Local\Programs\cursor\resources\app\bin;C:\Program Files\Common Files\Oracle\Java\javapath;C:\Windows\system32;C:\Windows;C:\Windows\System32\Wbem;C:\Windows\System32\WindowsPowerShell\v1.0\;C:\Windows\System32\OpenSSH\;C:\Program Files\Git\cmd;C:\Program Files\nodejs\;C:\Users\Admin\AppData\Local\Microsoft\WindowsApps;C:\Users\Admin\AppData\Roaming\npm;C:\Program Files\nodejs;c:\Users\Admin\AppData\Local\Programs\cursor\resources\app\bin;c:\Users\Admin\AppData\Local\Programs\cursor\resources\app\bin;C:\Program Files\dotnet\;C:\Program Files (x86)\Windows Kits\10\Windows Performance Toolkit\;C:\ProgramData\flutter\bin;C:\Users\Admin\AppData\Local\Programs\Microsoft VS Code\bin;C:\Users\Admin\AppData\Local\Programs\cursor\resources\app\bin;C:\Program Files\JetBrains\IntelliJ IDEA 2024.3.5\bin;C:\Users\Admin\.dotnet\tools
USERNAME=Admin
OS=Windows_NT
PROCESSOR_IDENTIFIER=AMD64 Family 25 Model 80 Stepping 0, AuthenticAMD
TMP=C:\Users\Admin\AppData\Local\Temp
TEMP=C:\Users\Admin\AppData\Local\Temp




Periodic native trim disabled

---------------  S Y S T E M  ---------------

OS:
 Windows 10 , 64 bit Build 19041 (10.0.19041.5678)
OS uptime: 1 days 4:26 hours

CPU: total 16 (initial active 16) (16 cores per cpu, 2 threads per core) family 25 model 80 stepping 0 microcode 0x0, cx8, cmov, fxsr, ht, mmx, 3dnowpref, sse, sse2, sse3, ssse3, sse4a, sse4.1, sse4.2, popcnt, lzcnt, tsc, tscinvbit, avx, avx2, aes, erms, clmul, bmi1, bmi2, adx, sha, fma, vzeroupper, clflush, clflushopt, rdtscp, rdpid, fsrm, f16c, pku, cet_ss
Processor Information for the first 16 processors :
  Max Mhz: 3201, Current Mhz: 3201, Mhz Limit: 3201

Memory: 4k page, system-wide physical 15734M (4604M free)
TotalPageFile size 23926M (AvailPageFile size 46M)
current process WorkingSet (physical memory assigned to process): 656M, peak: 656M
current process commit charge ("private bytes"): 638M, peak: 1033M

vm_info: OpenJDK 64-Bit Server VM (21.0.6+7-LTS) for windows-amd64 JRE (21.0.6+7-LTS), built on 2025-01-21T00:00:00Z by "admin" with MS VC++ 17.7 (VS2022)

END.
