#
# There is insufficient memory for the Java Runtime Environment to continue.
# Native memory allocation (malloc) failed to allocate 1046688 bytes for Chunk::new
# Possible reasons:
#   The system is out of physical RAM or swap space
#   The process is running with CompressedOops enabled, and the Java Heap may be blocking the growth of the native heap
# Possible solutions:
#   Reduce memory load on the system
#   Increase physical memory or swap space
#   Check if swap backing store is full
#   Decrease Java heap size (-Xmx/-Xms)
#   Decrease number of Java threads
#   Decrease Java thread stack sizes (-Xss)
#   Set larger code cache with -XX:ReservedCodeCacheSize=
#   JVM is running with Zero Based Compressed Oops mode in which the Java heap is
#     placed in the first 32GB address space. The Java Heap base address is the
#     maximum limit for the native heap growth. Please use -XX:HeapBaseMinAddress
#     to set the Java Heap base and to place the Java Heap above 32GB virtual address.
# This output file may be truncated or incomplete.
#
#  Out of Memory Error (arena.cpp:189), pid=18124, tid=10768
#
# JRE version: Java(TM) SE Runtime Environment (17.0.12+8) (build 17.0.12+8-LTS-286)
# Java VM: Java HotSpot(TM) 64-Bit Server VM (17.0.12+8-LTS-286, mixed mode, sharing, tiered, compressed oops, compressed class ptrs, g1 gc, windows-amd64)
# No core dump will be written. Minidumps are not enabled by default on client versions of Windows
#

---------------  S U M M A R Y ------------

Command Line: -XX:+ShowCodeDetailsInExceptionMessages com.ProjectMovie.MovieBackendSpringBootApplication

Host: AMD Ryzen 7 5800H with Radeon Graphics         , 16 cores, 15G,  Windows 10 , 64 bit Build 19041 (10.0.19041.5678)
Time: Sat May  3 14:38:20 2025 SE Asia Standard Time elapsed time: 6.908941 seconds (0d 0h 0m 6s)

---------------  T H R E A D  ---------------

Current thread (0x00000228fb248c60):  JavaThread "C2 CompilerThread1" daemon [_thread_in_native, id=10768, stack(0x0000002c6a200000,0x0000002c6a300000)]


Current CompileTask:
C2:   6909 6432       4       org.springframework.core.annotation.AnnotationTypeMappings::forAnnotationType (74 bytes)

Stack: [0x0000002c6a200000,0x0000002c6a300000]
Native frames: (J=compiled Java code, j=interpreted, Vv=VM code, C=native code)
V  [jvm.dll+0x67a04a]
V  [jvm.dll+0x7da4ed]
V  [jvm.dll+0x7dbe33]
V  [jvm.dll+0x7dc4a3]
V  [jvm.dll+0x24508f]
V  [jvm.dll+0xab773]
V  [jvm.dll+0xabd3c]
V  [jvm.dll+0x361bee]
V  [jvm.dll+0x1ba64a]
V  [jvm.dll+0x216997]
V  [jvm.dll+0x215c6f]
V  [jvm.dll+0x1a2960]
V  [jvm.dll+0x22610b]
V  [jvm.dll+0x2242ab]
V  [jvm.dll+0x79075c]
V  [jvm.dll+0x78abea]
V  [jvm.dll+0x678f35]
C  [ucrtbase.dll+0x21bb2]
C  [KERNEL32.DLL+0x17374]
C  [ntdll.dll+0x4cc91]


---------------  P R O C E S S  ---------------

Threads class SMR info:
_java_thread_list=0x00000228fe2a5a90, length=29, elements={
0x00000228d3a1bf30, 0x00000228f6d2ed60, 0x00000228f6d320a0, 0x00000228fb00c320,
0x00000228fb00dc00, 0x00000228fb010cb0, 0x00000228fb00e4d0, 0x00000228fb00f870,
0x00000228fb0159c0, 0x00000228fb018a80, 0x00000228fb12d140, 0x00000228fb14cd10,
0x00000228fb157cc0, 0x00000228fb16c380, 0x00000228fb248c60, 0x00000228fb887c70,
0x00000228fbca9c90, 0x00000228fbc9ee00, 0x00000228fc8c7a40, 0x00000228fe2923e0,
0x00000228fe290a90, 0x00000228ff7af540, 0x00000228ff7b0fd0, 0x00000228ff7afa90,
0x00000228ff7affe0, 0x00000228fe2928f0, 0x00000228fe291ed0, 0x00000228fe292e00,
0x00000228ff7b1520
}

Java Threads: ( => current thread )
  0x00000228d3a1bf30 JavaThread "main" [_thread_blocked, id=3464, stack(0x0000002c68d00000,0x0000002c68e00000)]
  0x00000228f6d2ed60 JavaThread "Reference Handler" daemon [_thread_blocked, id=5644, stack(0x0000002c69400000,0x0000002c69500000)]
  0x00000228f6d320a0 JavaThread "Finalizer" daemon [_thread_blocked, id=12996, stack(0x0000002c69500000,0x0000002c69600000)]
  0x00000228fb00c320 JavaThread "Signal Dispatcher" daemon [_thread_blocked, id=8360, stack(0x0000002c69600000,0x0000002c69700000)]
  0x00000228fb00dc00 JavaThread "Attach Listener" daemon [_thread_blocked, id=6728, stack(0x0000002c69700000,0x0000002c69800000)]
  0x00000228fb010cb0 JavaThread "Service Thread" daemon [_thread_blocked, id=10380, stack(0x0000002c69800000,0x0000002c69900000)]
  0x00000228fb00e4d0 JavaThread "Monitor Deflation Thread" daemon [_thread_blocked, id=18352, stack(0x0000002c69900000,0x0000002c69a00000)]
  0x00000228fb00f870 JavaThread "C2 CompilerThread0" daemon [_thread_in_native, id=1208, stack(0x0000002c69a00000,0x0000002c69b00000)]
  0x00000228fb0159c0 JavaThread "C1 CompilerThread0" daemon [_thread_blocked, id=16600, stack(0x0000002c69b00000,0x0000002c69c00000)]
  0x00000228fb018a80 JavaThread "Sweeper thread" daemon [_thread_blocked, id=2228, stack(0x0000002c69c00000,0x0000002c69d00000)]
  0x00000228fb12d140 JavaThread "C1 CompilerThread1" daemon [_thread_blocked, id=16116, stack(0x0000002c69d00000,0x0000002c69e00000)]
  0x00000228fb14cd10 JavaThread "C1 CompilerThread2" daemon [_thread_blocked, id=13440, stack(0x0000002c69e00000,0x0000002c69f00000)]
  0x00000228fb157cc0 JavaThread "Notification Thread" daemon [_thread_blocked, id=13764, stack(0x0000002c69f00000,0x0000002c6a000000)]
  0x00000228fb16c380 JavaThread "Common-Cleaner" daemon [_thread_blocked, id=10328, stack(0x0000002c6a100000,0x0000002c6a200000)]
=>0x00000228fb248c60 JavaThread "C2 CompilerThread1" daemon [_thread_in_native, id=10768, stack(0x0000002c6a200000,0x0000002c6a300000)]
  0x00000228fb887c70 JavaThread "C2 CompilerThread2" daemon [_thread_in_native, id=17380, stack(0x0000002c6a300000,0x0000002c6a400000)]
  0x00000228fbca9c90 JavaThread "Thread-0" [_thread_blocked, id=7600, stack(0x0000002c6a400000,0x0000002c6a500000)]
  0x00000228fbc9ee00 JavaThread "restartedMain" [_thread_in_Java, id=4672, stack(0x0000002c6a500000,0x0000002c6a600000)]
  0x00000228fc8c7a40 JavaThread "C1 CompilerThread3" daemon [_thread_blocked, id=10972, stack(0x0000002c6ac00000,0x0000002c6ad00000)]
  0x00000228fe2923e0 JavaThread "HikariPool-1:housekeeper" daemon [_thread_blocked, id=4504, stack(0x0000002c6bb00000,0x0000002c6bc00000)]
  0x00000228fe290a90 JavaThread "HikariPool-1:connection-adder" daemon [_thread_blocked, id=1172, stack(0x0000002c6b900000,0x0000002c6ba00000)]
  0x00000228ff7af540 JavaThread "C2 CompilerThread3" daemon [_thread_in_native, id=5592, stack(0x0000002c6ab00000,0x0000002c6ac00000)]
  0x00000228ff7b0fd0 JavaThread "C2 CompilerThread4" daemon [_thread_in_native, id=12892, stack(0x0000002c6b200000,0x0000002c6b300000)]
  0x00000228ff7afa90 JavaThread "C2 CompilerThread5" daemon [_thread_in_native, id=11936, stack(0x0000002c6b300000,0x0000002c6b400000)]
  0x00000228ff7affe0 JavaThread "C2 CompilerThread6" daemon [_thread_in_native, id=14672, stack(0x0000002c6b400000,0x0000002c6b500000)]
  0x00000228fe2928f0 JavaThread "Catalina-utility-1" [_thread_blocked, id=12320, stack(0x0000002c6bc00000,0x0000002c6bd00000)]
  0x00000228fe291ed0 JavaThread "Catalina-utility-2" [_thread_blocked, id=18088, stack(0x0000002c6bd00000,0x0000002c6be00000)]
  0x00000228fe292e00 JavaThread "container-0" [_thread_blocked, id=15776, stack(0x0000002c6be00000,0x0000002c6bf00000)]
  0x00000228ff7b1520 JavaThread "C2 CompilerThread7" daemon [_thread_in_native, id=9056, stack(0x0000002c6bf00000,0x0000002c6c000000)]

Other Threads:
  0x00000228f6d29ba0 VMThread "VM Thread" [stack: 0x0000002c69300000,0x0000002c69400000] [id=15028]
  0x00000228fb165180 WatcherThread [stack: 0x0000002c6a000000,0x0000002c6a100000] [id=11692]
  0x00000228d3a925f0 GCTaskThread "GC Thread#0" [stack: 0x0000002c68e00000,0x0000002c68f00000] [id=6864]
  0x00000228fca04160 GCTaskThread "GC Thread#1" [stack: 0x0000002c6a600000,0x0000002c6a700000] [id=8548]
  0x00000228fc7c44f0 GCTaskThread "GC Thread#2" [stack: 0x0000002c6a700000,0x0000002c6a800000] [id=5972]
  0x00000228fbd36c70 GCTaskThread "GC Thread#3" [stack: 0x0000002c6a800000,0x0000002c6a900000] [id=5164]
  0x00000228fbd36f30 GCTaskThread "GC Thread#4" [stack: 0x0000002c6a900000,0x0000002c6aa00000] [id=11636]
  0x00000228fbd371f0 GCTaskThread "GC Thread#5" [stack: 0x0000002c6aa00000,0x0000002c6ab00000] [id=8408]
  0x00000228fedafcc0 GCTaskThread "GC Thread#6" [stack: 0x0000002c6ae00000,0x0000002c6af00000] [id=17660]
  0x00000228fd6b7f40 GCTaskThread "GC Thread#7" [stack: 0x0000002c6af00000,0x0000002c6b000000] [id=10392]
  0x00000228fc76fb40 GCTaskThread "GC Thread#8" [stack: 0x0000002c6b000000,0x0000002c6b100000] [id=14648]
  0x00000228fcf1dca0 GCTaskThread "GC Thread#9" [stack: 0x0000002c6b100000,0x0000002c6b200000] [id=2956]
  0x00000228fcb73b10 GCTaskThread "GC Thread#10" [stack: 0x0000002c6ad00000,0x0000002c6ae00000] [id=17468]
  0x00000228fcb74b90 GCTaskThread "GC Thread#11" [stack: 0x0000002c6b500000,0x0000002c6b600000] [id=13876]
  0x00000228fcb74610 GCTaskThread "GC Thread#12" [stack: 0x0000002c6b600000,0x0000002c6b700000] [id=13816]
  0x00000228d3aa4940 ConcurrentGCThread "G1 Main Marker" [stack: 0x0000002c68f00000,0x0000002c69000000] [id=13676]
  0x00000228d3aa5900 ConcurrentGCThread "G1 Conc#0" [stack: 0x0000002c69000000,0x0000002c69100000] [id=3548]
  0x00000228fcb73dd0 ConcurrentGCThread "G1 Conc#1" [stack: 0x0000002c6b700000,0x0000002c6b800000] [id=16636]
  0x00000228fcb74090 ConcurrentGCThread "G1 Conc#2" [stack: 0x0000002c6b800000,0x0000002c6b900000] [id=17504]
  0x00000228d3aee480 ConcurrentGCThread "G1 Refine#0" [stack: 0x0000002c69100000,0x0000002c69200000] [id=11324]
  0x00000228f6bc4180 ConcurrentGCThread "G1 Service" [stack: 0x0000002c69200000,0x0000002c69300000] [id=8440]

Threads with active compile tasks:
C2 CompilerThread0     6926 6764       4       org.springframework.transaction.annotation.AnnotationTransactionAttributeSource::determineTransactionAttribute (88 bytes)
C2 CompilerThread1     6926 6432       4       org.springframework.core.annotation.AnnotationTypeMappings::forAnnotationType (74 bytes)
C2 CompilerThread2     6926 6741       4       org.springframework.core.annotation.TypeMappedAnnotations$IsPresent::doWithAnnotations (10 bytes)
C2 CompilerThread3     6926 6742       4       org.springframework.core.annotation.TypeMappedAnnotations$IsPresent::doWithAnnotations (183 bytes)
C2 CompilerThread4     6926 6387       4       org.springframework.boot.context.properties.source.SpringConfigurationPropertySources$SourcesIterator::fetchNext (139 bytes)
C2 CompilerThread5     6926 6737       4       org.springframework.core.ResolvableType::as (86 bytes)
C2 CompilerThread6     6926 6643   !   4       org.springframework.beans.factory.support.DefaultListableBeanFactory::doGetBeanNamesForType (527 bytes)
C2 CompilerThread7     6926 6400       4       org.springframework.core.annotation.AnnotationsScanner::process (55 bytes)

VM state: not at safepoint (normal execution)

VM Mutex/Monitor currently owned by a thread: None

Heap address: 0x000000070a200000, size: 3934 MB, Compressed Oops mode: Zero based, Oop shift amount: 3

CDS archive(s) mapped at: [0x0000022880000000-0x0000022880bd0000-0x0000022880bd0000), size 12386304, SharedBaseAddress: 0x0000022880000000, ArchiveRelocationMode: 1.
Compressed class space mapped at: 0x0000022881000000-0x00000228c1000000, reserved size: 1073741824
Narrow klass base: 0x0000022880000000, Narrow klass shift: 0, Narrow klass range: 0x100000000

GC Precious Log:
 CPUs: 16 total, 16 available
 Memory: 15734M
 Large Page Support: Disabled
 NUMA Support: Disabled
 Compressed Oops: Enabled (Zero based)
 Heap Region Size: 2M
 Heap Min Capacity: 8M
 Heap Initial Capacity: 246M
 Heap Max Capacity: 3934M
 Pre-touch: Disabled
 Parallel Workers: 13
 Concurrent Workers: 3
 Concurrent Refinement Workers: 13
 Periodic GC: Disabled

Heap:
 garbage-first heap   total 61440K, used 30722K [0x000000070a200000, 0x0000000800000000)
  region size 2048K, 4 young (8192K), 2 survivors (4096K)
 Metaspace       used 63931K, committed 64576K, reserved 1114112K
  class space    used 8883K, committed 9216K, reserved 1048576K

Heap Regions: E=young(eden), S=young(survivor), O=old, HS=humongous(starts), HC=humongous(continues), CS=collection set, F=free, OA=open archive, CA=closed archive, TAMS=top-at-mark-start (previous, next)
|   0|0x000000070a200000, 0x000000070a400000, 0x000000070a400000|100%| O|  |TAMS 0x000000070a400000, 0x000000070a200000| Untracked 
|   1|0x000000070a400000, 0x000000070a600000, 0x000000070a600000|100%| O|  |TAMS 0x000000070a600000, 0x000000070a400000| Untracked 
|   2|0x000000070a600000, 0x000000070a800000, 0x000000070a800000|100%| O|  |TAMS 0x000000070a800000, 0x000000070a600000| Untracked 
|   3|0x000000070a800000, 0x000000070aa00000, 0x000000070aa00000|100%| O|  |TAMS 0x000000070aa00000, 0x000000070a800000| Untracked 
|   4|0x000000070aa00000, 0x000000070ac00000, 0x000000070ac00000|100%| O|  |TAMS 0x000000070ac00000, 0x000000070aa00000| Untracked 
|   5|0x000000070ac00000, 0x000000070ae00000, 0x000000070ae00000|100%| O|  |TAMS 0x000000070ae00000, 0x000000070ac00000| Untracked 
|   6|0x000000070ae00000, 0x000000070b000000, 0x000000070b000000|100%| O|  |TAMS 0x000000070b000000, 0x000000070ae00000| Untracked 
|   7|0x000000070b000000, 0x000000070b200000, 0x000000070b200000|100%| O|  |TAMS 0x000000070b200000, 0x000000070b000000| Untracked 
|   8|0x000000070b200000, 0x000000070b400000, 0x000000070b400000|100%| O|  |TAMS 0x000000070b29d000, 0x000000070b200000| Untracked 
|   9|0x000000070b400000, 0x000000070b600000, 0x000000070b600000|100%| O|  |TAMS 0x000000070b600000, 0x000000070b400000| Untracked 
|  10|0x000000070b600000, 0x000000070b800000, 0x000000070b800000|100%| O|  |TAMS 0x000000070b800000, 0x000000070b600000| Untracked 
|  11|0x000000070b800000, 0x000000070ba00000, 0x000000070ba00000|100%| O|  |TAMS 0x000000070ba00000, 0x000000070b800000| Untracked 
|  12|0x000000070ba00000, 0x000000070baf5e00, 0x000000070bc00000| 48%| O|  |TAMS 0x000000070ba00000, 0x000000070ba00000| Untracked 
|  13|0x000000070bc00000, 0x000000070bc00000, 0x000000070be00000|  0%| F|  |TAMS 0x000000070bc00000, 0x000000070bc00000| Untracked 
|  14|0x000000070be00000, 0x000000070be00000, 0x000000070c000000|  0%| F|  |TAMS 0x000000070be00000, 0x000000070be00000| Untracked 
|  15|0x000000070c000000, 0x000000070c000000, 0x000000070c200000|  0%| F|  |TAMS 0x000000070c000000, 0x000000070c000000| Untracked 
|  16|0x000000070c200000, 0x000000070c200000, 0x000000070c400000|  0%| F|  |TAMS 0x000000070c200000, 0x000000070c200000| Untracked 
|  17|0x000000070c400000, 0x000000070c400000, 0x000000070c600000|  0%| F|  |TAMS 0x000000070c400000, 0x000000070c400000| Untracked 
|  18|0x000000070c600000, 0x000000070c70ad18, 0x000000070c800000| 52%| S|CS|TAMS 0x000000070c600000, 0x000000070c600000| Complete 
|  19|0x000000070c800000, 0x000000070ca00000, 0x000000070ca00000|100%| S|CS|TAMS 0x000000070c800000, 0x000000070c800000| Complete 
|  20|0x000000070ca00000, 0x000000070ca00000, 0x000000070cc00000|  0%| F|  |TAMS 0x000000070ca00000, 0x000000070ca00000| Untracked 
|  21|0x000000070cc00000, 0x000000070cc00000, 0x000000070ce00000|  0%| F|  |TAMS 0x000000070cc00000, 0x000000070cc00000| Untracked 
|  22|0x000000070ce00000, 0x000000070ce00000, 0x000000070d000000|  0%| F|  |TAMS 0x000000070ce00000, 0x000000070ce00000| Untracked 
|  23|0x000000070d000000, 0x000000070d000000, 0x000000070d200000|  0%| F|  |TAMS 0x000000070d000000, 0x000000070d000000| Untracked 
|  24|0x000000070d200000, 0x000000070d200000, 0x000000070d400000|  0%| F|  |TAMS 0x000000070d200000, 0x000000070d200000| Untracked 
|  90|0x0000000715600000, 0x0000000715600000, 0x0000000715800000|  0%| F|  |TAMS 0x0000000715600000, 0x0000000715600000| Untracked 
|  91|0x0000000715800000, 0x0000000715800000, 0x0000000715a00000|  0%| F|  |TAMS 0x0000000715800000, 0x0000000715800000| Untracked 
|  92|0x0000000715a00000, 0x0000000715a00000, 0x0000000715c00000|  0%| F|  |TAMS 0x0000000715a00000, 0x0000000715a00000| Untracked 
|  93|0x0000000715c00000, 0x0000000715d2fde0, 0x0000000715e00000| 59%| E|  |TAMS 0x0000000715c00000, 0x0000000715c00000| Complete 
| 122|0x0000000719600000, 0x0000000719800000, 0x0000000719800000|100%| E|CS|TAMS 0x0000000719600000, 0x0000000719600000| Complete 

Card table byte_map: [0x00000228eb310000,0x00000228ebac0000] _byte_map_base: 0x00000228e7abf000

Marking Bits (Prev, Next): (CMBitMap*) 0x00000228d3a93a70, (CMBitMap*) 0x00000228d3a93a30
 Prev Bits: [0x00000228efff0000, 0x00000228f3d68000)
 Next Bits: [0x00000228ec270000, 0x00000228effe8000)

Polling page: 0x00000228d19f0000

Metaspace:

Usage:
  Non-class:     53.76 MB used.
      Class:      8.68 MB used.
       Both:     62.43 MB used.

Virtual space:
  Non-class space:       64.00 MB reserved,      54.06 MB ( 84%) committed,  1 nodes.
      Class space:        1.00 GB reserved,       9.00 MB ( <1%) committed,  1 nodes.
             Both:        1.06 GB reserved,      63.06 MB (  6%) committed. 

Chunk freelists:
   Non-Class:  9.84 MB
       Class:  6.86 MB
        Both:  16.70 MB

MaxMetaspaceSize: unlimited
CompressedClassSpaceSize: 1.00 GB
Initial GC threshold: 21.00 MB
Current GC threshold: 98.69 MB
CDS: on
MetaspaceReclaimPolicy: balanced
 - commit_granule_bytes: 65536.
 - commit_granule_words: 8192.
 - virtual_space_node_default_size: 8388608.
 - enlarge_chunks_in_place: 1.
 - new_chunks_are_fully_committed: 0.
 - uncommit_free_chunks: 1.
 - use_allocation_guard: 0.
 - handle_deallocations: 1.


Internal statistics:

num_allocs_failed_limit: 9.
num_arena_births: 862.
num_arena_deaths: 0.
num_vsnodes_births: 2.
num_vsnodes_deaths: 0.
num_space_committed: 1009.
num_space_uncommitted: 0.
num_chunks_returned_to_freelist: 9.
num_chunks_taken_from_freelist: 3318.
num_chunk_merges: 6.
num_chunk_splits: 2326.
num_chunks_enlarged: 1800.
num_inconsistent_stats: 0.

CodeHeap 'non-profiled nmethods': size=119168Kb used=5134Kb max_used=5134Kb free=114033Kb
 bounds [0x00000228e2e80000, 0x00000228e3390000, 0x00000228ea2e0000]
CodeHeap 'profiled nmethods': size=119104Kb used=12205Kb max_used=12205Kb free=106899Kb
 bounds [0x00000228db2e0000, 0x00000228dbed0000, 0x00000228e2730000]
CodeHeap 'non-nmethods': size=7488Kb used=3033Kb max_used=3129Kb free=4454Kb
 bounds [0x00000228e2730000, 0x00000228e2a50000, 0x00000228e2e80000]
 total_blobs=6685 nmethods=6013 adapters=580
 compilation: enabled
              stopped_count=0, restarted_count=0
 full_count=0

Compilation events (20 events):
Event: 6.888 Thread 0x00000228fb14cd10 6774       3       org.springframework.context.annotation.CommonAnnotationBeanPostProcessor$$Lambda$680/0x00000228813dd9c8::<init> (20 bytes)
Event: 6.888 Thread 0x00000228fc8c7a40 nmethod 6771 0x00000228dbec4090 code [0x00000228dbec4240, 0x00000228dbec4478]
Event: 6.888 Thread 0x00000228fb0159c0 nmethod 6772 0x00000228dbec4510 code [0x00000228dbec46c0, 0x00000228dbec4958]
Event: 6.888 Thread 0x00000228fc8c7a40 6777   !   3       org.springframework.beans.factory.annotation.AutowiredAnnotationBeanPostProcessor::sortMethodElements (240 bytes)
Event: 6.888 Thread 0x00000228fb12d140 nmethod 6773 0x00000228dbec4a10 code [0x00000228dbec4bc0, 0x00000228dbec4df8]
Event: 6.888 Thread 0x00000228fb0159c0 6775       3       org.springframework.beans.factory.annotation.AutowiredAnnotationBeanPostProcessor$$Lambda$681/0x00000228813ddbe8::<init> (15 bytes)
Event: 6.888 Thread 0x00000228fb14cd10 nmethod 6774 0x00000228dbec4e90 code [0x00000228dbec5040, 0x00000228dbec52d8]
Event: 6.888 Thread 0x00000228fb12d140 6776       3       org.springframework.beans.factory.annotation.AutowiredAnnotationBeanPostProcessor$$Lambda$682/0x00000228813dde08::<init> (20 bytes)
Event: 6.889 Thread 0x00000228fb12d140 nmethod 6776 0x00000228dbec5390 code [0x00000228dbec5540, 0x00000228dbec57d8]
Event: 6.889 Thread 0x00000228fb0159c0 nmethod 6775 0x00000228dbec5890 code [0x00000228dbec5a40, 0x00000228dbec5c78]
Event: 6.890 Thread 0x00000228fc8c7a40 nmethod 6777 0x00000228dbec5d10 code [0x00000228dbec60e0, 0x00000228dbec7f98]
Event: 6.900 Thread 0x00000228fc8c7a40 6778   !   3       java.util.zip.ZipFile::getEntry (59 bytes)
Event: 6.900 Thread 0x00000228fc8c7a40 nmethod 6778 0x00000228dbec8d90 code [0x00000228dbec8f80, 0x00000228dbec93f8]
Event: 6.902 Thread 0x00000228fb0159c0 6779       3       java.lang.String::indexOf (113 bytes)
Event: 6.902 Thread 0x00000228fb0159c0 nmethod 6779 0x00000228dbec9690 code [0x00000228dbec98c0, 0x00000228dbec9ee8]
Event: 6.904 Thread 0x00000228fb0159c0 6780       3       sun.nio.fs.WindowsPath$WindowsPathWithAttributes::getFileSystem (5 bytes)
Event: 6.904 Thread 0x00000228fc8c7a40 6781       3       org.springframework.util.AntPathMatcher::isPotentialMatch (116 bytes)
Event: 6.904 Thread 0x00000228fb0159c0 nmethod 6780 0x00000228dbeca090 code [0x00000228dbeca220, 0x00000228dbeca338]
Event: 6.905 Thread 0x00000228fc8c7a40 nmethod 6781 0x00000228dbeca410 code [0x00000228dbeca680, 0x00000228dbecb108]
Event: 6.905 Thread 0x00000228fc8c7a40 6782       3       org.springframework.util.AntPathMatcher::tokenizePattern (91 bytes)

GC Heap History (20 events):
Event: 3.510 GC heap before
{Heap before GC invocations=8 (full 0):
 garbage-first heap   total 61440K, used 44031K [0x000000070a200000, 0x0000000800000000)
  region size 2048K, 14 young (28672K), 2 survivors (4096K)
 Metaspace       used 35349K, committed 35776K, reserved 1114112K
  class space    used 4655K, committed 4864K, reserved 1048576K
}
Event: 3.516 GC heap after
{Heap after GC invocations=9 (full 0):
 garbage-first heap   total 61440K, used 21140K [0x000000070a200000, 0x0000000800000000)
  region size 2048K, 1 young (2048K), 1 survivors (2048K)
 Metaspace       used 35349K, committed 35776K, reserved 1114112K
  class space    used 4655K, committed 4864K, reserved 1048576K
}
Event: 3.540 GC heap before
{Heap before GC invocations=9 (full 0):
 garbage-first heap   total 61440K, used 21140K [0x000000070a200000, 0x0000000800000000)
  region size 2048K, 2 young (4096K), 1 survivors (2048K)
 Metaspace       used 35676K, committed 36096K, reserved 1114112K
  class space    used 4697K, committed 4928K, reserved 1048576K
}
Event: 3.542 GC heap after
{Heap after GC invocations=10 (full 0):
 garbage-first heap   total 61440K, used 21084K [0x000000070a200000, 0x0000000800000000)
  region size 2048K, 1 young (2048K), 1 survivors (2048K)
 Metaspace       used 35676K, committed 36096K, reserved 1114112K
  class space    used 4697K, committed 4928K, reserved 1048576K
}
Event: 4.091 GC heap before
{Heap before GC invocations=11 (full 0):
 garbage-first heap   total 61440K, used 43612K [0x000000070a200000, 0x0000000800000000)
  region size 2048K, 13 young (26624K), 1 survivors (2048K)
 Metaspace       used 42400K, committed 42816K, reserved 1114112K
  class space    used 5691K, committed 5888K, reserved 1048576K
}
Event: 4.095 GC heap after
{Heap after GC invocations=12 (full 0):
 garbage-first heap   total 61440K, used 22432K [0x000000070a200000, 0x0000000800000000)
  region size 2048K, 2 young (4096K), 2 survivors (4096K)
 Metaspace       used 42400K, committed 42816K, reserved 1114112K
  class space    used 5691K, committed 5888K, reserved 1048576K
}
Event: 4.132 GC heap before
{Heap before GC invocations=12 (full 0):
 garbage-first heap   total 61440K, used 22432K [0x000000070a200000, 0x0000000800000000)
  region size 2048K, 3 young (6144K), 2 survivors (4096K)
 Metaspace       used 42942K, committed 43392K, reserved 1114112K
  class space    used 5778K, committed 6016K, reserved 1048576K
}
Event: 4.135 GC heap after
{Heap after GC invocations=13 (full 0):
 garbage-first heap   total 61440K, used 22313K [0x000000070a200000, 0x0000000800000000)
  region size 2048K, 1 young (2048K), 1 survivors (2048K)
 Metaspace       used 42942K, committed 43392K, reserved 1114112K
  class space    used 5778K, committed 6016K, reserved 1048576K
}
Event: 4.582 GC heap before
{Heap before GC invocations=13 (full 0):
 garbage-first heap   total 61440K, used 44841K [0x000000070a200000, 0x0000000800000000)
  region size 2048K, 12 young (24576K), 1 survivors (2048K)
 Metaspace       used 47416K, committed 47936K, reserved 1114112K
  class space    used 6366K, committed 6592K, reserved 1048576K
}
Event: 4.584 GC heap after
{Heap after GC invocations=14 (full 0):
 garbage-first heap   total 61440K, used 23294K [0x000000070a200000, 0x0000000800000000)
  region size 2048K, 1 young (2048K), 1 survivors (2048K)
 Metaspace       used 47416K, committed 47936K, reserved 1114112K
  class space    used 6366K, committed 6592K, reserved 1048576K
}
Event: 5.027 GC heap before
{Heap before GC invocations=14 (full 0):
 garbage-first heap   total 61440K, used 45822K [0x000000070a200000, 0x0000000800000000)
  region size 2048K, 13 young (26624K), 1 survivors (2048K)
 Metaspace       used 54089K, committed 54592K, reserved 1114112K
  class space    used 7432K, committed 7680K, reserved 1048576K
}
Event: 5.031 GC heap after
{Heap after GC invocations=15 (full 0):
 garbage-first heap   total 61440K, used 24221K [0x000000070a200000, 0x0000000800000000)
  region size 2048K, 2 young (4096K), 2 survivors (4096K)
 Metaspace       used 54089K, committed 54592K, reserved 1114112K
  class space    used 7432K, committed 7680K, reserved 1048576K
}
Event: 5.459 GC heap before
{Heap before GC invocations=15 (full 0):
 garbage-first heap   total 61440K, used 44701K [0x000000070a200000, 0x0000000800000000)
  region size 2048K, 13 young (26624K), 2 survivors (4096K)
 Metaspace       used 58350K, committed 58816K, reserved 1114112K
  class space    used 8050K, committed 8256K, reserved 1048576K
}
Event: 5.461 GC heap after
{Heap after GC invocations=16 (full 0):
 garbage-first heap   total 61440K, used 25113K [0x000000070a200000, 0x0000000800000000)
  region size 2048K, 1 young (2048K), 1 survivors (2048K)
 Metaspace       used 58350K, committed 58816K, reserved 1114112K
  class space    used 8050K, committed 8256K, reserved 1048576K
}
Event: 5.600 GC heap before
{Heap before GC invocations=16 (full 0):
 garbage-first heap   total 61440K, used 33305K [0x000000070a200000, 0x0000000800000000)
  region size 2048K, 6 young (12288K), 1 survivors (2048K)
 Metaspace       used 59857K, committed 60480K, reserved 1114112K
  class space    used 8193K, committed 8512K, reserved 1048576K
}
Event: 5.604 GC heap after
{Heap after GC invocations=17 (full 0):
 garbage-first heap   total 61440K, used 25688K [0x000000070a200000, 0x0000000800000000)
  region size 2048K, 2 young (4096K), 2 survivors (4096K)
 Metaspace       used 59857K, committed 60480K, reserved 1114112K
  class space    used 8193K, committed 8512K, reserved 1048576K
}
Event: 6.140 GC heap before
{Heap before GC invocations=18 (full 0):
 garbage-first heap   total 61440K, used 46168K [0x000000070a200000, 0x0000000800000000)
  region size 2048K, 12 young (24576K), 2 survivors (4096K)
 Metaspace       used 62162K, committed 62784K, reserved 1114112K
  class space    used 8636K, committed 8960K, reserved 1048576K
}
Event: 6.142 GC heap after
{Heap after GC invocations=19 (full 0):
 garbage-first heap   total 61440K, used 27217K [0x000000070a200000, 0x0000000800000000)
  region size 2048K, 2 young (4096K), 2 survivors (4096K)
 Metaspace       used 62162K, committed 62784K, reserved 1114112K
  class space    used 8636K, committed 8960K, reserved 1048576K
}
Event: 6.828 GC heap before
{Heap before GC invocations=19 (full 0):
 garbage-first heap   total 61440K, used 47697K [0x000000070a200000, 0x0000000800000000)
  region size 2048K, 12 young (24576K), 2 survivors (4096K)
 Metaspace       used 63834K, committed 64512K, reserved 1114112K
  class space    used 8870K, committed 9216K, reserved 1048576K
}
Event: 6.833 GC heap after
{Heap after GC invocations=20 (full 0):
 garbage-first heap   total 61440K, used 28674K [0x000000070a200000, 0x0000000800000000)
  region size 2048K, 2 young (4096K), 2 survivors (4096K)
 Metaspace       used 63834K, committed 64512K, reserved 1114112K
  class space    used 8870K, committed 9216K, reserved 1048576K
}

Deoptimization events (20 events):
Event: 6.861 Thread 0x00000228fbc9ee00 Uncommon trap: trap_request=0xffffffbe fr.pc=0x00000228e33693e4 relative=0x0000000000002064
Event: 6.861 Thread 0x00000228fbc9ee00 Uncommon trap: reason=profile_predicate action=maybe_recompile pc=0x00000228e33693e4 method=org.springframework.transaction.annotation.AnnotationTransactionAttributeSource.determineTransactionAttribute(Ljava/lang/reflect/AnnotatedElement;)Lorg/springframe
Event: 6.861 Thread 0x00000228fbc9ee00 DEOPT PACKING pc=0x00000228e33693e4 sp=0x0000002c6a5f6d00
Event: 6.861 Thread 0x00000228fbc9ee00 DEOPT UNPACKING pc=0x00000228e27823a3 sp=0x0000002c6a5f6cf0 mode 2
Event: 6.869 Thread 0x00000228fbc9ee00 Uncommon trap: trap_request=0xffffffbe fr.pc=0x00000228e33693e4 relative=0x0000000000002064
Event: 6.869 Thread 0x00000228fbc9ee00 Uncommon trap: reason=profile_predicate action=maybe_recompile pc=0x00000228e33693e4 method=org.springframework.transaction.annotation.AnnotationTransactionAttributeSource.determineTransactionAttribute(Ljava/lang/reflect/AnnotatedElement;)Lorg/springframe
Event: 6.869 Thread 0x00000228fbc9ee00 DEOPT PACKING pc=0x00000228e33693e4 sp=0x0000002c6a5f7570
Event: 6.869 Thread 0x00000228fbc9ee00 DEOPT UNPACKING pc=0x00000228e27823a3 sp=0x0000002c6a5f7560 mode 2
Event: 6.869 Thread 0x00000228fbc9ee00 Uncommon trap: trap_request=0xffffffbe fr.pc=0x00000228e33693e4 relative=0x0000000000002064
Event: 6.869 Thread 0x00000228fbc9ee00 Uncommon trap: reason=profile_predicate action=maybe_recompile pc=0x00000228e33693e4 method=org.springframework.transaction.annotation.AnnotationTransactionAttributeSource.determineTransactionAttribute(Ljava/lang/reflect/AnnotatedElement;)Lorg/springframe
Event: 6.869 Thread 0x00000228fbc9ee00 DEOPT PACKING pc=0x00000228e33693e4 sp=0x0000002c6a5f7570
Event: 6.869 Thread 0x00000228fbc9ee00 DEOPT UNPACKING pc=0x00000228e27823a3 sp=0x0000002c6a5f7560 mode 2
Event: 6.869 Thread 0x00000228fbc9ee00 Uncommon trap: trap_request=0xffffffbe fr.pc=0x00000228e33693e4 relative=0x0000000000002064
Event: 6.869 Thread 0x00000228fbc9ee00 Uncommon trap: reason=profile_predicate action=maybe_recompile pc=0x00000228e33693e4 method=org.springframework.transaction.annotation.AnnotationTransactionAttributeSource.determineTransactionAttribute(Ljava/lang/reflect/AnnotatedElement;)Lorg/springframe
Event: 6.869 Thread 0x00000228fbc9ee00 DEOPT PACKING pc=0x00000228e33693e4 sp=0x0000002c6a5f7570
Event: 6.869 Thread 0x00000228fbc9ee00 DEOPT UNPACKING pc=0x00000228e27823a3 sp=0x0000002c6a5f7560 mode 2
Event: 6.891 Thread 0x00000228fbc9ee00 Uncommon trap: trap_request=0xffffff45 fr.pc=0x00000228e2f76d94 relative=0x00000000000012b4
Event: 6.891 Thread 0x00000228fbc9ee00 Uncommon trap: reason=unstable_if action=reinterpret pc=0x00000228e2f76d94 method=java.util.zip.ZipFile$Source.getEntryPos(Ljava/lang/String;Z)I @ 107 c2
Event: 6.891 Thread 0x00000228fbc9ee00 DEOPT PACKING pc=0x00000228e2f76d94 sp=0x0000002c6a5f2b10
Event: 6.891 Thread 0x00000228fbc9ee00 DEOPT UNPACKING pc=0x00000228e27823a3 sp=0x0000002c6a5f2a28 mode 2

Classes unloaded (0 events):
No events

Classes redefined (0 events):
No events

Internal exceptions (20 events):
Event: 5.533 Thread 0x00000228fbc9ee00 Exception <a 'java/lang/IncompatibleClassChangeError'{0x0000000715b7c278}: Found class java.lang.Object, but interface was expected> (0x0000000715b7c278) 
thrown [s\open\src\hotspot\share\interpreter\linkResolver.cpp, line 826]
Event: 5.722 Thread 0x00000228fbc9ee00 Exception <a 'java/lang/IncompatibleClassChangeError'{0x0000000715a38820}: Found class java.lang.Object, but interface was expected> (0x0000000715a38820) 
thrown [s\open\src\hotspot\share\interpreter\linkResolver.cpp, line 826]
Event: 5.784 Thread 0x00000228fbc9ee00 Exception <a 'java/lang/reflect/InvocationTargetException'{0x0000000715898c88}> (0x0000000715898c88) 
thrown [s\open\src\hotspot\share\runtime\reflection.cpp, line 1121]
Event: 5.794 Thread 0x00000228fbc9ee00 Exception <a 'java/lang/NoSuchMethodError'{0x00000007158fc1b8}: 'int java.lang.invoke.DirectMethodHandle$Holder.invokeStatic(java.lang.Object, java.lang.Object, int)'> (0x00000007158fc1b8) 
thrown [s\open\src\hotspot\share\interpreter\linkResolver.cpp, line 759]
Event: 5.802 Thread 0x00000228fbc9ee00 Exception <a 'java/lang/IncompatibleClassChangeError'{0x000000071593cb08}: Found class java.lang.Object, but interface was expected> (0x000000071593cb08) 
thrown [s\open\src\hotspot\share\interpreter\linkResolver.cpp, line 826]
Event: 5.803 Thread 0x00000228fbc9ee00 Exception <a 'java/lang/IncompatibleClassChangeError'{0x0000000715943410}: Found class java.lang.Object, but interface was expected> (0x0000000715943410) 
thrown [s\open\src\hotspot\share\interpreter\linkResolver.cpp, line 826]
Event: 5.871 Thread 0x00000228fbc9ee00 Exception <a 'java/lang/NoSuchMethodError'{0x00000007157004f0}: 'java.lang.Object java.lang.invoke.DirectMethodHandle$Holder.invokeStatic(java.lang.Object, int, java.lang.Object)'> (0x00000007157004f0) 
thrown [s\open\src\hotspot\share\interpreter\linkResolver.cpp, line 759]
Event: 5.881 Thread 0x00000228fbc9ee00 Exception <a 'java/lang/reflect/InvocationTargetException'{0x000000071574ec08}> (0x000000071574ec08) 
thrown [s\open\src\hotspot\share\runtime\reflection.cpp, line 1121]
Event: 5.885 Thread 0x00000228fbc9ee00 Exception <a 'java/lang/reflect/InvocationTargetException'{0x000000071575b008}> (0x000000071575b008) 
thrown [s\open\src\hotspot\share\runtime\reflection.cpp, line 1121]
Event: 5.888 Thread 0x00000228fbc9ee00 Exception <a 'java/lang/reflect/InvocationTargetException'{0x0000000715765f98}> (0x0000000715765f98) 
thrown [s\open\src\hotspot\share\runtime\reflection.cpp, line 1121]
Event: 5.988 Thread 0x00000228fbc9ee00 Exception <a 'java/lang/NoSuchMethodError'{0x000000070ca52ae0}: 'long java.lang.invoke.DirectMethodHandle$Holder.invokeVirtual(java.lang.Object, java.lang.Object)'> (0x000000070ca52ae0) 
thrown [s\open\src\hotspot\share\interpreter\linkResolver.cpp, line 759]
Event: 5.994 Thread 0x00000228fbc9ee00 Exception <a 'java/io/FileNotFoundException'{0x000000070ca7ecb0}> (0x000000070ca7ecb0) 
thrown [s\open\src\hotspot\share\prims\jni.cpp, line 516]
Event: 6.054 Thread 0x00000228fbc9ee00 Exception <a 'java/lang/NoSuchMethodError'{0x000000070cbc0cd8}: 'void java.lang.invoke.DirectMethodHandle$Holder.invokeVirtual(java.lang.Object, java.lang.Object, long)'> (0x000000070cbc0cd8) 
thrown [s\open\src\hotspot\share\interpreter\linkResolver.cpp, line 759]
Event: 6.106 Thread 0x00000228fbc9ee00 Exception <a 'java/lang/reflect/InvocationTargetException'{0x000000070c61e830}> (0x000000070c61e830) 
thrown [s\open\src\hotspot\share\runtime\reflection.cpp, line 1121]
Event: 6.166 Thread 0x00000228fbc9ee00 Implicit null exception at 0x00000228e30d9a6e to 0x00000228e30d9da8
Event: 6.359 Thread 0x00000228fbc9ee00 Exception <a 'java/lang/reflect/InvocationTargetException'{0x0000000715872a58}> (0x0000000715872a58) 
thrown [s\open\src\hotspot\share\runtime\reflection.cpp, line 1121]
Event: 6.365 Thread 0x00000228fbc9ee00 Exception <a 'java/lang/reflect/InvocationTargetException'{0x0000000715885b30}> (0x0000000715885b30) 
thrown [s\open\src\hotspot\share\runtime\reflection.cpp, line 1121]
Event: 6.442 Thread 0x00000228fbc9ee00 Exception <a 'java/lang/NoSuchMethodError'{0x000000071571c048}: 'int java.lang.invoke.DirectMethodHandle$Holder.invokeStaticInit(java.lang.Object, int, java.lang.Object, java.lang.Object, java.lang.Object, java.lang.Object)'> (0x000000071571c048) 
thrown [s\open\src\hotspot\share\interpreter\linkResolver.cpp, line 759]
Event: 6.493 Thread 0x00000228fbc9ee00 Exception <a 'sun/nio/fs/WindowsException'{0x000000070d2189c8}> (0x000000070d2189c8) 
thrown [s\open\src\hotspot\share\prims\jni.cpp, line 516]
Event: 6.901 Thread 0x00000228fbc9ee00 Exception <a 'sun/nio/fs/WindowsException'{0x00000007197dc768}> (0x00000007197dc768) 
thrown [s\open\src\hotspot\share\prims\jni.cpp, line 516]

VM Operations (20 events):
Event: 5.999 Executing VM operation: HandshakeAllThreads
Event: 5.999 Executing VM operation: HandshakeAllThreads done
Event: 6.139 Executing VM operation: G1CollectForAllocation
Event: 6.142 Executing VM operation: G1CollectForAllocation done
Event: 6.433 Executing VM operation: HandshakeAllThreads
Event: 6.434 Executing VM operation: HandshakeAllThreads done
Event: 6.438 Executing VM operation: HandshakeAllThreads
Event: 6.438 Executing VM operation: HandshakeAllThreads done
Event: 6.517 Executing VM operation: ICBufferFull
Event: 6.518 Executing VM operation: ICBufferFull done
Event: 6.673 Executing VM operation: HandshakeAllThreads
Event: 6.673 Executing VM operation: HandshakeAllThreads done
Event: 6.693 Executing VM operation: HandshakeAllThreads
Event: 6.693 Executing VM operation: HandshakeAllThreads done
Event: 6.746 Executing VM operation: HandshakeAllThreads
Event: 6.746 Executing VM operation: HandshakeAllThreads done
Event: 6.747 Executing VM operation: HandshakeAllThreads
Event: 6.747 Executing VM operation: HandshakeAllThreads done
Event: 6.827 Executing VM operation: G1CollectForAllocation
Event: 6.833 Executing VM operation: G1CollectForAllocation done

Events (20 events):
Event: 6.241 loading class sun/reflect/annotation/AnnotationInvocationHandler$1
Event: 6.241 loading class sun/reflect/annotation/AnnotationInvocationHandler$1 done
Event: 6.322 Thread 0x00000228ff7b1520 Thread added: 0x00000228ff7b1520
Event: 6.440 Thread 0x00000228fb018a80 flushing nmethod 0x00000228db453b10
Event: 6.460 loading class java/lang/invoke/MethodHandleImpl$CountingWrapper$1
Event: 6.460 loading class java/lang/invoke/MethodHandleImpl$CountingWrapper$1 done
Event: 6.483 loading class sun/reflect/ReflectionFactory
Event: 6.483 loading class sun/reflect/ReflectionFactory done
Event: 6.483 loading class sun/reflect/ReflectionFactory$1
Event: 6.483 loading class sun/reflect/ReflectionFactory$1 done
Event: 6.483 loading class java/io/OptionalDataException
Event: 6.483 loading class java/io/OptionalDataException done
Event: 6.484 loading class jdk/internal/reflect/SerializationConstructorAccessorImpl
Event: 6.484 loading class jdk/internal/reflect/SerializationConstructorAccessorImpl done
Event: 6.493 loading class java/nio/file/FileAlreadyExistsException
Event: 6.493 loading class java/nio/file/FileAlreadyExistsException done
Event: 6.540 loading class java/time/DurationEditor
Event: 6.540 loading class java/time/DurationEditor done
Event: 6.671 loading class java/util/ArrayList$ListItr
Event: 6.671 loading class java/util/ArrayList$ListItr done


Dynamic libraries:
0x00007ff633590000 - 0x00007ff6335a0000 	C:\Program Files\Java\jdk-17\bin\java.exe
0x00007fff1b4f0000 - 0x00007fff1b6e8000 	C:\Windows\SYSTEM32\ntdll.dll
0x00007fff1ae70000 - 0x00007fff1af32000 	C:\Windows\System32\KERNEL32.DLL
0x00007fff18ea0000 - 0x00007fff19196000 	C:\Windows\System32\KERNELBASE.dll
0x00007fff191d0000 - 0x00007fff192d0000 	C:\Windows\System32\ucrtbase.dll
0x00007ffef7930000 - 0x00007ffef794b000 	C:\Program Files\Java\jdk-17\bin\VCRUNTIME140.dll
0x00007ffef2570000 - 0x00007ffef2589000 	C:\Program Files\Java\jdk-17\bin\jli.dll
0x00007fff1a7d0000 - 0x00007fff1a881000 	C:\Windows\System32\ADVAPI32.dll
0x00007fff1a4a0000 - 0x00007fff1a53e000 	C:\Windows\System32\msvcrt.dll
0x00007fff1ad10000 - 0x00007fff1adaf000 	C:\Windows\System32\sechost.dll
0x00007fff19b20000 - 0x00007fff19c43000 	C:\Windows\System32\RPCRT4.dll
0x00007fff18cd0000 - 0x00007fff18cf7000 	C:\Windows\System32\bcrypt.dll
0x00007fff1b080000 - 0x00007fff1b21d000 	C:\Windows\System32\USER32.dll
0x00007fff191a0000 - 0x00007fff191c2000 	C:\Windows\System32\win32u.dll
0x00007fff1a470000 - 0x00007fff1a49b000 	C:\Windows\System32\GDI32.dll
0x00007fff073d0000 - 0x00007fff0766a000 	C:\Windows\WinSxS\amd64_microsoft.windows.common-controls_6595b64144ccf1df_6.0.19041.4355_none_60b8b9eb71f62e16\COMCTL32.dll
0x00007fff192d0000 - 0x00007fff193ea000 	C:\Windows\System32\gdi32full.dll
0x00007fff18e00000 - 0x00007fff18e9d000 	C:\Windows\System32\msvcp_win.dll
0x00007fff12e20000 - 0x00007fff12e2a000 	C:\Windows\SYSTEM32\VERSION.dll
0x00007fff1a5a0000 - 0x00007fff1a5cf000 	C:\Windows\System32\IMM32.DLL
0x00007fff02350000 - 0x00007fff0235c000 	C:\Program Files\Java\jdk-17\bin\vcruntime140_1.dll
0x00007ffeed650000 - 0x00007ffeed6de000 	C:\Program Files\Java\jdk-17\bin\msvcp140.dll
0x00007ffee0110000 - 0x00007ffee0cf0000 	C:\Program Files\Java\jdk-17\bin\server\jvm.dll
0x00007fff19630000 - 0x00007fff19638000 	C:\Windows\System32\PSAPI.DLL
0x00007ffef8d10000 - 0x00007ffef8d19000 	C:\Windows\SYSTEM32\WSOCK32.dll
0x00007fff17010000 - 0x00007fff17037000 	C:\Windows\SYSTEM32\WINMM.dll
0x00007fff1a760000 - 0x00007fff1a7cb000 	C:\Windows\System32\WS2_32.dll
0x00007fff17390000 - 0x00007fff173a2000 	C:\Windows\SYSTEM32\kernel.appcore.dll
0x00007ffef25d0000 - 0x00007ffef25da000 	C:\Program Files\Java\jdk-17\bin\jimage.dll
0x00007fff16e20000 - 0x00007fff17004000 	C:\Windows\SYSTEM32\DBGHELP.DLL
0x00007fff16dd0000 - 0x00007fff16e04000 	C:\Windows\SYSTEM32\dbgcore.DLL
0x00007fff19470000 - 0x00007fff194f2000 	C:\Windows\System32\bcryptPrimitives.dll
0x00007ffef2540000 - 0x00007ffef2565000 	C:\Program Files\Java\jdk-17\bin\java.dll
0x00007ffeed570000 - 0x00007ffeed647000 	C:\Program Files\Java\jdk-17\bin\jsvml.dll
0x00007fff19d00000 - 0x00007fff1a46f000 	C:\Windows\System32\SHELL32.dll
0x00007fff16620000 - 0x00007fff16dc3000 	C:\Windows\SYSTEM32\windows.storage.dll
0x00007fff197c0000 - 0x00007fff19b15000 	C:\Windows\System32\combase.dll
0x00007fff185a0000 - 0x00007fff185cb000 	C:\Windows\SYSTEM32\Wldp.dll
0x00007fff1b220000 - 0x00007fff1b2ed000 	C:\Windows\System32\OLEAUT32.dll
0x00007fff19500000 - 0x00007fff195ad000 	C:\Windows\System32\SHCORE.dll
0x00007fff19640000 - 0x00007fff19695000 	C:\Windows\System32\shlwapi.dll
0x00007fff18aa0000 - 0x00007fff18ac5000 	C:\Windows\SYSTEM32\profapi.dll
0x00007ffef2500000 - 0x00007ffef2519000 	C:\Program Files\Java\jdk-17\bin\net.dll
0x00007fff12060000 - 0x00007fff1216a000 	C:\Windows\SYSTEM32\WINHTTP.dll
0x00007fff18300000 - 0x00007fff1836c000 	C:\Windows\system32\mswsock.dll
0x00007ffeefb20000 - 0x00007ffeefb36000 	C:\Program Files\Java\jdk-17\bin\nio.dll
0x00007ffeefb00000 - 0x00007ffeefb18000 	C:\Program Files\Java\jdk-17\bin\zip.dll
0x00007fff06820000 - 0x00007fff0682a000 	C:\Program Files\Java\jdk-17\bin\management.dll
0x00007ffef8b20000 - 0x00007ffef8b2b000 	C:\Program Files\Java\jdk-17\bin\management_ext.dll
0x00007ffef8b10000 - 0x00007ffef8b1e000 	C:\Program Files\Java\jdk-17\bin\sunmscapi.dll
0x00007fff18b70000 - 0x00007fff18ccc000 	C:\Windows\System32\CRYPT32.dll
0x00007fff18610000 - 0x00007fff18637000 	C:\Windows\SYSTEM32\ncrypt.dll
0x00007fff185d0000 - 0x00007fff1860b000 	C:\Windows\SYSTEM32\NTASN1.dll
0x00007fff184f0000 - 0x00007fff18508000 	C:\Windows\SYSTEM32\CRYPTSP.dll
0x00007fff17bb0000 - 0x00007fff17be8000 	C:\Windows\system32\rsaenh.dll
0x00007fff18a20000 - 0x00007fff18a4e000 	C:\Windows\SYSTEM32\USERENV.dll
0x00007fff18510000 - 0x00007fff1851c000 	C:\Windows\SYSTEM32\CRYPTBASE.dll
0x00007fff17f90000 - 0x00007fff17fcb000 	C:\Windows\SYSTEM32\IPHLPAPI.DLL
0x00007fff1b2f0000 - 0x00007fff1b2f8000 	C:\Windows\System32\NSI.dll
0x00007fff12df0000 - 0x00007fff12e07000 	C:\Windows\SYSTEM32\dhcpcsvc6.DLL
0x00007fff13a40000 - 0x00007fff13a5d000 	C:\Windows\SYSTEM32\dhcpcsvc.DLL
0x00007fff17fe0000 - 0x00007fff180aa000 	C:\Windows\SYSTEM32\DNSAPI.dll
0x00007ffef8af0000 - 0x00007ffef8b00000 	C:\Program Files\Java\jdk-17\bin\verify.dll
0x00007fff12e10000 - 0x00007fff12e1a000 	C:\Windows\System32\rasadhlp.dll
0x00007fff03a00000 - 0x00007fff03a80000 	C:\Windows\System32\fwpuclnt.dll

dbghelp: loaded successfully - version: 4.0.5 - missing functions: none
symbol engine: initialized successfully - sym options: 0x614 - pdb path: .;C:\Program Files\Java\jdk-17\bin;C:\Windows\SYSTEM32;C:\Windows\WinSxS\amd64_microsoft.windows.common-controls_6595b64144ccf1df_6.0.19041.4355_none_60b8b9eb71f62e16;C:\Program Files\Java\jdk-17\bin\server

VM Arguments:
jvm_args: -XX:+ShowCodeDetailsInExceptionMessages 
java_command: com.ProjectMovie.MovieBackendSpringBootApplication
java_class_path (initial): C:\Users\Admin\Desktop\BaseMent\MovieBackendSpringBoot\target\classes;C:\Users\Admin\.m2\repository\org\json\json\20231013\json-20231013.jar;C:\Users\Admin\.m2\repository\org\springframework\boot\spring-boot-starter-web\3.5.0-SNAPSHOT\spring-boot-starter-web-3.5.0-SNAPSHOT.jar;C:\Users\Admin\.m2\repository\org\springframework\boot\spring-boot-starter\3.5.0-SNAPSHOT\spring-boot-starter-3.5.0-SNAPSHOT.jar;C:\Users\Admin\.m2\repository\org\springframework\boot\spring-boot-starter-logging\3.5.0-SNAPSHOT\spring-boot-starter-logging-3.5.0-SNAPSHOT.jar;C:\Users\Admin\.m2\repository\ch\qos\logback\logback-classic\1.5.18\logback-classic-1.5.18.jar;C:\Users\Admin\.m2\repository\ch\qos\logback\logback-core\1.5.18\logback-core-1.5.18.jar;C:\Users\Admin\.m2\repository\org\apache\logging\log4j\log4j-to-slf4j\2.24.3\log4j-to-slf4j-2.24.3.jar;C:\Users\Admin\.m2\repository\org\apache\logging\log4j\log4j-api\2.24.3\log4j-api-2.24.3.jar;C:\Users\Admin\.m2\repository\org\slf4j\jul-to-slf4j\2.0.17\jul-to-slf4j-2.0.17.jar;C:\Users\Admin\.m2\repository\jakarta\annotation\jakarta.annotation-api\2.1.1\jakarta.annotation-api-2.1.1.jar;C:\Users\Admin\.m2\repository\org\yaml\snakeyaml\2.4\snakeyaml-2.4.jar;C:\Users\Admin\.m2\repository\org\springframework\boot\spring-boot-starter-json\3.5.0-SNAPSHOT\spring-boot-starter-json-3.5.0-SNAPSHOT.jar;C:\Users\Admin\.m2\repository\com\fasterxml\jackson\datatype\jackson-datatype-jdk8\2.18.3\jackson-datatype-jdk8-2.18.3.jar;C:\Users\Admin\.m2\repository\com\fasterxml\jackson\datatype\jackson-datatype-jsr310\2.18.3\jackson-datatype-jsr310-2.18.3.jar;C:\Users\Admin\.m2\repository\com\fasterxml\jackson\module\jackson-module-parameter-names\2.18.3\jackson-module-parameter-names-2.18.3.jar;C:\Users\Admin\.m2\repository\org\springframework\boot\spring-boot-starter-tomcat\3.5.0-SNAPSHOT\spring-boot-starter-tomcat-3.5.0-SNAPSHOT.jar;C:\Users\Admin\.m2\repository\org\apache\tomcat\embed\tomcat-embed-core\10.1.40\tomcat-embed-core-10.1
Launcher Type: SUN_STANDARD

[Global flags]
     intx CICompilerCount                          = 12                                        {product} {ergonomic}
     uint ConcGCThreads                            = 3                                         {product} {ergonomic}
     uint G1ConcRefinementThreads                  = 13                                        {product} {ergonomic}
   size_t G1HeapRegionSize                         = 2097152                                   {product} {ergonomic}
    uintx GCDrainStackTargetSize                   = 64                                        {product} {ergonomic}
   size_t InitialHeapSize                          = 257949696                                 {product} {ergonomic}
   size_t MarkStackSize                            = 4194304                                   {product} {ergonomic}
   size_t MaxHeapSize                              = 4125097984                                {product} {ergonomic}
   size_t MaxNewSize                               = 2474639360                                {product} {ergonomic}
   size_t MinHeapDeltaBytes                        = 2097152                                   {product} {ergonomic}
   size_t MinHeapSize                              = 8388608                                   {product} {ergonomic}
    uintx NonNMethodCodeHeapSize                   = 7602480                                {pd product} {ergonomic}
    uintx NonProfiledCodeHeapSize                  = 122027880                              {pd product} {ergonomic}
    uintx ProfiledCodeHeapSize                     = 122027880                              {pd product} {ergonomic}
    uintx ReservedCodeCacheSize                    = 251658240                              {pd product} {ergonomic}
     bool SegmentedCodeCache                       = true                                      {product} {ergonomic}
     bool ShowCodeDetailsInExceptionMessages       = true                                   {manageable} {command line}
   size_t SoftMaxHeapSize                          = 4125097984                             {manageable} {ergonomic}
     bool UseCompressedClassPointers               = true                           {product lp64_product} {ergonomic}
     bool UseCompressedOops                        = true                           {product lp64_product} {ergonomic}
     bool UseG1GC                                  = true                                      {product} {ergonomic}
     bool UseLargePagesIndividualAllocation        = false                                  {pd product} {ergonomic}

Logging:
Log output configuration:
 #0: stdout all=warning uptime,level,tags
 #1: stderr all=off uptime,level,tags

Environment Variables:
PATH=c:\Users\Admin\AppData\Local\Programs\cursor\resources\app\bin;c:\Users\Admin\AppData\Local\Programs\cursor\resources\app\bin;c:\Users\Admin\AppData\Local\Programs\cursor\resources\app\bin;c:\Users\Admin\AppData\Local\Programs\cursor\resources\app\bin;c:\Users\Admin\AppData\Local\Programs\cursor\resources\app\bin;c:\Users\Admin\AppData\Local\Programs\cursor\resources\app\bin;c:\Users\Admin\AppData\Local\Programs\cursor\resources\app\bin;C:\Program Files\Common Files\Oracle\Java\javapath;C:\Windows\system32;C:\Windows;C:\Windows\System32\Wbem;C:\Windows\System32\WindowsPowerShell\v1.0\;C:\Windows\System32\OpenSSH\;C:\Program Files\Git\cmd;C:\Program Files\nodejs\;C:\Users\Admin\AppData\Local\Microsoft\WindowsApps;C:\Users\Admin\AppData\Roaming\npm;C:\Program Files\nodejs;c:\Users\Admin\AppData\Local\Programs\cursor\resources\app\bin;c:\Users\Admin\AppData\Local\Programs\cursor\resources\app\bin;C:\Program Files\dotnet\;C:\Program Files (x86)\Windows Kits\10\Windows Performance Toolkit\;C:\ProgramData\flutter\b;C:\Users\Admin\AppData\Local\Microsoft\WindowsApps;C:\Users\Admin\AppData\Roaming\npm;C:\Program Files\nodejs;C:\Program Files\JetBrains\IntelliJ IDEA 2024.3.5\bin;;C:\Program Files\dotnet;C:\Users\Admin\.dotnet\tools;C:\ProgramData\flutter\bin;C:\Users\Admin\AppData\Local\Programs\cursor\resources\app\bin;C:\Users\Admin\AppData\Local\Programs\Microsoft VS Code\bin;C:\Users\Admin\AppData\Local\Packages\PythonSoftwareFoundation.Python.3.13_qbz5n2kfra8p0\LocalCache\local-packages\Python313\Scripts;C:\ffmpeg\bin;
USERNAME=Admin
LANG=en_US.UTF-8
OS=Windows_NT
PROCESSOR_IDENTIFIER=AMD64 Family 25 Model 80 Stepping 0, AuthenticAMD



---------------  S Y S T E M  ---------------

OS:
 Windows 10 , 64 bit Build 19041 (10.0.19041.5678)
OS uptime: 0 days 2:27 hours

CPU: total 16 (initial active 16) (16 cores per cpu, 2 threads per core) family 25 model 80 stepping 0 microcode 0x0, cx8, cmov, fxsr, ht, mmx, 3dnowpref, sse, sse2, sse3, ssse3, sse4a, sse4.1, sse4.2, popcnt, lzcnt, tsc, tscinvbit, avx, avx2, aes, erms, clmul, bmi1, bmi2, adx, sha, fma, vzeroupper, clflush, clflushopt

Memory: 4k page, system-wide physical 15734M (4300M free)
TotalPageFile size 23926M (AvailPageFile size 6M)
current process WorkingSet (physical memory assigned to process): 331M, peak: 338M
current process commit charge ("private bytes"): 380M, peak: 445M

vm_info: Java HotSpot(TM) 64-Bit Server VM (17.0.12+8-LTS-286) for windows-amd64 JRE (17.0.12+8-LTS-286), built on Jun  5 2024 06:46:59 by "mach5one" with MS VC++ 17.6 (VS2022)

END.
