#
# There is insufficient memory for the Java Runtime Environment to continue.
# Native memory allocation (mmap) failed to map 257949696 bytes for G1 virtual space
# Possible reasons:
#   The system is out of physical RAM or swap space
#   The process is running with CompressedOops enabled, and the Java Heap may be blocking the growth of the native heap
# Possible solutions:
#   Reduce memory load on the system
#   Increase physical memory or swap space
#   Check if swap backing store is full
#   Decrease Java heap size (-Xmx/-Xms)
#   Decrease number of Java threads
#   Decrease Java thread stack sizes (-Xss)
#   Set larger code cache with -XX:ReservedCodeCacheSize=
#   JVM is running with Zero Based Compressed Oops mode in which the Java heap is
#     placed in the first 32GB address space. The Java Heap base address is the
#     maximum limit for the native heap growth. Please use -XX:HeapBaseMinAddress
#     to set the Java Heap base and to place the Java Heap above 32GB virtual address.
# This output file may be truncated or incomplete.
#
#  Out of Memory Error (os_windows.cpp:3548), pid=16112, tid=16196
#
# JRE version:  (17.0.12+8) (build )
# Java VM: Java HotSpot(TM) 64-Bit Server VM (17.0.12+8-LTS-286, mixed mode, sharing, tiered, compressed oops, compressed class ptrs, g1 gc, windows-amd64)
# No core dump will be written. Minidumps are not enabled by default on client versions of Windows
#

---------------  S U M M A R Y ------------

Command Line: -XX:+ShowCodeDetailsInExceptionMessages com.ProjectMovie.MovieBackendSpringBootApplication

Host: AMD Ryzen 7 5800H with Radeon Graphics         , 16 cores, 15G,  Windows 10 , 64 bit Build 19041 (10.0.19041.5678)
Time: Sun Apr 13 15:46:34 2025 SE Asia Standard Time elapsed time: 0.008519 seconds (0d 0h 0m 0s)

---------------  T H R E A D  ---------------

Current thread (0x00000224b80bc3e0):  JavaThread "Unknown thread" [_thread_in_vm, id=16196, stack(0x000000a22a900000,0x000000a22aa00000)]

Stack: [0x000000a22a900000,0x000000a22aa00000]
Native frames: (J=compiled Java code, j=interpreted, Vv=VM code, C=native code)
V  [jvm.dll+0x67a04a]
V  [jvm.dll+0x7da4ed]
V  [jvm.dll+0x7dbe33]
V  [jvm.dll+0x7dc4a3]
V  [jvm.dll+0x24508f]
V  [jvm.dll+0x677089]
V  [jvm.dll+0x66bd32]
V  [jvm.dll+0x301fa6]
V  [jvm.dll+0x309546]
V  [jvm.dll+0x359d2e]
V  [jvm.dll+0x359f5f]
V  [jvm.dll+0x2d9078]
V  [jvm.dll+0x2d9fe4]
V  [jvm.dll+0x7aca21]
V  [jvm.dll+0x367591]
V  [jvm.dll+0x78b999]
V  [jvm.dll+0x3ec83f]
V  [jvm.dll+0x3ee471]
C  [jli.dll+0x5297]
C  [ucrtbase.dll+0x21bb2]
C  [KERNEL32.DLL+0x17374]
C  [ntdll.dll+0x4cc91]


---------------  P R O C E S S  ---------------

Threads class SMR info:
_java_thread_list=0x00007ffd2a857a18, length=0, elements={
}

Java Threads: ( => current thread )

Other Threads:
  0x00000224b812cb90 GCTaskThread "GC Thread#0" [stack: 0x000000a22aa00000,0x000000a22ab00000] [id=11336]
  0x00000224b813eee0 ConcurrentGCThread "G1 Main Marker" [stack: 0x000000a22ab00000,0x000000a22ac00000] [id=5840]
  0x00000224b813f700 ConcurrentGCThread "G1 Conc#0" [stack: 0x000000a22ac00000,0x000000a22ad00000] [id=13712]

[error occurred during error reporting (printing all threads), id 0xc0000005, EXCEPTION_ACCESS_VIOLATION (0xc0000005) at pc=0x00007ffd2a089b67]

VM state: not at safepoint (not fully initialized)

VM Mutex/Monitor currently owned by a thread:  ([mutex/lock_event])
[0x00000224b80b8590] Heap_lock - owner thread: 0x00000224b80bc3e0

Heap address: 0x000000070a200000, size: 3934 MB, Compressed Oops mode: Zero based, Oop shift amount: 3

CDS archive(s) mapped at: [0x0000000000000000-0x0000000000000000-0x0000000000000000), size 0, SharedBaseAddress: 0x0000000800000000, ArchiveRelocationMode: 1.
Narrow klass base: 0x0000000000000000, Narrow klass shift: 0, Narrow klass range: 0x0

GC Precious Log:
<Empty>

Heap:
 garbage-first heap   total 0K, used 0K [0x000000070a200000, 0x0000000800000000)
  region size 2048K, 0 young (0K), 0 survivors (0K)

[error occurred during error reporting (printing heap information), id 0xc0000005, EXCEPTION_ACCESS_VIOLATION (0xc0000005) at pc=0x00007ffd2a473859]

GC Heap History (0 events):
No events

Deoptimization events (0 events):
No events

Classes unloaded (0 events):
No events

Classes redefined (0 events):
No events

Internal exceptions (0 events):
No events

VM Operations (0 events):
No events

Events (1 events):
Event: 0.004 Loaded shared library C:\Program Files\Java\jdk-17\bin\java.dll


Dynamic libraries:
0x00007ff6397d0000 - 0x00007ff6397e0000 	C:\Program Files\Java\jdk-17\bin\java.exe
0x00007ffd7dd70000 - 0x00007ffd7df68000 	C:\Windows\SYSTEM32\ntdll.dll
0x00007ffd7cac0000 - 0x00007ffd7cb82000 	C:\Windows\System32\KERNEL32.DLL
0x00007ffd7b8a0000 - 0x00007ffd7bb96000 	C:\Windows\System32\KERNELBASE.dll
0x00007ffd7b510000 - 0x00007ffd7b610000 	C:\Windows\System32\ucrtbase.dll
0x00007ffd6bc00000 - 0x00007ffd6bc1b000 	C:\Program Files\Java\jdk-17\bin\VCRUNTIME140.dll
0x00007ffd6bbb0000 - 0x00007ffd6bbc9000 	C:\Program Files\Java\jdk-17\bin\jli.dll
0x00007ffd7d740000 - 0x00007ffd7d7f1000 	C:\Windows\System32\ADVAPI32.dll
0x00007ffd7db00000 - 0x00007ffd7db9e000 	C:\Windows\System32\msvcrt.dll
0x00007ffd7c5d0000 - 0x00007ffd7c66f000 	C:\Windows\System32\sechost.dll
0x00007ffd7bd80000 - 0x00007ffd7bea3000 	C:\Windows\System32\RPCRT4.dll
0x00007ffd7bba0000 - 0x00007ffd7bbc7000 	C:\Windows\System32\bcrypt.dll
0x00007ffd7ce30000 - 0x00007ffd7cfcd000 	C:\Windows\System32\USER32.dll
0x00007ffd7b870000 - 0x00007ffd7b892000 	C:\Windows\System32\win32u.dll
0x00007ffd69c70000 - 0x00007ffd69f0a000 	C:\Windows\WinSxS\amd64_microsoft.windows.common-controls_6595b64144ccf1df_6.0.19041.4355_none_60b8b9eb71f62e16\COMCTL32.dll
0x00007ffd7cc40000 - 0x00007ffd7cc6b000 	C:\Windows\System32\GDI32.dll
0x00007ffd7b3f0000 - 0x00007ffd7b50a000 	C:\Windows\System32\gdi32full.dll
0x00007ffd7bbd0000 - 0x00007ffd7bc6d000 	C:\Windows\System32\msvcp_win.dll
0x00007ffd73530000 - 0x00007ffd7353a000 	C:\Windows\SYSTEM32\VERSION.dll
0x00007ffd7cc80000 - 0x00007ffd7ccaf000 	C:\Windows\System32\IMM32.DLL
0x00007ffd6bbf0000 - 0x00007ffd6bbfc000 	C:\Program Files\Java\jdk-17\bin\vcruntime140_1.dll
0x00007ffd6ba50000 - 0x00007ffd6bade000 	C:\Program Files\Java\jdk-17\bin\msvcp140.dll
0x00007ffd29da0000 - 0x00007ffd2a980000 	C:\Program Files\Java\jdk-17\bin\server\jvm.dll
0x00007ffd7ca50000 - 0x00007ffd7ca58000 	C:\Windows\System32\PSAPI.DLL
0x00007ffd78f80000 - 0x00007ffd78fa7000 	C:\Windows\SYSTEM32\WINMM.dll
0x00007ffd5ba10000 - 0x00007ffd5ba19000 	C:\Windows\SYSTEM32\WSOCK32.dll
0x00007ffd7da90000 - 0x00007ffd7dafb000 	C:\Windows\System32\WS2_32.dll
0x00007ffd79c10000 - 0x00007ffd79c22000 	C:\Windows\SYSTEM32\kernel.appcore.dll
0x00007ffd6bba0000 - 0x00007ffd6bbaa000 	C:\Program Files\Java\jdk-17\bin\jimage.dll
0x00007ffd78d90000 - 0x00007ffd78f74000 	C:\Windows\SYSTEM32\DBGHELP.DLL
0x00007ffd78d50000 - 0x00007ffd78d84000 	C:\Windows\SYSTEM32\dbgcore.DLL
0x00007ffd7bcf0000 - 0x00007ffd7bd72000 	C:\Windows\System32\bcryptPrimitives.dll
0x00007ffd6ba20000 - 0x00007ffd6ba45000 	C:\Program Files\Java\jdk-17\bin\java.dll

dbghelp: loaded successfully - version: 4.0.5 - missing functions: none
symbol engine: initialized successfully - sym options: 0x614 - pdb path: .;C:\Program Files\Java\jdk-17\bin;C:\Windows\SYSTEM32;C:\Windows\WinSxS\amd64_microsoft.windows.common-controls_6595b64144ccf1df_6.0.19041.4355_none_60b8b9eb71f62e16;C:\Program Files\Java\jdk-17\bin\server

VM Arguments:
jvm_args: -XX:+ShowCodeDetailsInExceptionMessages 
java_command: com.ProjectMovie.MovieBackendSpringBootApplication
java_class_path (initial): C:\Users\Admin\Desktop\BaseMent\MovieBackendSpringBoot\target\classes;C:\Users\Admin\.m2\repository\org\json\json\20231013\json-20231013.jar;C:\Users\Admin\.m2\repository\org\springframework\boot\spring-boot-starter-web\3.5.0-SNAPSHOT\spring-boot-starter-web-3.5.0-SNAPSHOT.jar;C:\Users\Admin\.m2\repository\org\springframework\boot\spring-boot-starter\3.5.0-SNAPSHOT\spring-boot-starter-3.5.0-SNAPSHOT.jar;C:\Users\Admin\.m2\repository\org\springframework\boot\spring-boot-starter-logging\3.5.0-SNAPSHOT\spring-boot-starter-logging-3.5.0-SNAPSHOT.jar;C:\Users\Admin\.m2\repository\ch\qos\logback\logback-classic\1.5.18\logback-classic-1.5.18.jar;C:\Users\Admin\.m2\repository\ch\qos\logback\logback-core\1.5.18\logback-core-1.5.18.jar;C:\Users\Admin\.m2\repository\org\apache\logging\log4j\log4j-to-slf4j\2.24.3\log4j-to-slf4j-2.24.3.jar;C:\Users\Admin\.m2\repository\org\apache\logging\log4j\log4j-api\2.24.3\log4j-api-2.24.3.jar;C:\Users\Admin\.m2\repository\org\slf4j\jul-to-slf4j\2.0.17\jul-to-slf4j-2.0.17.jar;C:\Users\Admin\.m2\repository\jakarta\annotation\jakarta.annotation-api\2.1.1\jakarta.annotation-api-2.1.1.jar;C:\Users\Admin\.m2\repository\org\yaml\snakeyaml\2.4\snakeyaml-2.4.jar;C:\Users\Admin\.m2\repository\org\springframework\boot\spring-boot-starter-json\3.5.0-SNAPSHOT\spring-boot-starter-json-3.5.0-SNAPSHOT.jar;C:\Users\Admin\.m2\repository\com\fasterxml\jackson\datatype\jackson-datatype-jdk8\2.18.3\jackson-datatype-jdk8-2.18.3.jar;C:\Users\Admin\.m2\repository\com\fasterxml\jackson\datatype\jackson-datatype-jsr310\2.18.3\jackson-datatype-jsr310-2.18.3.jar;C:\Users\Admin\.m2\repository\com\fasterxml\jackson\module\jackson-module-parameter-names\2.18.3\jackson-module-parameter-names-2.18.3.jar;C:\Users\Admin\.m2\repository\org\springframework\boot\spring-boot-starter-tomcat\3.5.0-SNAPSHOT\spring-boot-starter-tomcat-3.5.0-SNAPSHOT.jar;C:\Users\Admin\.m2\repository\org\apache\tomcat\embed\tomcat-embed-core\10.1.40\tomcat-embed-core-10.1
Launcher Type: SUN_STANDARD

[Global flags]
     intx CICompilerCount                          = 12                                        {product} {ergonomic}
     uint ConcGCThreads                            = 3                                         {product} {ergonomic}
     uint G1ConcRefinementThreads                  = 13                                        {product} {ergonomic}
   size_t G1HeapRegionSize                         = 2097152                                   {product} {ergonomic}
    uintx GCDrainStackTargetSize                   = 64                                        {product} {ergonomic}
   size_t InitialHeapSize                          = 257949696                                 {product} {ergonomic}
   size_t MarkStackSize                            = 4194304                                   {product} {ergonomic}
   size_t MaxHeapSize                              = 4125097984                                {product} {ergonomic}
   size_t MinHeapDeltaBytes                        = 2097152                                   {product} {ergonomic}
   size_t MinHeapSize                              = 8388608                                   {product} {ergonomic}
    uintx NonNMethodCodeHeapSize                   = 7602480                                {pd product} {ergonomic}
    uintx NonProfiledCodeHeapSize                  = 122027880                              {pd product} {ergonomic}
    uintx ProfiledCodeHeapSize                     = 122027880                              {pd product} {ergonomic}
    uintx ReservedCodeCacheSize                    = 251658240                              {pd product} {ergonomic}
     bool SegmentedCodeCache                       = true                                      {product} {ergonomic}
     bool ShowCodeDetailsInExceptionMessages       = true                                   {manageable} {command line}
   size_t SoftMaxHeapSize                          = 4125097984                             {manageable} {ergonomic}
     bool UseCompressedClassPointers               = true                           {product lp64_product} {ergonomic}
     bool UseCompressedOops                        = true                           {product lp64_product} {ergonomic}
     bool UseG1GC                                  = true                                      {product} {ergonomic}
     bool UseLargePagesIndividualAllocation        = false                                  {pd product} {ergonomic}

Logging:
Log output configuration:
 #0: stdout all=warning uptime,level,tags
 #1: stderr all=off uptime,level,tags

Environment Variables:
PATH=c:\Users\Admin\AppData\Local\Programs\cursor\resources\app\bin;c:\Users\Admin\AppData\Local\Programs\cursor\resources\app\bin;c:\Users\Admin\AppData\Local\Programs\cursor\resources\app\bin;c:\Users\Admin\AppData\Local\Programs\cursor\resources\app\bin;c:\Users\Admin\AppData\Local\Programs\cursor\resources\app\bin;c:\Users\Admin\AppData\Local\Programs\cursor\resources\app\bin;c:\Users\Admin\AppData\Local\Programs\cursor\resources\app\bin;C:\Program Files\Common Files\Oracle\Java\javapath;C:\Windows\system32;C:\Windows;C:\Windows\System32\Wbem;C:\Windows\System32\WindowsPowerShell\v1.0\;C:\Windows\System32\OpenSSH\;C:\Program Files\Git\cmd;C:\Program Files\nodejs\;C:\Users\Admin\AppData\Local\Microsoft\WindowsApps;C:\Users\Admin\AppData\Roaming\npm;C:\Program Files\nodejs;c:\Users\Admin\AppData\Local\Programs\cursor\resources\app\bin;c:\Users\Admin\AppData\Local\Programs\cursor\resources\app\bin;C:\Program Files\dotnet\;C:\Program Files (x86)\Windows Kits\10\Windows Performance Toolkit\;C:\ProgramData\flutter\b;C:\Users\Admin\AppData\Local\Microsoft\WindowsApps;C:\Users\Admin\AppData\Roaming\npm;C:\Program Files\nodejs;C:\Program Files\JetBrains\IntelliJ IDEA 2024.3.5\bin;;C:\Program Files\dotnet;C:\Users\Admin\.dotnet\tools;C:\ProgramData\flutter\bin;C:\Users\Admin\AppData\Local\Programs\cursor\resources\app\bin
USERNAME=Admin
LANG=en_US.UTF-8
OS=Windows_NT
PROCESSOR_IDENTIFIER=AMD64 Family 25 Model 80 Stepping 0, AuthenticAMD



---------------  S Y S T E M  ---------------

OS:
 Windows 10 , 64 bit Build 19041 (10.0.19041.5678)
OS uptime: 0 days 4:07 hours

CPU: total 16 (initial active 16) (16 cores per cpu, 2 threads per core) family 25 model 80 stepping 0 microcode 0x0, cx8, cmov, fxsr, ht, mmx, 3dnowpref, sse, sse2, sse3, ssse3, sse4a, sse4.1, sse4.2, popcnt, lzcnt, tsc, tscinvbit, avx, avx2, aes, erms, clmul, bmi1, bmi2, adx, sha, fma, vzeroupper, clflush, clflushopt

Memory: 4k page, system-wide physical 15734M (1162M free)
TotalPageFile size 23926M (AvailPageFile size 199M)
current process WorkingSet (physical memory assigned to process): 10M, peak: 10M
current process commit charge ("private bytes"): 70M, peak: 316M

vm_info: Java HotSpot(TM) 64-Bit Server VM (17.0.12+8-LTS-286) for windows-amd64 JRE (17.0.12+8-LTS-286), built on Jun  5 2024 06:46:59 by "mach5one" with MS VC++ 17.6 (VS2022)

END.
