#
# There is insufficient memory for the Java Runtime Environment to continue.
# Native memory allocation (malloc) failed to allocate 2127856 bytes. Error detail: Chunk::new
# Possible reasons:
#   The system is out of physical RAM or swap space
#   This process is running with CompressedOops enabled, and the Java Heap may be blocking the growth of the native heap
# Possible solutions:
#   Reduce memory load on the system
#   Increase physical memory or swap space
#   Check if swap backing store is full
#   Decrease Java heap size (-Xmx/-Xms)
#   Decrease number of Java threads
#   Decrease Java thread stack sizes (-Xss)
#   Set larger code cache with -XX:ReservedCodeCacheSize=
#   JVM is running with Unscaled Compressed Oops mode in which the Java heap is
#     placed in the first 4GB address space. The Java Heap base address is the
#     maximum limit for the native heap growth. Please use -XX:HeapBaseMinAddress
#     to set the Java Heap base and to place the Java Heap above 4GB virtual address.
# This output file may be truncated or incomplete.
#
#  Out of Memory Error (arena.cpp:168), pid=17460, tid=21788
#
# JRE version: OpenJDK Runtime Environment Temurin-21.0.6+7 (21.0.6+7) (build 21.0.6+7-LTS)
# Java VM: OpenJDK 64-Bit Server VM Temurin-21.0.6+7 (21.0.6+7-LTS, mixed mode, sharing, tiered, compressed oops, compressed class ptrs, parallel gc, windows-amd64)
# No core dump will be written. Minidumps are not enabled by default on client versions of Windows
#

---------------  S U M M A R Y ------------

Command Line: --add-modules=ALL-SYSTEM --add-opens=java.base/java.util=ALL-UNNAMED --add-opens=java.base/java.lang=ALL-UNNAMED --add-opens=java.base/sun.nio.fs=ALL-UNNAMED -Declipse.application=org.eclipse.jdt.ls.core.id1 -Dosgi.bundles.defaultStartLevel=4 -Declipse.product=org.eclipse.jdt.ls.core.product -Djava.import.generatesMetadataFilesAtProjectRoot=false -DDetectVMInstallationsJob.disabled=true -Dfile.encoding=utf8 -XX:+UseParallelGC -XX:GCTimeRatio=4 -XX:AdaptiveSizePolicyWeight=90 -Dsun.zip.disableMemoryMapping=true -Xmx1G -Xms100m -Xlog:disable -javaagent:c:\Users\Admin\.cursor\extensions\redhat.java-1.41.1-win32-x64\lombok\lombok-1.18.36.jar -XX:+HeapDumpOnOutOfMemoryError -XX:HeapDumpPath=c:\Users\Admin\AppData\Roaming\Cursor\User\workspaceStorage\dc388019188987a1ef9f9bad0029eda8\redhat.java -Daether.dependencyCollector.impl=bf c:\Users\Admin\.cursor\extensions\redhat.java-1.41.1-win32-x64\server\plugins\org.eclipse.equinox.launcher_1.7.0.v20250331-1702.jar -configuration c:\Users\Admin\AppData\Roaming\Cursor\User\globalStorage\redhat.java\1.41.1\config_win -data c:\Users\Admin\AppData\Roaming\Cursor\User\workspaceStorage\dc388019188987a1ef9f9bad0029eda8\redhat.java\jdt_ws --pipe=\\.\pipe\lsp-7ce89037a134c8be957198af11aa04fc-sock

Host: AMD Ryzen 7 5800H with Radeon Graphics         , 16 cores, 15G,  Windows 10 , 64 bit Build 19041 (10.0.19041.5678)
Time: Sat Apr 12 14:04:43 2025 SE Asia Standard Time elapsed time: 6.705089 seconds (0d 0h 0m 6s)

---------------  T H R E A D  ---------------

Current thread (0x000002d46c07c610):  JavaThread "C2 CompilerThread3" daemon [_thread_in_native, id=21788, stack(0x000000d82a000000,0x000000d82a100000) (1024K)]


Current CompileTask:
C2:6705 8374 %     4       org.lombokweb.asm.SymbolTable::<init> @ 98 (536 bytes)

Stack: [0x000000d82a000000,0x000000d82a100000]
Native frames: (J=compiled Java code, j=interpreted, Vv=VM code, C=native code)
V  [jvm.dll+0x6cdee9]
V  [jvm.dll+0x8a83d1]
V  [jvm.dll+0x8aa8fe]
V  [jvm.dll+0x8aafe3]
V  [jvm.dll+0x27f706]
V  [jvm.dll+0xc500d]
V  [jvm.dll+0xc5543]
V  [jvm.dll+0x3b678c]
V  [jvm.dll+0x1e0009]
V  [jvm.dll+0x247b42]
V  [jvm.dll+0x246fcf]
V  [jvm.dll+0x1c75ee]
V  [jvm.dll+0x25685a]
V  [jvm.dll+0x254dfa]
V  [jvm.dll+0x3f0256]
V  [jvm.dll+0x851f8b]
V  [jvm.dll+0x6cc5ed]
C  [ucrtbase.dll+0x21bb2]
C  [KERNEL32.DLL+0x17374]
C  [ntdll.dll+0x4cc91]


---------------  P R O C E S S  ---------------

Threads class SMR info:
_java_thread_list=0x000002d46d445cb0, length=86, elements={
0x000002d44f8c1700, 0x000002d463cacb20, 0x000002d463cadbe0, 0x000002d463caff00,
0x000002d463cb0e10, 0x000002d463cb9630, 0x000002d463cbe090, 0x000002d465398790,
0x000002d46539b0a0, 0x000002d465475270, 0x000002d4654b7470, 0x000002d4654766f0,
0x000002d46b0044b0, 0x000002d46bb9da40, 0x000002d46bb5e820, 0x000002d46bb17870,
0x000002d46badfd90, 0x000002d46c5a9150, 0x000002d46c59b010, 0x000002d46ba9aec0,
0x000002d46c07b1a0, 0x000002d46ba9b550, 0x000002d46ba9c900, 0x000002d46ba9cf90,
0x000002d46ba9a830, 0x000002d46c079660, 0x000002d46c078f90, 0x000002d46ba9bbe0,
0x000002d46ba9c270, 0x000002d46c07c610, 0x000002d46ba99b10, 0x000002d46f1e2dd0,
0x000002d46f1e2740, 0x000002d46f1e4ea0, 0x000002d46f1e68e0, 0x000002d46f1e89b0,
0x000002d46f1e4180, 0x000002d46f1e9040, 0x000002d46f1e5530, 0x000002d46f1e3460,
0x000002d46f1e20b0, 0x000002d46f1e7c90, 0x000002d46f1e5bc0, 0x000002d46f1e6250,
0x000002d46f1e8320, 0x000002d46f1e3af0, 0x000002d46f1e6f70, 0x000002d46f1e4810,
0x000002d46c079d30, 0x000002d46f1e7600, 0x000002d46c07b870, 0x000002d46c07a400,
0x000002d46c07bf40, 0x000002d46f1e96d0, 0x000002d46ed273e0, 0x000002d46ed29b40,
0x000002d46ed245f0, 0x000002d46ed23f60, 0x000002d46ed28e20, 0x000002d46ed28790,
0x000002d46ed259a0, 0x000002d46ed28100, 0x000002d46ed294b0, 0x000002d46ed24c80,
0x000002d46ed2a1d0, 0x000002d46ed25310, 0x000002d46ed2a860, 0x000002d46ed238d0,
0x000002d47b710310, 0x000002d47b713100, 0x000002d47b715ef0, 0x000002d47b712a70,
0x000002d47b7144b0, 0x000002d47b714b40, 0x000002d47b7151d0, 0x000002d47b711030,
0x000002d47b715860, 0x000002d47b711d50, 0x000002d47b7123e0, 0x000002d47b7116c0,
0x000002d47b716580, 0x000002d47b713e20, 0x000002d47b7109a0, 0x000002d47b70f5f0,
0x000002d47b716c10, 0x000002d47a171240
}

Java Threads: ( => current thread )
  0x000002d44f8c1700 JavaThread "main"                              [_thread_blocked, id=8516, stack(0x000000d827200000,0x000000d827300000) (1024K)]
  0x000002d463cacb20 JavaThread "Reference Handler"          daemon [_thread_blocked, id=16564, stack(0x000000d827600000,0x000000d827700000) (1024K)]
  0x000002d463cadbe0 JavaThread "Finalizer"                  daemon [_thread_blocked, id=10428, stack(0x000000d827700000,0x000000d827800000) (1024K)]
  0x000002d463caff00 JavaThread "Signal Dispatcher"          daemon [_thread_blocked, id=10512, stack(0x000000d827800000,0x000000d827900000) (1024K)]
  0x000002d463cb0e10 JavaThread "Attach Listener"            daemon [_thread_blocked, id=20108, stack(0x000000d827900000,0x000000d827a00000) (1024K)]
  0x000002d463cb9630 JavaThread "Service Thread"             daemon [_thread_blocked, id=20432, stack(0x000000d827a00000,0x000000d827b00000) (1024K)]
  0x000002d463cbe090 JavaThread "Monitor Deflation Thread"   daemon [_thread_blocked, id=8848, stack(0x000000d827b00000,0x000000d827c00000) (1024K)]
  0x000002d465398790 JavaThread "C2 CompilerThread0"         daemon [_thread_in_native, id=8428, stack(0x000000d827c00000,0x000000d827d00000) (1024K)]
  0x000002d46539b0a0 JavaThread "C1 CompilerThread0"         daemon [_thread_blocked, id=20592, stack(0x000000d827d00000,0x000000d827e00000) (1024K)]
  0x000002d465475270 JavaThread "Common-Cleaner"             daemon [_thread_blocked, id=8552, stack(0x000000d827e00000,0x000000d827f00000) (1024K)]
  0x000002d4654b7470 JavaThread "C1 CompilerThread1"         daemon [_thread_blocked, id=9940, stack(0x000000d827f00000,0x000000d828000000) (1024K)]
  0x000002d4654766f0 JavaThread "C1 CompilerThread2"         daemon [_thread_blocked, id=15064, stack(0x000000d828000000,0x000000d828100000) (1024K)]
  0x000002d46b0044b0 JavaThread "Notification Thread"        daemon [_thread_blocked, id=9036, stack(0x000000d828200000,0x000000d828300000) (1024K)]
  0x000002d46bb9da40 JavaThread "Active Thread: Equinox Container: 92b9ba4d-77b4-492c-bca0-cc91e36d0fae"        [_thread_blocked, id=17036, stack(0x000000d828b00000,0x000000d828c00000) (1024K)]
  0x000002d46bb5e820 JavaThread "Refresh Thread: Equinox Container: 92b9ba4d-77b4-492c-bca0-cc91e36d0fae" daemon [_thread_blocked, id=22484, stack(0x000000d828c00000,0x000000d828d00000) (1024K)]
  0x000002d46bb17870 JavaThread "Framework Event Dispatcher: Equinox Container: 92b9ba4d-77b4-492c-bca0-cc91e36d0fae" daemon [_thread_blocked, id=18524, stack(0x000000d828d00000,0x000000d828e00000) (1024K)]
  0x000002d46badfd90 JavaThread "Start Level: Equinox Container: 92b9ba4d-77b4-492c-bca0-cc91e36d0fae" daemon [_thread_blocked, id=20264, stack(0x000000d828e00000,0x000000d828f00000) (1024K)]
  0x000002d46c5a9150 JavaThread "Bundle File Closer"         daemon [_thread_blocked, id=12008, stack(0x000000d828f00000,0x000000d829000000) (1024K)]
  0x000002d46c59b010 JavaThread "SCR Component Actor"        daemon [_thread_blocked, id=21316, stack(0x000000d829200000,0x000000d829300000) (1024K)]
  0x000002d46ba9aec0 JavaThread "SCR Component Registry"     daemon [_thread_blocked, id=992, stack(0x000000d828100000,0x000000d828200000) (1024K)]
  0x000002d46c07b1a0 JavaThread "C2 CompilerThread1"         daemon [_thread_in_native, id=22044, stack(0x000000d828300000,0x000000d828400000) (1024K)]
  0x000002d46ba9b550 JavaThread "Worker-JM"                         [_thread_blocked, id=21936, stack(0x000000d829600000,0x000000d829700000) (1024K)]
  0x000002d46ba9c900 JavaThread "JNA Cleaner"                daemon [_thread_blocked, id=18956, stack(0x000000d829700000,0x000000d829800000) (1024K)]
  0x000002d46ba9cf90 JavaThread "Worker-0"                          [_thread_blocked, id=5940, stack(0x000000d829800000,0x000000d829900000) (1024K)]
  0x000002d46ba9a830 JavaThread "Worker-1: Java indexing... "        [_thread_blocked, id=15736, stack(0x000000d829900000,0x000000d829a00000) (1024K)]
  0x000002d46c079660 JavaThread "C1 CompilerThread3"         daemon [_thread_blocked, id=16656, stack(0x000000d829a00000,0x000000d829b00000) (1024K)]
  0x000002d46c078f90 JavaThread "C2 CompilerThread2"         daemon [_thread_in_native, id=13524, stack(0x000000d829b00000,0x000000d829c00000) (1024K)]
  0x000002d46ba9bbe0 JavaThread "Java indexing"              daemon [_thread_in_Java, id=5712, stack(0x000000d829c00000,0x000000d829d00000) (1024K)]
  0x000002d46ba9c270 JavaThread "Worker-2: Building"                [_thread_in_native, id=20448, stack(0x000000d829f00000,0x000000d82a000000) (1024K)]
=>0x000002d46c07c610 JavaThread "C2 CompilerThread3"         daemon [_thread_in_native, id=21788, stack(0x000000d82a000000,0x000000d82a100000) (1024K)]
  0x000002d46ba99b10 JavaThread "Worker-3"                          [_thread_blocked, id=14988, stack(0x000000d82a100000,0x000000d82a200000) (1024K)]
  0x000002d46f1e2dd0 JavaThread "Thread-2"                   daemon [_thread_in_native, id=20356, stack(0x000000d82a200000,0x000000d82a300000) (1024K)]
  0x000002d46f1e2740 JavaThread "Thread-3"                   daemon [_thread_in_native, id=19764, stack(0x000000d82a300000,0x000000d82a400000) (1024K)]
  0x000002d46f1e4ea0 JavaThread "Thread-4"                   daemon [_thread_in_native, id=19176, stack(0x000000d82a400000,0x000000d82a500000) (1024K)]
  0x000002d46f1e68e0 JavaThread "Thread-5"                   daemon [_thread_in_native, id=13344, stack(0x000000d82a500000,0x000000d82a600000) (1024K)]
  0x000002d46f1e89b0 JavaThread "Thread-6"                   daemon [_thread_in_native, id=14104, stack(0x000000d82a600000,0x000000d82a700000) (1024K)]
  0x000002d46f1e4180 JavaThread "Thread-7"                   daemon [_thread_in_native, id=20884, stack(0x000000d82a700000,0x000000d82a800000) (1024K)]
  0x000002d46f1e9040 JavaThread "Thread-8"                   daemon [_thread_in_native, id=20212, stack(0x000000d82a800000,0x000000d82a900000) (1024K)]
  0x000002d46f1e5530 JavaThread "Thread-9"                   daemon [_thread_in_native, id=16904, stack(0x000000d82a900000,0x000000d82aa00000) (1024K)]
  0x000002d46f1e3460 JavaThread "Thread-10"                  daemon [_thread_in_native, id=18012, stack(0x000000d82aa00000,0x000000d82ab00000) (1024K)]
  0x000002d46f1e20b0 JavaThread "Thread-11"                  daemon [_thread_in_native, id=19968, stack(0x000000d82ab00000,0x000000d82ac00000) (1024K)]
  0x000002d46f1e7c90 JavaThread "Thread-12"                  daemon [_thread_in_native, id=21364, stack(0x000000d82ac00000,0x000000d82ad00000) (1024K)]
  0x000002d46f1e5bc0 JavaThread "Thread-13"                  daemon [_thread_in_native, id=20236, stack(0x000000d82ad00000,0x000000d82ae00000) (1024K)]
  0x000002d46f1e6250 JavaThread "Thread-14"                  daemon [_thread_in_native, id=16716, stack(0x000000d82ae00000,0x000000d82af00000) (1024K)]
  0x000002d46f1e8320 JavaThread "Thread-15"                  daemon [_thread_in_native, id=14388, stack(0x000000d82af00000,0x000000d82b000000) (1024K)]
  0x000002d46f1e3af0 JavaThread "Thread-16"                  daemon [_thread_in_native, id=16620, stack(0x000000d82b000000,0x000000d82b100000) (1024K)]
  0x000002d46f1e6f70 JavaThread "Thread-17"                  daemon [_thread_in_native, id=21620, stack(0x000000d82b100000,0x000000d82b200000) (1024K)]
  0x000002d46f1e4810 JavaThread "Thread-18"                  daemon [_thread_in_native, id=22056, stack(0x000000d82b200000,0x000000d82b300000) (1024K)]
  0x000002d46c079d30 JavaThread "C2 CompilerThread4"         daemon [_thread_in_native, id=21008, stack(0x000000d82b300000,0x000000d82b400000) (1024K)]
  0x000002d46f1e7600 JavaThread "pool-2-thread-1"                   [_thread_blocked, id=19140, stack(0x000000d82b400000,0x000000d82b500000) (1024K)]
  0x000002d46c07b870 JavaThread "C2 CompilerThread5"         daemon [_thread_in_native, id=5088, stack(0x000000d82b500000,0x000000d82b600000) (1024K)]
  0x000002d46c07a400 JavaThread "C2 CompilerThread6"         daemon [_thread_in_native, id=13228, stack(0x000000d82b600000,0x000000d82b700000) (1024K)]
  0x000002d46c07bf40 JavaThread "C2 CompilerThread7"         daemon [_thread_in_native, id=21728, stack(0x000000d82b700000,0x000000d82b800000) (1024K)]
  0x000002d46f1e96d0 JavaThread "WorkspaceEventsHandler"            [_thread_blocked, id=19984, stack(0x000000d82b800000,0x000000d82b900000) (1024K)]
  0x000002d46ed273e0 JavaThread "pool-1-thread-1"                   [_thread_blocked, id=21944, stack(0x000000d82b900000,0x000000d82ba00000) (1024K)]
  0x000002d46ed29b40 JavaThread "Worker-4"                          [_thread_blocked, id=21484, stack(0x000000d82ba00000,0x000000d82bb00000) (1024K)]
  0x000002d46ed245f0 JavaThread "LocalFile Deleter"          daemon [_thread_blocked, id=7224, stack(0x000000d82bb00000,0x000000d82bc00000) (1024K)]
  0x000002d46ed23f60 JavaThread "LocalFile Deleter"          daemon [_thread_blocked, id=8356, stack(0x000000d82bc00000,0x000000d82bd00000) (1024K)]
  0x000002d46ed28e20 JavaThread "LocalFile Deleter"          daemon [_thread_blocked, id=8236, stack(0x000000d82bd00000,0x000000d82be00000) (1024K)]
  0x000002d46ed28790 JavaThread "LocalFile Deleter"          daemon [_thread_blocked, id=21856, stack(0x000000d82be00000,0x000000d82bf00000) (1024K)]
  0x000002d46ed259a0 JavaThread "LocalFile Deleter"          daemon [_thread_blocked, id=20372, stack(0x000000d82bf00000,0x000000d82c000000) (1024K)]
  0x000002d46ed28100 JavaThread "LocalFile Deleter"          daemon [_thread_blocked, id=16888, stack(0x000000d82c000000,0x000000d82c100000) (1024K)]
  0x000002d46ed294b0 JavaThread "LocalFile Deleter"          daemon [_thread_blocked, id=14284, stack(0x000000d82c100000,0x000000d82c200000) (1024K)]
  0x000002d46ed24c80 JavaThread "LocalFile Deleter"          daemon [_thread_blocked, id=5808, stack(0x000000d82c200000,0x000000d82c300000) (1024K)]
  0x000002d46ed2a1d0 JavaThread "LocalFile Deleter"          daemon [_thread_blocked, id=13904, stack(0x000000d82c300000,0x000000d82c400000) (1024K)]
  0x000002d46ed25310 JavaThread "LocalFile Deleter"          daemon [_thread_blocked, id=11620, stack(0x000000d82c400000,0x000000d82c500000) (1024K)]
  0x000002d46ed2a860 JavaThread "LocalFile Deleter"          daemon [_thread_blocked, id=5796, stack(0x000000d82c500000,0x000000d82c600000) (1024K)]
  0x000002d46ed238d0 JavaThread "LocalFile Deleter"          daemon [_thread_blocked, id=15420, stack(0x000000d82c600000,0x000000d82c700000) (1024K)]
  0x000002d47b710310 JavaThread "LocalFile Deleter"          daemon [_thread_blocked, id=13580, stack(0x000000d82c700000,0x000000d82c800000) (1024K)]
  0x000002d47b713100 JavaThread "LocalFile Deleter"          daemon [_thread_blocked, id=3508, stack(0x000000d82c800000,0x000000d82c900000) (1024K)]
  0x000002d47b715ef0 JavaThread "LocalFile Deleter"          daemon [_thread_blocked, id=17504, stack(0x000000d82c900000,0x000000d82ca00000) (1024K)]
  0x000002d47b712a70 JavaThread "LocalFile Deleter"          daemon [_thread_blocked, id=15848, stack(0x000000d82ca00000,0x000000d82cb00000) (1024K)]
  0x000002d47b7144b0 JavaThread "Compiler Source File Reader" daemon [_thread_blocked, id=18768, stack(0x000000d82cb00000,0x000000d82cc00000) (1024K)]
  0x000002d47b714b40 JavaThread "Compiler Source File Reader" daemon [_thread_blocked, id=14156, stack(0x000000d82cc00000,0x000000d82cd00000) (1024K)]
  0x000002d47b7151d0 JavaThread "Compiler Source File Reader" daemon [_thread_blocked, id=16784, stack(0x000000d82cd00000,0x000000d82ce00000) (1024K)]
  0x000002d47b711030 JavaThread "Compiler Source File Reader" daemon [_thread_blocked, id=11412, stack(0x000000d82ce00000,0x000000d82cf00000) (1024K)]
  0x000002d47b715860 JavaThread "Compiler Source File Reader" daemon [_thread_blocked, id=17744, stack(0x000000d82cf00000,0x000000d82d000000) (1024K)]
  0x000002d47b711d50 JavaThread "Compiler Source File Reader" daemon [_thread_blocked, id=16444, stack(0x000000d82d000000,0x000000d82d100000) (1024K)]
  0x000002d47b7123e0 JavaThread "Compiler Source File Reader" daemon [_thread_blocked, id=21836, stack(0x000000d82d100000,0x000000d82d200000) (1024K)]
  0x000002d47b7116c0 JavaThread "Compiler Source File Reader" daemon [_thread_blocked, id=20704, stack(0x000000d82d200000,0x000000d82d300000) (1024K)]
  0x000002d47b716580 JavaThread "Compiler Source File Reader" daemon [_thread_blocked, id=20932, stack(0x000000d82d300000,0x000000d82d400000) (1024K)]
  0x000002d47b713e20 JavaThread "Compiler Source File Reader" daemon [_thread_blocked, id=19080, stack(0x000000d82d400000,0x000000d82d500000) (1024K)]
  0x000002d47b7109a0 JavaThread "Compiler Source File Reader" daemon [_thread_blocked, id=312, stack(0x000000d82d500000,0x000000d82d600000) (1024K)]
  0x000002d47b70f5f0 JavaThread "Compiler Source File Reader" daemon [_thread_blocked, id=12444, stack(0x000000d82d600000,0x000000d82d700000) (1024K)]
  0x000002d47b716c10 JavaThread "Compiler Source File Reader" daemon [_thread_blocked, id=9600, stack(0x000000d82d700000,0x000000d82d800000) (1024K)]
  0x000002d47a171240 JavaThread "Compiler Source File Reader" daemon [_thread_blocked, id=7756, stack(0x000000d82d800000,0x000000d82d900000) (1024K)]
Total: 86

Other Threads:
  0x000002d44f97f9e0 VMThread "VM Thread"                           [id=14892, stack(0x000000d827500000,0x000000d827600000) (1024K)]
  0x000002d44f92be20 WatcherThread "VM Periodic Task Thread"        [id=19828, stack(0x000000d827400000,0x000000d827500000) (1024K)]
  0x000002d44f8de430 WorkerThread "GC Thread#0"                     [id=3800, stack(0x000000d827300000,0x000000d827400000) (1024K)]
  0x000002d46b377410 WorkerThread "GC Thread#1"                     [id=16192, stack(0x000000d828400000,0x000000d828500000) (1024K)]
  0x000002d46b0901b0 WorkerThread "GC Thread#2"                     [id=9904, stack(0x000000d828500000,0x000000d828600000) (1024K)]
  0x000002d46572aeb0 WorkerThread "GC Thread#3"                     [id=16008, stack(0x000000d828600000,0x000000d828700000) (1024K)]
  0x000002d46572b250 WorkerThread "GC Thread#4"                     [id=21884, stack(0x000000d828700000,0x000000d828800000) (1024K)]
  0x000002d46572b5f0 WorkerThread "GC Thread#5"                     [id=21000, stack(0x000000d828800000,0x000000d828900000) (1024K)]
  0x000002d46572b990 WorkerThread "GC Thread#6"                     [id=22156, stack(0x000000d828900000,0x000000d828a00000) (1024K)]
  0x000002d46b8a3820 WorkerThread "GC Thread#7"                     [id=11676, stack(0x000000d828a00000,0x000000d828b00000) (1024K)]
  0x000002d46bb6cf70 WorkerThread "GC Thread#8"                     [id=21220, stack(0x000000d829000000,0x000000d829100000) (1024K)]
  0x000002d46bb6c0f0 WorkerThread "GC Thread#9"                     [id=3276, stack(0x000000d829100000,0x000000d829200000) (1024K)]
  0x000002d46bb6c830 WorkerThread "GC Thread#10"                    [id=7004, stack(0x000000d829300000,0x000000d829400000) (1024K)]
  0x000002d46bb6b610 WorkerThread "GC Thread#11"                    [id=16520, stack(0x000000d829400000,0x000000d829500000) (1024K)]
  0x000002d46c618e30 WorkerThread "GC Thread#12"                    [id=16848, stack(0x000000d829500000,0x000000d829600000) (1024K)]
Total: 15

Threads with active compile tasks:
C2 CompilerThread0  6723 8545 %     4       org.eclipse.jdt.internal.core.search.indexing.BinaryIndexer::extractReferenceFromConstantPool @ 155 (358 bytes)
C2 CompilerThread1  6723 8398       4       jdk.internal.jrtfs.JrtFileSystem::getPath (7 bytes)
C2 CompilerThread2  6723 8192   !   4       org.eclipse.jdt.internal.core.search.indexing.AddJrtToIndex$JrtIndexer::visitFile (133 bytes)
C2 CompilerThread3  6723 8374 %     4       org.lombokweb.asm.SymbolTable::<init> @ 98 (536 bytes)
C2 CompilerThread4  6723 8400       4       org.lombokweb.asm.ClassReader::readMethod (1070 bytes)
C2 CompilerThread5  6723 8447   !   4       org.eclipse.jdt.internal.core.search.indexing.BinaryIndexer::indexDocument (1204 bytes)
C2 CompilerThread6  6723 8424 %     4       org.lombokweb.asm.ClassReader::readCode @ 2187 (5117 bytes)
C2 CompilerThread7  6723 8532       4       jdk.internal.jrtfs.JrtFileSystem::getPath (102 bytes)
Total: 8

VM state: not at safepoint (normal execution)

VM Mutex/Monitor currently owned by a thread: None

Heap address: 0x00000000c0000000, size: 1024 MB, Compressed Oops mode: 32-bit

CDS archive(s) mapped at: [0x000002d400000000-0x000002d400ba0000-0x000002d400ba0000), size 12189696, SharedBaseAddress: 0x000002d400000000, ArchiveRelocationMode: 1.
Compressed class space mapped at: 0x000002d401000000-0x000002d441000000, reserved size: 1073741824
Narrow klass base: 0x000002d400000000, Narrow klass shift: 0, Narrow klass range: 0x100000000

GC Precious Log:
 CardTable entry size: 512
 CPUs: 16 total, 16 available
 Memory: 15734M
 Large Page Support: Disabled
 NUMA Support: Disabled
 Compressed Oops: Enabled (32-bit)
 Alignments: Space 512K, Generation 512K, Heap 2M
 Heap Min Capacity: 100M
 Heap Initial Capacity: 100M
 Heap Max Capacity: 1G
 Pre-touch: Disabled
 Parallel Workers: 13

Heap:
 PSYoungGen      total 11776K, used 7331K [0x00000000eab00000, 0x00000000eb900000, 0x0000000100000000)
  eden space 9728K, 54% used [0x00000000eab00000,0x00000000eb028db8,0x00000000eb480000)
  from space 2048K, 99% used [0x00000000eb480000,0x00000000eb67fe90,0x00000000eb680000)
  to   space 2048K, 0% used [0x00000000eb700000,0x00000000eb700000,0x00000000eb900000)
 ParOldGen       total 125952K, used 125655K [0x00000000c0000000, 0x00000000c7b00000, 0x00000000eab00000)
  object space 125952K, 99% used [0x00000000c0000000,0x00000000c7ab5fe8,0x00000000c7b00000)
 Metaspace       used 54033K, committed 55360K, reserved 1114112K
  class space    used 5611K, committed 6208K, reserved 1048576K

Card table byte_map: [0x000002d44f270000,0x000002d44f480000] _byte_map_base: 0x000002d44ec70000

Marking Bits: (ParMarkBitMap*) 0x00007ff975003260
 Begin Bits: [0x000002d461ac0000, 0x000002d462ac0000)
 End Bits:   [0x000002d462ac0000, 0x000002d463ac0000)

Polling page: 0x000002d44d710000

Metaspace:

Usage:
  Non-class:     47.29 MB used.
      Class:      5.48 MB used.
       Both:     52.77 MB used.

Virtual space:
  Non-class space:       64.00 MB reserved,      48.00 MB ( 75%) committed,  1 nodes.
      Class space:        1.00 GB reserved,       6.06 MB ( <1%) committed,  1 nodes.
             Both:        1.06 GB reserved,      54.06 MB (  5%) committed. 

Chunk freelists:
   Non-Class:  15.70 MB
       Class:  9.92 MB
        Both:  25.62 MB

MaxMetaspaceSize: unlimited
CompressedClassSpaceSize: 1.00 GB
Initial GC threshold: 21.00 MB
Current GC threshold: 58.38 MB
CDS: on
 - commit_granule_bytes: 65536.
 - commit_granule_words: 8192.
 - virtual_space_node_default_size: 8388608.
 - enlarge_chunks_in_place: 1.
 - use_allocation_guard: 0.


Internal statistics:

num_allocs_failed_limit: 8.
num_arena_births: 1020.
num_arena_deaths: 14.
num_vsnodes_births: 2.
num_vsnodes_deaths: 0.
num_space_committed: 865.
num_space_uncommitted: 0.
num_chunks_returned_to_freelist: 22.
num_chunks_taken_from_freelist: 3490.
num_chunk_merges: 9.
num_chunk_splits: 2175.
num_chunks_enlarged: 1235.
num_inconsistent_stats: 0.

CodeHeap 'non-profiled nmethods': size=119168Kb used=5777Kb max_used=5777Kb free=113390Kb
 bounds [0x000002d45a660000, 0x000002d45ac10000, 0x000002d461ac0000]
CodeHeap 'profiled nmethods': size=119104Kb used=17524Kb max_used=17524Kb free=101579Kb
 bounds [0x000002d452ac0000, 0x000002d453be0000, 0x000002d459f10000]
CodeHeap 'non-nmethods': size=7488Kb used=3108Kb max_used=3157Kb free=4380Kb
 bounds [0x000002d459f10000, 0x000002d45a230000, 0x000002d45a660000]
 total_blobs=8610 nmethods=7900 adapters=610
 compilation: enabled
              stopped_count=0, restarted_count=0
 full_count=0

Compilation events (20 events):
Event: 6.680 Thread 0x000002d4654766f0 8528       3       java.lang.invoke.LambdaForm$MH/0x000002d4011d0c00::linkToTargetMethod (12 bytes)
Event: 6.680 Thread 0x000002d4654b7470 8529       3       java.lang.invoke.LambdaForm$DMH/0x000002d4011d0800::newInvokeSpecial (28 bytes)
Event: 6.681 Thread 0x000002d4654766f0 nmethod 8528 0x000002d453bd8e90 code [0x000002d453bd9060, 0x000002d453bd94b0]
Event: 6.681 Thread 0x000002d4654b7470 nmethod 8529 0x000002d453bd9590 code [0x000002d453bd9780, 0x000002d453bd9f20]
Event: 6.690 Thread 0x000002d46c079660 8537       3       java.util.Collections$SetFromMap::iterator (10 bytes)
Event: 6.690 Thread 0x000002d4654766f0 8539       3       java.util.IdentityHashMap$KeyIterator::<init> (6 bytes)
Event: 6.690 Thread 0x000002d4654b7470 8538       3       java.util.IdentityHashMap$KeySet::iterator (12 bytes)
Event: 6.690 Thread 0x000002d46539b0a0 8541       3       java.util.IdentityHashMap$IdentityHashMapIterator::hasNext (50 bytes)
Event: 6.691 Thread 0x000002d46c079660 nmethod 8537 0x000002d453bda110 code [0x000002d453bda2c0, 0x000002d453bda498]
Event: 6.691 Thread 0x000002d4654b7470 nmethod 8538 0x000002d453bda590 code [0x000002d453bda740, 0x000002d453bda950]
Event: 6.691 Thread 0x000002d46c079660 8540       3       java.util.IdentityHashMap$IdentityHashMapIterator::<init> (63 bytes)
Event: 6.691 Thread 0x000002d4654766f0 nmethod 8539 0x000002d453bdaa90 code [0x000002d453bdac40, 0x000002d453bdad78]
Event: 6.691 Thread 0x000002d46539b0a0 nmethod 8541 0x000002d453bdae10 code [0x000002d453bdafc0, 0x000002d453bdb208]
Event: 6.691 Thread 0x000002d46c079660 nmethod 8540 0x000002d453bdb310 code [0x000002d453bdb4c0, 0x000002d453bdb6e0]
Event: 6.692 Thread 0x000002d465398790 nmethod 8495% 0x000002d45abfaa90 code [0x000002d45abfaf00, 0x000002d45abfe518]
Event: 6.692 Thread 0x000002d465398790 8531       4       org.eclipse.jdt.core.compiler.CharOperation::subarray (47 bytes)
Event: 6.693 Thread 0x000002d465398790 nmethod 8531 0x000002d45ac00690 code [0x000002d45ac00840, 0x000002d45ac00aa0]
Event: 6.693 Thread 0x000002d465398790 8545 %     4       org.eclipse.jdt.internal.core.search.indexing.BinaryIndexer::extractReferenceFromConstantPool @ 155 (358 bytes)
Event: 6.695 Thread 0x000002d46c07bf40 nmethod 8497 0x000002d45ac00c10 code [0x000002d45ac00ea0, 0x000002d45ac03290]
Event: 6.695 Thread 0x000002d46c07bf40 8532       4       jdk.internal.jrtfs.JrtFileSystem::getPath (102 bytes)

GC Heap History (20 events):
Event: 6.360 GC heap after
{Heap after GC invocations=49 (full 2):
 PSYoungGen      total 12800K, used 2281K [0x00000000eab00000, 0x00000000eba00000, 0x0000000100000000)
  eden space 10240K, 0% used [0x00000000eab00000,0x00000000eab00000,0x00000000eb500000)
  from space 2560K, 89% used [0x00000000eb600000,0x00000000eb83a600,0x00000000eb880000)
  to   space 1536K, 0% used [0x00000000eb880000,0x00000000eb880000,0x00000000eba00000)
 ParOldGen       total 109568K, used 109551K [0x00000000c0000000, 0x00000000c6b00000, 0x00000000eab00000)
  object space 109568K, 99% used [0x00000000c0000000,0x00000000c6afbff8,0x00000000c6b00000)
 Metaspace       used 51860K, committed 53120K, reserved 1114112K
  class space    used 5421K, committed 6016K, reserved 1048576K
}
Event: 6.373 GC heap before
{Heap before GC invocations=50 (full 2):
 PSYoungGen      total 12800K, used 12521K [0x00000000eab00000, 0x00000000eba00000, 0x0000000100000000)
  eden space 10240K, 100% used [0x00000000eab00000,0x00000000eb500000,0x00000000eb500000)
  from space 2560K, 89% used [0x00000000eb600000,0x00000000eb83a600,0x00000000eb880000)
  to   space 1536K, 0% used [0x00000000eb880000,0x00000000eb880000,0x00000000eba00000)
 ParOldGen       total 109568K, used 109551K [0x00000000c0000000, 0x00000000c6b00000, 0x00000000eab00000)
  object space 109568K, 99% used [0x00000000c0000000,0x00000000c6afbff8,0x00000000c6b00000)
 Metaspace       used 51861K, committed 53120K, reserved 1114112K
  class space    used 5421K, committed 6016K, reserved 1048576K
}
Event: 6.376 GC heap after
{Heap after GC invocations=50 (full 2):
 PSYoungGen      total 11776K, used 1084K [0x00000000eab00000, 0x00000000eba00000, 0x0000000100000000)
  eden space 10240K, 0% used [0x00000000eab00000,0x00000000eab00000,0x00000000eb500000)
  from space 1536K, 70% used [0x00000000eb880000,0x00000000eb98f390,0x00000000eba00000)
  to   space 1536K, 0% used [0x00000000eb700000,0x00000000eb700000,0x00000000eb880000)
 ParOldGen       total 112640K, used 112621K [0x00000000c0000000, 0x00000000c6e00000, 0x00000000eab00000)
  object space 112640K, 99% used [0x00000000c0000000,0x00000000c6dfb7f0,0x00000000c6e00000)
 Metaspace       used 51861K, committed 53120K, reserved 1114112K
  class space    used 5421K, committed 6016K, reserved 1048576K
}
Event: 6.405 GC heap before
{Heap before GC invocations=51 (full 2):
 PSYoungGen      total 11776K, used 11324K [0x00000000eab00000, 0x00000000eba00000, 0x0000000100000000)
  eden space 10240K, 100% used [0x00000000eab00000,0x00000000eb500000,0x00000000eb500000)
  from space 1536K, 70% used [0x00000000eb880000,0x00000000eb98f390,0x00000000eba00000)
  to   space 1536K, 0% used [0x00000000eb700000,0x00000000eb700000,0x00000000eb880000)
 ParOldGen       total 112640K, used 112621K [0x00000000c0000000, 0x00000000c6e00000, 0x00000000eab00000)
  object space 112640K, 99% used [0x00000000c0000000,0x00000000c6dfb7f0,0x00000000c6e00000)
 Metaspace       used 52244K, committed 53504K, reserved 1114112K
  class space    used 5450K, committed 6016K, reserved 1048576K
}
Event: 6.406 GC heap after
{Heap after GC invocations=51 (full 2):
 PSYoungGen      total 10752K, used 224K [0x00000000eab00000, 0x00000000eb900000, 0x0000000100000000)
  eden space 10240K, 0% used [0x00000000eab00000,0x00000000eab00000,0x00000000eb500000)
  from space 512K, 43% used [0x00000000eb700000,0x00000000eb738000,0x00000000eb780000)
  to   space 1024K, 0% used [0x00000000eb800000,0x00000000eb800000,0x00000000eb900000)
 ParOldGen       total 113152K, used 113025K [0x00000000c0000000, 0x00000000c6e80000, 0x00000000eab00000)
  object space 113152K, 99% used [0x00000000c0000000,0x00000000c6e606b8,0x00000000c6e80000)
 Metaspace       used 52244K, committed 53504K, reserved 1114112K
  class space    used 5450K, committed 6016K, reserved 1048576K
}
Event: 6.430 GC heap before
{Heap before GC invocations=52 (full 2):
 PSYoungGen      total 10752K, used 10464K [0x00000000eab00000, 0x00000000eb900000, 0x0000000100000000)
  eden space 10240K, 100% used [0x00000000eab00000,0x00000000eb500000,0x00000000eb500000)
  from space 512K, 43% used [0x00000000eb700000,0x00000000eb738000,0x00000000eb780000)
  to   space 1024K, 0% used [0x00000000eb800000,0x00000000eb800000,0x00000000eb900000)
 ParOldGen       total 113152K, used 113025K [0x00000000c0000000, 0x00000000c6e80000, 0x00000000eab00000)
  object space 113152K, 99% used [0x00000000c0000000,0x00000000c6e606b8,0x00000000c6e80000)
 Metaspace       used 52825K, committed 54080K, reserved 1114112K
  class space    used 5509K, committed 6080K, reserved 1048576K
}
Event: 6.431 GC heap after
{Heap after GC invocations=52 (full 2):
 PSYoungGen      total 11264K, used 1001K [0x00000000eab00000, 0x00000000eb900000, 0x0000000100000000)
  eden space 10240K, 0% used [0x00000000eab00000,0x00000000eab00000,0x00000000eb500000)
  from space 1024K, 97% used [0x00000000eb800000,0x00000000eb8fa740,0x00000000eb900000)
  to   space 2048K, 0% used [0x00000000eb500000,0x00000000eb500000,0x00000000eb700000)
 ParOldGen       total 114176K, used 113724K [0x00000000c0000000, 0x00000000c6f80000, 0x00000000eab00000)
  object space 114176K, 99% used [0x00000000c0000000,0x00000000c6f0f3f8,0x00000000c6f80000)
 Metaspace       used 52825K, committed 54080K, reserved 1114112K
  class space    used 5509K, committed 6080K, reserved 1048576K
}
Event: 6.465 GC heap before
{Heap before GC invocations=53 (full 2):
 PSYoungGen      total 11264K, used 11241K [0x00000000eab00000, 0x00000000eb900000, 0x0000000100000000)
  eden space 10240K, 100% used [0x00000000eab00000,0x00000000eb500000,0x00000000eb500000)
  from space 1024K, 97% used [0x00000000eb800000,0x00000000eb8fa740,0x00000000eb900000)
  to   space 2048K, 0% used [0x00000000eb500000,0x00000000eb500000,0x00000000eb700000)
 ParOldGen       total 114176K, used 113724K [0x00000000c0000000, 0x00000000c6f80000, 0x00000000eab00000)
  object space 114176K, 99% used [0x00000000c0000000,0x00000000c6f0f3f8,0x00000000c6f80000)
 Metaspace       used 53469K, committed 54720K, reserved 1114112K
  class space    used 5533K, committed 6080K, reserved 1048576K
}
Event: 6.467 GC heap after
{Heap after GC invocations=53 (full 2):
 PSYoungGen      total 12288K, used 2046K [0x00000000eab00000, 0x00000000ebc00000, 0x0000000100000000)
  eden space 10240K, 0% used [0x00000000eab00000,0x00000000eab00000,0x00000000eb500000)
  from space 2048K, 99% used [0x00000000eb500000,0x00000000eb6ff930,0x00000000eb700000)
  to   space 3584K, 0% used [0x00000000eb880000,0x00000000eb880000,0x00000000ebc00000)
 ParOldGen       total 115200K, used 114869K [0x00000000c0000000, 0x00000000c7080000, 0x00000000eab00000)
  object space 115200K, 99% used [0x00000000c0000000,0x00000000c702d678,0x00000000c7080000)
 Metaspace       used 53469K, committed 54720K, reserved 1114112K
  class space    used 5533K, committed 6080K, reserved 1048576K
}
Event: 6.503 GC heap before
{Heap before GC invocations=54 (full 2):
 PSYoungGen      total 12288K, used 12231K [0x00000000eab00000, 0x00000000ebc00000, 0x0000000100000000)
  eden space 10240K, 99% used [0x00000000eab00000,0x00000000eb4f22f0,0x00000000eb500000)
  from space 2048K, 99% used [0x00000000eb500000,0x00000000eb6ff930,0x00000000eb700000)
  to   space 3584K, 0% used [0x00000000eb880000,0x00000000eb880000,0x00000000ebc00000)
 ParOldGen       total 115200K, used 114869K [0x00000000c0000000, 0x00000000c7080000, 0x00000000eab00000)
  object space 115200K, 99% used [0x00000000c0000000,0x00000000c702d678,0x00000000c7080000)
 Metaspace       used 53569K, committed 54848K, reserved 1114112K
  class space    used 5541K, committed 6144K, reserved 1048576K
}
Event: 6.506 GC heap after
{Heap after GC invocations=54 (full 2):
 PSYoungGen      total 12800K, used 2145K [0x00000000eab00000, 0x00000000ebb00000, 0x0000000100000000)
  eden space 10240K, 0% used [0x00000000eab00000,0x00000000eab00000,0x00000000eb500000)
  from space 2560K, 83% used [0x00000000eb880000,0x00000000eba98420,0x00000000ebb00000)
  to   space 2560K, 0% used [0x00000000eb600000,0x00000000eb600000,0x00000000eb880000)
 ParOldGen       total 117248K, used 116841K [0x00000000c0000000, 0x00000000c7280000, 0x00000000eab00000)
  object space 117248K, 99% used [0x00000000c0000000,0x00000000c721a518,0x00000000c7280000)
 Metaspace       used 53569K, committed 54848K, reserved 1114112K
  class space    used 5541K, committed 6144K, reserved 1048576K
}
Event: 6.535 GC heap before
{Heap before GC invocations=55 (full 2):
 PSYoungGen      total 12800K, used 12385K [0x00000000eab00000, 0x00000000ebb00000, 0x0000000100000000)
  eden space 10240K, 100% used [0x00000000eab00000,0x00000000eb500000,0x00000000eb500000)
  from space 2560K, 83% used [0x00000000eb880000,0x00000000eba98420,0x00000000ebb00000)
  to   space 2560K, 0% used [0x00000000eb600000,0x00000000eb600000,0x00000000eb880000)
 ParOldGen       total 117248K, used 116841K [0x00000000c0000000, 0x00000000c7280000, 0x00000000eab00000)
  object space 117248K, 99% used [0x00000000c0000000,0x00000000c721a518,0x00000000c7280000)
 Metaspace       used 53616K, committed 54912K, reserved 1114112K
  class space    used 5559K, committed 6144K, reserved 1048576K
}
Event: 6.537 GC heap after
{Heap after GC invocations=55 (full 2):
 PSYoungGen      total 12288K, used 1778K [0x00000000eab00000, 0x00000000eb900000, 0x0000000100000000)
  eden space 10240K, 0% used [0x00000000eab00000,0x00000000eab00000,0x00000000eb500000)
  from space 2048K, 86% used [0x00000000eb600000,0x00000000eb7bca50,0x00000000eb800000)
  to   space 1024K, 0% used [0x00000000eb800000,0x00000000eb800000,0x00000000eb900000)
 ParOldGen       total 119296K, used 118822K [0x00000000c0000000, 0x00000000c7480000, 0x00000000eab00000)
  object space 119296K, 99% used [0x00000000c0000000,0x00000000c74098f8,0x00000000c7480000)
 Metaspace       used 53616K, committed 54912K, reserved 1114112K
  class space    used 5559K, committed 6144K, reserved 1048576K
}
Event: 6.569 GC heap before
{Heap before GC invocations=56 (full 2):
 PSYoungGen      total 12288K, used 12018K [0x00000000eab00000, 0x00000000eb900000, 0x0000000100000000)
  eden space 10240K, 100% used [0x00000000eab00000,0x00000000eb500000,0x00000000eb500000)
  from space 2048K, 86% used [0x00000000eb600000,0x00000000eb7bca50,0x00000000eb800000)
  to   space 1024K, 0% used [0x00000000eb800000,0x00000000eb800000,0x00000000eb900000)
 ParOldGen       total 119296K, used 118822K [0x00000000c0000000, 0x00000000c7480000, 0x00000000eab00000)
  object space 119296K, 99% used [0x00000000c0000000,0x00000000c74098f8,0x00000000c7480000)
 Metaspace       used 53675K, committed 54976K, reserved 1114112K
  class space    used 5579K, committed 6144K, reserved 1048576K
}
Event: 6.571 GC heap after
{Heap after GC invocations=56 (full 2):
 PSYoungGen      total 10752K, used 1021K [0x00000000eab00000, 0x00000000ebc00000, 0x0000000100000000)
  eden space 9728K, 0% used [0x00000000eab00000,0x00000000eab00000,0x00000000eb480000)
  from space 1024K, 99% used [0x00000000eb800000,0x00000000eb8ff528,0x00000000eb900000)
  to   space 3584K, 0% used [0x00000000eb480000,0x00000000eb480000,0x00000000eb800000)
 ParOldGen       total 121344K, used 121018K [0x00000000c0000000, 0x00000000c7680000, 0x00000000eab00000)
  object space 121344K, 99% used [0x00000000c0000000,0x00000000c762eb88,0x00000000c7680000)
 Metaspace       used 53675K, committed 54976K, reserved 1114112K
  class space    used 5579K, committed 6144K, reserved 1048576K
}
Event: 6.607 GC heap before
{Heap before GC invocations=57 (full 2):
 PSYoungGen      total 10752K, used 10749K [0x00000000eab00000, 0x00000000ebc00000, 0x0000000100000000)
  eden space 9728K, 100% used [0x00000000eab00000,0x00000000eb480000,0x00000000eb480000)
  from space 1024K, 99% used [0x00000000eb800000,0x00000000eb8ff528,0x00000000eb900000)
  to   space 3584K, 0% used [0x00000000eb480000,0x00000000eb480000,0x00000000eb800000)
 ParOldGen       total 121344K, used 121018K [0x00000000c0000000, 0x00000000c7680000, 0x00000000eab00000)
  object space 121344K, 99% used [0x00000000c0000000,0x00000000c762eb88,0x00000000c7680000)
 Metaspace       used 53742K, committed 54976K, reserved 1114112K
  class space    used 5589K, committed 6144K, reserved 1048576K
}
Event: 6.610 GC heap after
{Heap after GC invocations=57 (full 2):
 PSYoungGen      total 11776K, used 1971K [0x00000000eab00000, 0x00000000eb980000, 0x0000000100000000)
  eden space 9728K, 0% used [0x00000000eab00000,0x00000000eab00000,0x00000000eb480000)
  from space 2048K, 96% used [0x00000000eb480000,0x00000000eb66cdb8,0x00000000eb680000)
  to   space 2560K, 0% used [0x00000000eb700000,0x00000000eb700000,0x00000000eb980000)
 ParOldGen       total 122368K, used 122042K [0x00000000c0000000, 0x00000000c7780000, 0x00000000eab00000)
  object space 122368K, 99% used [0x00000000c0000000,0x00000000c772e9b8,0x00000000c7780000)
 Metaspace       used 53742K, committed 54976K, reserved 1114112K
  class space    used 5589K, committed 6144K, reserved 1048576K
}
Event: 6.663 GC heap before
{Heap before GC invocations=58 (full 2):
 PSYoungGen      total 11776K, used 11699K [0x00000000eab00000, 0x00000000eb980000, 0x0000000100000000)
  eden space 9728K, 100% used [0x00000000eab00000,0x00000000eb480000,0x00000000eb480000)
  from space 2048K, 96% used [0x00000000eb480000,0x00000000eb66cdb8,0x00000000eb680000)
  to   space 2560K, 0% used [0x00000000eb700000,0x00000000eb700000,0x00000000eb980000)
 ParOldGen       total 122368K, used 122042K [0x00000000c0000000, 0x00000000c7780000, 0x00000000eab00000)
  object space 122368K, 99% used [0x00000000c0000000,0x00000000c772e9b8,0x00000000c7780000)
 Metaspace       used 53846K, committed 55168K, reserved 1114112K
  class space    used 5598K, committed 6144K, reserved 1048576K
}
Event: 6.665 GC heap after
{Heap after GC invocations=58 (full 2):
 PSYoungGen      total 11776K, used 1950K [0x00000000eab00000, 0x00000000eb900000, 0x0000000100000000)
  eden space 9728K, 0% used [0x00000000eab00000,0x00000000eab00000,0x00000000eb480000)
  from space 2048K, 95% used [0x00000000eb700000,0x00000000eb8e7ab8,0x00000000eb900000)
  to   space 2048K, 0% used [0x00000000eb480000,0x00000000eb480000,0x00000000eb680000)
 ParOldGen       total 123904K, used 123809K [0x00000000c0000000, 0x00000000c7900000, 0x00000000eab00000)
  object space 123904K, 99% used [0x00000000c0000000,0x00000000c78e8468,0x00000000c7900000)
 Metaspace       used 53846K, committed 55168K, reserved 1114112K
  class space    used 5598K, committed 6144K, reserved 1048576K
}
Event: 6.702 GC heap before
{Heap before GC invocations=59 (full 2):
 PSYoungGen      total 11776K, used 11678K [0x00000000eab00000, 0x00000000eb900000, 0x0000000100000000)
  eden space 9728K, 100% used [0x00000000eab00000,0x00000000eb480000,0x00000000eb480000)
  from space 2048K, 95% used [0x00000000eb700000,0x00000000eb8e7ab8,0x00000000eb900000)
  to   space 2048K, 0% used [0x00000000eb480000,0x00000000eb480000,0x00000000eb680000)
 ParOldGen       total 123904K, used 123809K [0x00000000c0000000, 0x00000000c7900000, 0x00000000eab00000)
  object space 123904K, 99% used [0x00000000c0000000,0x00000000c78e8468,0x00000000c7900000)
 Metaspace       used 53949K, committed 55296K, reserved 1114112K
  class space    used 5605K, committed 6208K, reserved 1048576K
}

Dll operation events (10 events):
Event: 0.004 Loaded shared library c:\Users\Admin\.cursor\extensions\redhat.java-1.41.1-win32-x64\jre\21.0.6-win32-x86_64\bin\java.dll
Event: 0.072 Loaded shared library c:\Users\Admin\.cursor\extensions\redhat.java-1.41.1-win32-x64\jre\21.0.6-win32-x86_64\bin\zip.dll
Event: 0.092 Loaded shared library C:\Users\Admin\.cursor\extensions\redhat.java-1.41.1-win32-x64\jre\21.0.6-win32-x86_64\bin\instrument.dll
Event: 0.095 Loaded shared library C:\Users\Admin\.cursor\extensions\redhat.java-1.41.1-win32-x64\jre\21.0.6-win32-x86_64\bin\net.dll
Event: 0.097 Loaded shared library C:\Users\Admin\.cursor\extensions\redhat.java-1.41.1-win32-x64\jre\21.0.6-win32-x86_64\bin\nio.dll
Event: 0.099 Loaded shared library C:\Users\Admin\.cursor\extensions\redhat.java-1.41.1-win32-x64\jre\21.0.6-win32-x86_64\bin\zip.dll
Event: 0.113 Loaded shared library C:\Users\Admin\.cursor\extensions\redhat.java-1.41.1-win32-x64\jre\21.0.6-win32-x86_64\bin\jimage.dll
Event: 0.167 Loaded shared library c:\Users\Admin\.cursor\extensions\redhat.java-1.41.1-win32-x64\jre\21.0.6-win32-x86_64\bin\verify.dll
Event: 1.182 Loaded shared library C:\Users\Admin\AppData\Roaming\Cursor\User\globalStorage\redhat.java\1.41.1\config_win\org.eclipse.equinox.launcher\org.eclipse.equinox.launcher.win32.win32.x86_64_1.2.1300.v20250331-1702\eclipse_11911.dll
Event: 2.846 Loaded shared library C:\Users\Admin\AppData\Local\Temp\jna-63116079\jna1317928123435752287.dll

Deoptimization events (20 events):
Event: 6.545 Thread 0x000002d46ba9c270 DEOPT PACKING pc=0x000002d453154f39 sp=0x000000d829ff8f90
Event: 6.545 Thread 0x000002d46ba9c270 DEOPT UNPACKING pc=0x000002d459f64242 sp=0x000000d829ff8490 mode 0
Event: 6.547 Thread 0x000002d46ba9c270 DEOPT PACKING pc=0x000002d45346620d sp=0x000000d829ff93a0
Event: 6.547 Thread 0x000002d46ba9c270 DEOPT UNPACKING pc=0x000002d459f64242 sp=0x000000d829ff8850 mode 0
Event: 6.578 Thread 0x000002d46ba9c270 DEOPT PACKING pc=0x000002d45346620d sp=0x000000d829ffbd80
Event: 6.578 Thread 0x000002d46ba9c270 DEOPT UNPACKING pc=0x000002d459f64242 sp=0x000000d829ffb230 mode 0
Event: 6.590 Thread 0x000002d46ba9c270 DEOPT PACKING pc=0x000002d45346620d sp=0x000000d829ffbb20
Event: 6.590 Thread 0x000002d46ba9c270 DEOPT UNPACKING pc=0x000002d459f64242 sp=0x000000d829ffafd0 mode 0
Event: 6.604 Thread 0x000002d46ba9c270 DEOPT PACKING pc=0x000002d45346620d sp=0x000000d829ffbb20
Event: 6.605 Thread 0x000002d46ba9c270 DEOPT UNPACKING pc=0x000002d459f64242 sp=0x000000d829ffafd0 mode 0
Event: 6.625 Thread 0x000002d46ba9c270 DEOPT PACKING pc=0x000002d45346620d sp=0x000000d829ffbb20
Event: 6.625 Thread 0x000002d46ba9c270 DEOPT UNPACKING pc=0x000002d459f64242 sp=0x000000d829ffafd0 mode 0
Event: 6.659 Thread 0x000002d46ba9c270 DEOPT PACKING pc=0x000002d45346620d sp=0x000000d829ffca70
Event: 6.659 Thread 0x000002d46ba9c270 DEOPT UNPACKING pc=0x000002d459f64242 sp=0x000000d829ffbf20 mode 0
Event: 6.668 Thread 0x000002d46ba9c270 DEOPT PACKING pc=0x000002d45346620d sp=0x000000d829ff9340
Event: 6.668 Thread 0x000002d46ba9c270 DEOPT UNPACKING pc=0x000002d459f64242 sp=0x000000d829ff87f0 mode 0
Event: 6.685 Thread 0x000002d46ba9c270 DEOPT PACKING pc=0x000002d45346620d sp=0x000000d829ffc9a0
Event: 6.685 Thread 0x000002d46ba9c270 DEOPT UNPACKING pc=0x000002d459f64242 sp=0x000000d829ffbe50 mode 0
Event: 6.697 Thread 0x000002d46ba9bbe0 DEOPT PACKING pc=0x000002d453b6ccd3 sp=0x000000d829cfe850
Event: 6.697 Thread 0x000002d46ba9bbe0 DEOPT UNPACKING pc=0x000002d459f64242 sp=0x000000d829cfddd0 mode 0

Classes loaded (20 events):
Event: 6.010 Loading class sun/security/provider/MD5
Event: 6.011 Loading class sun/security/provider/MD5 done
Event: 6.011 Loading class sun/security/provider/ByteArrayAccess$LE
Event: 6.011 Loading class sun/security/provider/ByteArrayAccess$LE done
Event: 6.014 Loading class java/util/stream/MatchOps$MatchKind
Event: 6.014 Loading class java/util/stream/MatchOps$MatchKind done
Event: 6.014 Loading class java/util/stream/MatchOps
Event: 6.015 Loading class java/util/stream/MatchOps done
Event: 6.015 Loading class java/util/stream/MatchOps$MatchOp
Event: 6.015 Loading class java/util/stream/MatchOps$MatchOp done
Event: 6.015 Loading class java/util/stream/MatchOps$BooleanTerminalSink
Event: 6.015 Loading class java/util/stream/MatchOps$BooleanTerminalSink done
Event: 6.015 Loading class java/util/stream/MatchOps$1MatchSink
Event: 6.016 Loading class java/util/stream/MatchOps$1MatchSink done
Event: 6.125 Loading class jdk/internal/math/FormattedFPDecimal
Event: 6.125 Loading class jdk/internal/math/FormattedFPDecimal done
Event: 6.148 Loading class java/util/concurrent/ForkJoinTask$AdaptedCallable
Event: 6.148 Loading class java/util/concurrent/ForkJoinTask$AdaptedCallable done
Event: 6.635 Loading class java/util/Vector$1
Event: 6.636 Loading class java/util/Vector$1 done

Classes unloaded (7 events):
Event: 3.263 Thread 0x000002d44f97f9e0 Unloading class 0x000002d401195400 'java/lang/invoke/LambdaForm$MH+0x000002d401195400'
Event: 3.263 Thread 0x000002d44f97f9e0 Unloading class 0x000002d401195000 'java/lang/invoke/LambdaForm$MH+0x000002d401195000'
Event: 3.263 Thread 0x000002d44f97f9e0 Unloading class 0x000002d401194c00 'java/lang/invoke/LambdaForm$MH+0x000002d401194c00'
Event: 3.263 Thread 0x000002d44f97f9e0 Unloading class 0x000002d401194800 'java/lang/invoke/LambdaForm$MH+0x000002d401194800'
Event: 3.263 Thread 0x000002d44f97f9e0 Unloading class 0x000002d401194400 'java/lang/invoke/LambdaForm$BMH+0x000002d401194400'
Event: 3.263 Thread 0x000002d44f97f9e0 Unloading class 0x000002d401194000 'java/lang/invoke/LambdaForm$DMH+0x000002d401194000'
Event: 3.263 Thread 0x000002d44f97f9e0 Unloading class 0x000002d401192c00 'java/lang/invoke/LambdaForm$DMH+0x000002d401192c00'

Classes redefined (0 events):
No events

Internal exceptions (20 events):
Event: 5.871 Thread 0x000002d46ed273e0 Exception <a 'java/lang/IncompatibleClassChangeError'{0x00000000eb6fca18}: Found class java.lang.Object, but interface was expected> (0x00000000eb6fca18) 
thrown [s\src\hotspot\share\interpreter\linkResolver.cpp, line 840]
Event: 6.032 Thread 0x000002d46ed29b40 Exception <a 'java/lang/NoSuchMethodError'{0x00000000eba4d448}: 'int java.lang.invoke.DirectMethodHandle$Holder.invokeSpecialIFC(java.lang.Object, java.lang.Object, java.lang.Object, java.lang.Object)'> (0x00000000eba4d448) 
thrown [s\src\hotspot\share\interpreter\linkResolver.cpp, line 773]
Event: 6.147 Thread 0x000002d46ba9c270 Exception <a 'sun/nio/fs/WindowsException'{0x00000000eaec7f28}> (0x00000000eaec7f28) 
thrown [s\src\hotspot\share\prims\jni.cpp, line 520]
Event: 6.159 Thread 0x000002d46ba9c270 Exception <a 'sun/nio/fs/WindowsException'{0x00000000eb2b9e40}> (0x00000000eb2b9e40) 
thrown [s\src\hotspot\share\prims\jni.cpp, line 520]
Event: 6.160 Thread 0x000002d46ed245f0 Exception <a 'sun/nio/fs/WindowsException'{0x00000000eb03ed38}> (0x00000000eb03ed38) 
thrown [s\src\hotspot\share\prims\jni.cpp, line 520]
Event: 6.162 Thread 0x000002d46ed23f60 Exception <a 'sun/nio/fs/WindowsException'{0x00000000eb333d10}> (0x00000000eb333d10) 
thrown [s\src\hotspot\share\prims\jni.cpp, line 520]
Event: 6.162 Thread 0x000002d46ed28790 Exception <a 'sun/nio/fs/WindowsException'{0x00000000eb3469b0}> (0x00000000eb3469b0) 
thrown [s\src\hotspot\share\prims\jni.cpp, line 520]
Event: 6.163 Thread 0x000002d46ed23f60 Exception <a 'sun/nio/fs/WindowsException'{0x00000000eb3377e0}> (0x00000000eb3377e0) 
thrown [s\src\hotspot\share\prims\jni.cpp, line 520]
Event: 6.163 Thread 0x000002d46ed28790 Exception <a 'sun/nio/fs/WindowsException'{0x00000000eb348c88}> (0x00000000eb348c88) 
thrown [s\src\hotspot\share\prims\jni.cpp, line 520]
Event: 6.164 Thread 0x000002d46ed28e20 Exception <a 'sun/nio/fs/WindowsException'{0x00000000eb33dc50}> (0x00000000eb33dc50) 
thrown [s\src\hotspot\share\prims\jni.cpp, line 520]
Event: 6.165 Thread 0x000002d46ed24c80 Exception <a 'sun/nio/fs/WindowsException'{0x00000000eb3c79c8}> (0x00000000eb3c79c8) 
thrown [s\src\hotspot\share\prims\jni.cpp, line 520]
Event: 6.166 Thread 0x000002d46ed294b0 Exception <a 'sun/nio/fs/WindowsException'{0x00000000eb3d0768}> (0x00000000eb3d0768) 
thrown [s\src\hotspot\share\prims\jni.cpp, line 520]
Event: 6.166 Thread 0x000002d46ed28e20 Exception <a 'sun/nio/fs/WindowsException'{0x00000000eb33fff0}> (0x00000000eb33fff0) 
thrown [s\src\hotspot\share\prims\jni.cpp, line 520]
Event: 6.166 Thread 0x000002d46ed2a1d0 Exception <a 'sun/nio/fs/WindowsException'{0x00000000eb4322d8}> (0x00000000eb4322d8) 
thrown [s\src\hotspot\share\prims\jni.cpp, line 520]
Event: 6.166 Thread 0x000002d46ed294b0 Exception <a 'sun/nio/fs/WindowsException'{0x00000000eb3d1e30}> (0x00000000eb3d1e30) 
thrown [s\src\hotspot\share\prims\jni.cpp, line 520]
Event: 6.167 Thread 0x000002d46ed238d0 Exception <a 'sun/nio/fs/WindowsException'{0x00000000eb43b820}> (0x00000000eb43b820) 
thrown [s\src\hotspot\share\prims\jni.cpp, line 520]
Event: 6.167 Thread 0x000002d47b715ef0 Exception <a 'sun/nio/fs/WindowsException'{0x00000000eb42a118}> (0x00000000eb42a118) 
thrown [s\src\hotspot\share\prims\jni.cpp, line 520]
Event: 6.168 Thread 0x000002d46ed2a860 Exception <a 'sun/nio/fs/WindowsException'{0x00000000eb444e18}> (0x00000000eb444e18) 
thrown [s\src\hotspot\share\prims\jni.cpp, line 520]
Event: 6.170 Thread 0x000002d47b712a70 Exception <a 'sun/nio/fs/WindowsException'{0x00000000eb44e318}> (0x00000000eb44e318) 
thrown [s\src\hotspot\share\prims\jni.cpp, line 520]
Event: 6.417 Thread 0x000002d46ba9bbe0 Implicit null exception at 0x000002d45ab8894b to 0x000002d45ab8cdb8

ZGC Phase Switch (0 events):
No events

VM Operations (20 events):
Event: 6.360 Executing VM operation: ParallelGCFailedAllocation (Allocation Failure) done
Event: 6.373 Executing VM operation: ParallelGCFailedAllocation (Allocation Failure)
Event: 6.376 Executing VM operation: ParallelGCFailedAllocation (Allocation Failure) done
Event: 6.405 Executing VM operation: ParallelGCFailedAllocation (Allocation Failure)
Event: 6.407 Executing VM operation: ParallelGCFailedAllocation (Allocation Failure) done
Event: 6.430 Executing VM operation: ParallelGCFailedAllocation (Allocation Failure)
Event: 6.431 Executing VM operation: ParallelGCFailedAllocation (Allocation Failure) done
Event: 6.465 Executing VM operation: ParallelGCFailedAllocation (Allocation Failure)
Event: 6.467 Executing VM operation: ParallelGCFailedAllocation (Allocation Failure) done
Event: 6.503 Executing VM operation: ParallelGCFailedAllocation (Allocation Failure)
Event: 6.506 Executing VM operation: ParallelGCFailedAllocation (Allocation Failure) done
Event: 6.535 Executing VM operation: ParallelGCFailedAllocation (Allocation Failure)
Event: 6.537 Executing VM operation: ParallelGCFailedAllocation (Allocation Failure) done
Event: 6.569 Executing VM operation: ParallelGCFailedAllocation (Allocation Failure)
Event: 6.571 Executing VM operation: ParallelGCFailedAllocation (Allocation Failure) done
Event: 6.607 Executing VM operation: ParallelGCFailedAllocation (Allocation Failure)
Event: 6.610 Executing VM operation: ParallelGCFailedAllocation (Allocation Failure) done
Event: 6.663 Executing VM operation: ParallelGCFailedAllocation (Allocation Failure)
Event: 6.665 Executing VM operation: ParallelGCFailedAllocation (Allocation Failure) done
Event: 6.701 Executing VM operation: ParallelGCFailedAllocation (Allocation Failure)

Memory protections (0 events):
No events

Nmethod flushes (20 events):
Event: 4.036 Thread 0x000002d44f97f9e0 flushing  nmethod 0x000002d4531d0410
Event: 4.036 Thread 0x000002d44f97f9e0 flushing  nmethod 0x000002d4531d0d10
Event: 4.036 Thread 0x000002d44f97f9e0 flushing  nmethod 0x000002d4531d1f10
Event: 4.036 Thread 0x000002d44f97f9e0 flushing  nmethod 0x000002d4531d2710
Event: 4.036 Thread 0x000002d44f97f9e0 flushing  nmethod 0x000002d4531d3810
Event: 4.036 Thread 0x000002d44f97f9e0 flushing  nmethod 0x000002d4531d4910
Event: 4.036 Thread 0x000002d44f97f9e0 flushing  nmethod 0x000002d4531d5210
Event: 4.036 Thread 0x000002d44f97f9e0 flushing  nmethod 0x000002d4531d6610
Event: 4.036 Thread 0x000002d44f97f9e0 flushing  nmethod 0x000002d4531d8090
Event: 4.036 Thread 0x000002d44f97f9e0 flushing  nmethod 0x000002d4531d9b10
Event: 4.036 Thread 0x000002d44f97f9e0 flushing  nmethod 0x000002d453219410
Event: 4.036 Thread 0x000002d44f97f9e0 flushing  nmethod 0x000002d45321ff10
Event: 4.036 Thread 0x000002d44f97f9e0 flushing  nmethod 0x000002d453241110
Event: 4.036 Thread 0x000002d44f97f9e0 flushing  nmethod 0x000002d4532c1190
Event: 4.036 Thread 0x000002d44f97f9e0 flushing  nmethod 0x000002d4532e0e10
Event: 4.036 Thread 0x000002d44f97f9e0 flushing  nmethod 0x000002d453324a90
Event: 4.036 Thread 0x000002d44f97f9e0 flushing  nmethod 0x000002d453332410
Event: 4.036 Thread 0x000002d44f97f9e0 flushing  nmethod 0x000002d453332890
Event: 4.036 Thread 0x000002d44f97f9e0 flushing  nmethod 0x000002d453333810
Event: 4.036 Thread 0x000002d44f97f9e0 flushing  nmethod 0x000002d45337ba90

Events (20 events):
Event: 6.163 Thread 0x000002d46ed28790 Thread added: 0x000002d46ed2a860
Event: 6.163 Thread 0x000002d46ed28790 Thread added: 0x000002d46ed238d0
Event: 6.163 Thread 0x000002d46ed28e20 Thread added: 0x000002d47b710310
Event: 6.164 Thread 0x000002d46ed245f0 Thread added: 0x000002d47b713100
Event: 6.165 Thread 0x000002d46ed28e20 Thread added: 0x000002d47b715ef0
Event: 6.165 Thread 0x000002d46ed24c80 Thread added: 0x000002d47b712a70
Event: 6.211 Thread 0x000002d46ba9c270 Thread added: 0x000002d47b7144b0
Event: 6.211 Thread 0x000002d46ba9c270 Thread added: 0x000002d47b714b40
Event: 6.211 Thread 0x000002d46ba9c270 Thread added: 0x000002d47b7151d0
Event: 6.211 Thread 0x000002d46ba9c270 Thread added: 0x000002d47b711030
Event: 6.211 Thread 0x000002d46ba9c270 Thread added: 0x000002d47b715860
Event: 6.211 Thread 0x000002d46ba9c270 Thread added: 0x000002d47b711d50
Event: 6.212 Thread 0x000002d47b711030 Thread added: 0x000002d47b7123e0
Event: 6.212 Thread 0x000002d47b7151d0 Thread added: 0x000002d47b7116c0
Event: 6.212 Thread 0x000002d47b7144b0 Thread added: 0x000002d47b716580
Event: 6.212 Thread 0x000002d47b714b40 Thread added: 0x000002d47b713e20
Event: 6.212 Thread 0x000002d47b715860 Thread added: 0x000002d47b7109a0
Event: 6.213 Thread 0x000002d47b7116c0 Thread added: 0x000002d47b70f5f0
Event: 6.213 Thread 0x000002d46ba9c270 Thread added: 0x000002d47b716c10
Event: 6.213 Thread 0x000002d47b7109a0 Thread added: 0x000002d47a171240


Dynamic libraries:
0x00007ff63ab90000 - 0x00007ff63ab9e000 	c:\Users\Admin\.cursor\extensions\redhat.java-1.41.1-win32-x64\jre\21.0.6-win32-x86_64\bin\java.exe
0x00007ff9d7e10000 - 0x00007ff9d8008000 	C:\Windows\SYSTEM32\ntdll.dll
0x00007ff9d60f0000 - 0x00007ff9d61b2000 	C:\Windows\System32\KERNEL32.DLL
0x00007ff9d5760000 - 0x00007ff9d5a56000 	C:\Windows\System32\KERNELBASE.dll
0x00007ff9d5d20000 - 0x00007ff9d5e20000 	C:\Windows\System32\ucrtbase.dll
0x00007ff9b7800000 - 0x00007ff9b7818000 	c:\Users\Admin\.cursor\extensions\redhat.java-1.41.1-win32-x64\jre\21.0.6-win32-x86_64\bin\jli.dll
0x00007ff9b77e0000 - 0x00007ff9b77fe000 	c:\Users\Admin\.cursor\extensions\redhat.java-1.41.1-win32-x64\jre\21.0.6-win32-x86_64\bin\VCRUNTIME140.dll
0x00007ff9d6e00000 - 0x00007ff9d6f9d000 	C:\Windows\System32\USER32.dll
0x00007ff9c3890000 - 0x00007ff9c3b2a000 	C:\Windows\WinSxS\amd64_microsoft.windows.common-controls_6595b64144ccf1df_6.0.19041.4355_none_60b8b9eb71f62e16\COMCTL32.dll
0x00007ff9d5a60000 - 0x00007ff9d5a82000 	C:\Windows\System32\win32u.dll
0x00007ff9d7570000 - 0x00007ff9d759b000 	C:\Windows\System32\GDI32.dll
0x00007ff9d7230000 - 0x00007ff9d72ce000 	C:\Windows\System32\msvcrt.dll
0x00007ff9d5490000 - 0x00007ff9d55aa000 	C:\Windows\System32\gdi32full.dll
0x00007ff9d5b40000 - 0x00007ff9d5bdd000 	C:\Windows\System32\msvcp_win.dll
0x00007ff9d75a0000 - 0x00007ff9d75cf000 	C:\Windows\System32\IMM32.DLL
0x00007ff9cafa0000 - 0x00007ff9cafac000 	c:\Users\Admin\.cursor\extensions\redhat.java-1.41.1-win32-x64\jre\21.0.6-win32-x86_64\bin\vcruntime140_1.dll
0x00007ff9b13b0000 - 0x00007ff9b143d000 	c:\Users\Admin\.cursor\extensions\redhat.java-1.41.1-win32-x64\jre\21.0.6-win32-x86_64\bin\msvcp140.dll
0x00007ff974350000 - 0x00007ff9750e0000 	c:\Users\Admin\.cursor\extensions\redhat.java-1.41.1-win32-x64\jre\21.0.6-win32-x86_64\bin\server\jvm.dll
0x00007ff9d63c0000 - 0x00007ff9d6471000 	C:\Windows\System32\ADVAPI32.dll
0x00007ff9d72d0000 - 0x00007ff9d736f000 	C:\Windows\System32\sechost.dll
0x00007ff9d7440000 - 0x00007ff9d7563000 	C:\Windows\System32\RPCRT4.dll
0x00007ff9d5be0000 - 0x00007ff9d5c07000 	C:\Windows\System32\bcrypt.dll
0x00007ff9d7100000 - 0x00007ff9d716b000 	C:\Windows\System32\WS2_32.dll
0x00007ff9d3920000 - 0x00007ff9d3947000 	C:\Windows\SYSTEM32\WINMM.dll
0x00007ff9d49d0000 - 0x00007ff9d4a1b000 	C:\Windows\SYSTEM32\POWRPROF.dll
0x00007ff9cf720000 - 0x00007ff9cf72a000 	C:\Windows\SYSTEM32\VERSION.dll
0x00007ff9d4890000 - 0x00007ff9d48a2000 	C:\Windows\SYSTEM32\UMPDC.dll
0x00007ff9d3cb0000 - 0x00007ff9d3cc2000 	C:\Windows\SYSTEM32\kernel.appcore.dll
0x00007ff9c5a10000 - 0x00007ff9c5a1a000 	c:\Users\Admin\.cursor\extensions\redhat.java-1.41.1-win32-x64\jre\21.0.6-win32-x86_64\bin\jimage.dll
0x00007ff9d3730000 - 0x00007ff9d3914000 	C:\Windows\SYSTEM32\DBGHELP.DLL
0x00007ff9d2f40000 - 0x00007ff9d2f74000 	C:\Windows\SYSTEM32\dbgcore.DLL
0x00007ff9d5c90000 - 0x00007ff9d5d12000 	C:\Windows\System32\bcryptPrimitives.dll
0x00007ff9b9620000 - 0x00007ff9b962f000 	c:\Users\Admin\.cursor\extensions\redhat.java-1.41.1-win32-x64\jre\21.0.6-win32-x86_64\bin\instrument.dll
0x00007ff9b5430000 - 0x00007ff9b544f000 	c:\Users\Admin\.cursor\extensions\redhat.java-1.41.1-win32-x64\jre\21.0.6-win32-x86_64\bin\java.dll
0x00007ff9d7650000 - 0x00007ff9d7dbf000 	C:\Windows\System32\SHELL32.dll
0x00007ff9d2f80000 - 0x00007ff9d3723000 	C:\Windows\SYSTEM32\windows.storage.dll
0x00007ff9d6a40000 - 0x00007ff9d6d95000 	C:\Windows\System32\combase.dll
0x00007ff9d4ec0000 - 0x00007ff9d4eeb000 	C:\Windows\SYSTEM32\Wldp.dll
0x00007ff9d7370000 - 0x00007ff9d743d000 	C:\Windows\System32\OLEAUT32.dll
0x00007ff9d7180000 - 0x00007ff9d722d000 	C:\Windows\System32\SHCORE.dll
0x00007ff9d6300000 - 0x00007ff9d6355000 	C:\Windows\System32\shlwapi.dll
0x00007ff9d53c0000 - 0x00007ff9d53e5000 	C:\Windows\SYSTEM32\profapi.dll
0x00007ff9b4f90000 - 0x00007ff9b4fa8000 	c:\Users\Admin\.cursor\extensions\redhat.java-1.41.1-win32-x64\jre\21.0.6-win32-x86_64\bin\zip.dll
0x00007ff9c5370000 - 0x00007ff9c5380000 	C:\Users\Admin\.cursor\extensions\redhat.java-1.41.1-win32-x64\jre\21.0.6-win32-x86_64\bin\net.dll
0x00007ff9cb420000 - 0x00007ff9cb52a000 	C:\Windows\SYSTEM32\WINHTTP.dll
0x00007ff9d4c20000 - 0x00007ff9d4c8c000 	C:\Windows\system32\mswsock.dll
0x00007ff9b4f70000 - 0x00007ff9b4f86000 	C:\Users\Admin\.cursor\extensions\redhat.java-1.41.1-win32-x64\jre\21.0.6-win32-x86_64\bin\nio.dll
0x00007ff9b77d0000 - 0x00007ff9b77e0000 	c:\Users\Admin\.cursor\extensions\redhat.java-1.41.1-win32-x64\jre\21.0.6-win32-x86_64\bin\verify.dll
0x00007ff9b11a0000 - 0x00007ff9b11e5000 	C:\Users\Admin\AppData\Roaming\Cursor\User\globalStorage\redhat.java\1.41.1\config_win\org.eclipse.equinox.launcher\org.eclipse.equinox.launcher.win32.win32.x86_64_1.2.1300.v20250331-1702\eclipse_11911.dll
0x00007ff9d6fd0000 - 0x00007ff9d70fb000 	C:\Windows\System32\ole32.dll
0x00007ff9d4e20000 - 0x00007ff9d4e38000 	C:\Windows\SYSTEM32\CRYPTSP.dll
0x00007ff9d44d0000 - 0x00007ff9d4508000 	C:\Windows\system32\rsaenh.dll
0x00007ff9d5340000 - 0x00007ff9d536e000 	C:\Windows\SYSTEM32\USERENV.dll
0x00007ff9d4e10000 - 0x00007ff9d4e1c000 	C:\Windows\SYSTEM32\CRYPTBASE.dll
0x00007ff9d48b0000 - 0x00007ff9d48eb000 	C:\Windows\SYSTEM32\IPHLPAPI.DLL
0x00007ff9d6fa0000 - 0x00007ff9d6fa8000 	C:\Windows\System32\NSI.dll
0x00007ff9a7d70000 - 0x00007ff9a7db9000 	C:\Users\Admin\AppData\Local\Temp\jna-63116079\jna1317928123435752287.dll
0x00007ff9d7dc0000 - 0x00007ff9d7dc8000 	C:\Windows\System32\PSAPI.DLL
0x00007ff9cfdb0000 - 0x00007ff9cfdc7000 	C:\Windows\SYSTEM32\dhcpcsvc6.DLL
0x00007ff9d00e0000 - 0x00007ff9d00fd000 	C:\Windows\SYSTEM32\dhcpcsvc.DLL

dbghelp: loaded successfully - version: 4.0.5 - missing functions: none
symbol engine: initialized successfully - sym options: 0x614 - pdb path: .;c:\Users\Admin\.cursor\extensions\redhat.java-1.41.1-win32-x64\jre\21.0.6-win32-x86_64\bin;C:\Windows\SYSTEM32;C:\Windows\WinSxS\amd64_microsoft.windows.common-controls_6595b64144ccf1df_6.0.19041.4355_none_60b8b9eb71f62e16;c:\Users\Admin\.cursor\extensions\redhat.java-1.41.1-win32-x64\jre\21.0.6-win32-x86_64\bin\server;C:\Users\Admin\AppData\Roaming\Cursor\User\globalStorage\redhat.java\1.41.1\config_win\org.eclipse.equinox.launcher\org.eclipse.equinox.launcher.win32.win32.x86_64_1.2.1300.v20250331-1702;C:\Users\Admin\AppData\Local\Temp\jna-63116079

VM Arguments:
jvm_args: --add-modules=ALL-SYSTEM --add-opens=java.base/java.util=ALL-UNNAMED --add-opens=java.base/java.lang=ALL-UNNAMED --add-opens=java.base/sun.nio.fs=ALL-UNNAMED -Declipse.application=org.eclipse.jdt.ls.core.id1 -Dosgi.bundles.defaultStartLevel=4 -Declipse.product=org.eclipse.jdt.ls.core.product -Djava.import.generatesMetadataFilesAtProjectRoot=false -DDetectVMInstallationsJob.disabled=true -Dfile.encoding=utf8 -XX:+UseParallelGC -XX:GCTimeRatio=4 -XX:AdaptiveSizePolicyWeight=90 -Dsun.zip.disableMemoryMapping=true -Xmx1G -Xms100m -Xlog:disable -javaagent:c:\Users\Admin\.cursor\extensions\redhat.java-1.41.1-win32-x64\lombok\lombok-1.18.36.jar -XX:+HeapDumpOnOutOfMemoryError -XX:HeapDumpPath=c:\Users\Admin\AppData\Roaming\Cursor\User\workspaceStorage\dc388019188987a1ef9f9bad0029eda8\redhat.java -Daether.dependencyCollector.impl=bf 
java_command: c:\Users\Admin\.cursor\extensions\redhat.java-1.41.1-win32-x64\server\plugins\org.eclipse.equinox.launcher_1.7.0.v20250331-1702.jar -configuration c:\Users\Admin\AppData\Roaming\Cursor\User\globalStorage\redhat.java\1.41.1\config_win -data c:\Users\Admin\AppData\Roaming\Cursor\User\workspaceStorage\dc388019188987a1ef9f9bad0029eda8\redhat.java\jdt_ws --pipe=\\.\pipe\lsp-7ce89037a134c8be957198af11aa04fc-sock
java_class_path (initial): c:\Users\Admin\.cursor\extensions\redhat.java-1.41.1-win32-x64\server\plugins\org.eclipse.equinox.launcher_1.7.0.v20250331-1702.jar
Launcher Type: SUN_STANDARD

[Global flags]
    uintx AdaptiveSizePolicyWeight                 = 90                                        {product} {command line}
     intx CICompilerCount                          = 12                                        {product} {ergonomic}
    uintx GCTimeRatio                              = 4                                         {product} {command line}
     bool HeapDumpOnOutOfMemoryError               = true                                   {manageable} {command line}
    ccstr HeapDumpPath                             = c:\Users\Admin\AppData\Roaming\Cursor\User\workspaceStorage\dc388019188987a1ef9f9bad0029eda8\redhat.java         {manageable} {command line}
   size_t InitialHeapSize                          = 104857600                                 {product} {command line}
   size_t MaxHeapSize                              = 1073741824                                {product} {command line}
   size_t MaxNewSize                               = 357564416                                 {product} {ergonomic}
   size_t MinHeapDeltaBytes                        = 524288                                    {product} {ergonomic}
   size_t MinHeapSize                              = 104857600                                 {product} {command line}
   size_t NewSize                                  = 34603008                                  {product} {ergonomic}
    uintx NonNMethodCodeHeapSize                   = 7602480                                {pd product} {ergonomic}
    uintx NonProfiledCodeHeapSize                  = 122027880                              {pd product} {ergonomic}
   size_t OldSize                                  = 70254592                                  {product} {ergonomic}
    uintx ProfiledCodeHeapSize                     = 122027880                              {pd product} {ergonomic}
    uintx ReservedCodeCacheSize                    = 251658240                              {pd product} {ergonomic}
     bool SegmentedCodeCache                       = true                                      {product} {ergonomic}
   size_t SoftMaxHeapSize                          = 1073741824                             {manageable} {ergonomic}
     bool UseCompressedOops                        = true                           {product lp64_product} {ergonomic}
     bool UseLargePagesIndividualAllocation        = false                                  {pd product} {ergonomic}
     bool UseParallelGC                            = true                                      {product} {command line}

Logging:
Log output configuration:
 #0: stdout all=off uptime,level,tags foldmultilines=false
 #1: stderr all=off uptime,level,tags foldmultilines=false

Environment Variables:
PATH=c:\Users\Admin\AppData\Local\Programs\cursor\resources\app\bin;C:\Program Files\Common Files\Oracle\Java\javapath;C:\Windows\system32;C:\Windows;C:\Windows\System32\Wbem;C:\Windows\System32\WindowsPowerShell\v1.0\;C:\Windows\System32\OpenSSH\;C:\Program Files\Git\cmd;C:\Program Files\nodejs\;C:\Users\Admin\AppData\Local\Microsoft\WindowsApps;C:\Users\Admin\AppData\Roaming\npm;C:\Program Files\nodejs;c:\Users\Admin\AppData\Local\Programs\cursor\resources\app\bin;c:\Users\Admin\AppData\Local\Programs\cursor\resources\app\bin;C:\Program Files\dotnet\;C:\Program Files (x86)\Windows Kits\10\Windows Performance Toolkit\;C:\ProgramData\flutter\bin;C:\Users\Admin\AppData\Local\Programs\Microsoft VS Code\bin;C:\Users\Admin\AppData\Local\Programs\cursor\resources\app\bin;C:\Program Files\JetBrains\IntelliJ IDEA 2024.3.5\bin;C:\Users\Admin\.dotnet\tools
USERNAME=Admin
OS=Windows_NT
PROCESSOR_IDENTIFIER=AMD64 Family 25 Model 80 Stepping 0, AuthenticAMD
TMP=C:\Users\Admin\AppData\Local\Temp
TEMP=C:\Users\Admin\AppData\Local\Temp




Periodic native trim disabled

---------------  S Y S T E M  ---------------

OS:
 Windows 10 , 64 bit Build 19041 (10.0.19041.5678)
OS uptime: 1 days 4:26 hours

CPU: total 16 (initial active 16) (16 cores per cpu, 2 threads per core) family 25 model 80 stepping 0 microcode 0x0, cx8, cmov, fxsr, ht, mmx, 3dnowpref, sse, sse2, sse3, ssse3, sse4a, sse4.1, sse4.2, popcnt, lzcnt, tsc, tscinvbit, avx, avx2, aes, erms, clmul, bmi1, bmi2, adx, sha, fma, vzeroupper, clflush, clflushopt, rdtscp, rdpid, fsrm, f16c, pku, cet_ss
Processor Information for the first 16 processors :
  Max Mhz: 3201, Current Mhz: 3201, Mhz Limit: 3201

Memory: 4k page, system-wide physical 15734M (4846M free)
TotalPageFile size 23926M (AvailPageFile size 30M)
current process WorkingSet (physical memory assigned to process): 469M, peak: 470M
current process commit charge ("private bytes"): 494M, peak: 498M

vm_info: OpenJDK 64-Bit Server VM (21.0.6+7-LTS) for windows-amd64 JRE (21.0.6+7-LTS), built on 2025-01-21T00:00:00Z by "admin" with MS VC++ 17.7 (VS2022)

END.
